#! /c/Source/iverilog-install/bin/vvp
:ivl_version "12.0 (devel)" "(s20150603-1539-g2693dd32b)";
:ivl_delay_selection "TYPICAL";
:vpi_time_precision + 0;
:vpi_module "C:\iverilog\lib\ivl\system.vpi";
:vpi_module "C:\iverilog\lib\ivl\vhdl_sys.vpi";
:vpi_module "C:\iverilog\lib\ivl\vhdl_textio.vpi";
:vpi_module "C:\iverilog\lib\ivl\v2005_math.vpi";
:vpi_module "C:\iverilog\lib\ivl\va_math.vpi";
S_000001b017452720 .scope module, "mux8to1" "mux8to1" 2 2;
 .timescale 0 0;
    .port_info 0 /INPUT 8 "in";
    .port_info 1 /INPUT 3 "sel";
    .port_info 2 /OUTPUT 1 "out";
o000001b0174869e8 .functor BUFZ 8, C4<zzzzzzzz>; HiZ drive
v000001b0174528b0_0 .net "in", 7 0, o000001b0174869e8;  0 drivers
v000001b01743ef10_0 .net "out", 0 0, L_000001b0174529f0;  1 drivers
o000001b017486a48 .functor BUFZ 3, C4<zzz>; HiZ drive
v000001b017452950_0 .net "sel", 2 0, o000001b017486a48;  0 drivers
L_000001b0174529f0 .part/v o000001b0174869e8, o000001b017486a48, 1;
# The file index is used to find the file name in the following table.
:file_names 3;
    "N/A";
    "<interactive>";
    "8to1MUX.v";
