#! /c/Source/iverilog-install/bin/vvp
:ivl_version "12.0 (devel)" "(s20150603-1539-g2693dd32b)";
:ivl_delay_selection "TYPICAL";
:vpi_time_precision + 0;
:vpi_module "C:\iverilog\lib\ivl\system.vpi";
:vpi_module "C:\iverilog\lib\ivl\vhdl_sys.vpi";
:vpi_module "C:\iverilog\lib\ivl\vhdl_textio.vpi";
:vpi_module "C:\iverilog\lib\ivl\v2005_math.vpi";
:vpi_module "C:\iverilog\lib\ivl\va_math.vpi";
S_000001af1d53a380 .scope module, "mux8to1_tb" "mux8to1_tb" 2 3;
 .timescale 0 0;
v000001af1d53bcc0_0 .var "in", 7 0;
v000001af1d53bd60_0 .net "out", 0 0, L_000001af1d592760;  1 drivers
v000001af1d53be00_0 .var "sel", 2 0;
S_000001af1d53a510 .scope module, "DUT" "mux8to1" 2 8, 3 2 0, S_000001af1d53a380;
 .timescale 0 0;
    .port_info 0 /INPUT 8 "in";
    .port_info 1 /INPUT 3 "sel";
    .port_info 2 /OUTPUT 1 "out";
v000001af1d53a6a0_0 .net "in", 7 0, v000001af1d53bcc0_0;  1 drivers
v000001af1d53bb80_0 .net "out", 0 0, L_000001af1d592760;  alias, 1 drivers
v000001af1d53bc20_0 .net "sel", 2 0, v000001af1d53be00_0;  1 drivers
L_000001af1d592760 .part/v v000001af1d53bcc0_0, v000001af1d53be00_0, 1;
    .scope S_000001af1d53a380;
T_0 ;
    %vpi_call 2 12 "$dumpfile", "8to1mux.vcd" {0 0 0};
    %vpi_call 2 13 "$dumpvars", 32'sb00000000000000000000000000000000, S_000001af1d53a380 {0 0 0};
    %vpi_call 2 14 "$monitor", $time, " Input=%h, Select=%h, Output=%h", v000001af1d53bcc0_0, v000001af1d53be00_0, v000001af1d53bd60_0 {0 0 0};
    %pushi/vec4 85, 0, 8;
    %store/vec4 v000001af1d53bcc0_0, 0, 8;
    %pushi/vec4 0, 0, 3;
    %store/vec4 v000001af1d53be00_0, 0, 3;
T_0.0 ;
    %delay 5, 0;
    %load/vec4 v000001af1d53be00_0;
    %addi 1, 0, 3;
    %store/vec4 v000001af1d53be00_0, 0, 3;
    %jmp T_0.0;
    %delay 50, 0;
    %vpi_call 2 17 "$finish" {0 0 0};
    %end;
    .thread T_0;
# The file index is used to find the file name in the following table.
:file_names 4;
    "N/A";
    "<interactive>";
    "8to1mux_tb.v";
    "./8to1MUX.v";
