#! /c/Source/iverilog-install/bin/vvp
:ivl_version "12.0 (devel)" "(s20150603-1539-g2693dd32b)";
:ivl_delay_selection "TYPICAL";
:vpi_time_precision + 0;
:vpi_module "C:\iverilog\lib\ivl\system.vpi";
:vpi_module "C:\iverilog\lib\ivl\vhdl_sys.vpi";
:vpi_module "C:\iverilog\lib\ivl\vhdl_textio.vpi";
:vpi_module "C:\iverilog\lib\ivl\v2005_math.vpi";
:vpi_module "C:\iverilog\lib\ivl\va_math.vpi";
S_0000015d7e916870 .scope module, "adder4bit" "adder4bit" 2 2;
 .timescale 0 0;
    .port_info 0 /OUTPUT 4 "s";
    .port_info 1 /OUTPUT 1 "cout";
    .port_info 2 /INPUT 4 "x";
    .port_info 3 /INPUT 4 "y";
    .port_info 4 /INPUT 1 "cin";
v0000015d7e968530 .array "c", 1 3;
v0000015d7e968530_0 .net v0000015d7e968530 0, 0 0, L_0000015d7e90b4c0; 1 drivers
v0000015d7e968530_1 .net v0000015d7e968530 1, 0 0, L_0000015d7e90b5a0; 1 drivers
v0000015d7e968530_2 .net v0000015d7e968530 2, 0 0, L_0000015d7e971e10; 1 drivers
o0000015d7e91afd8 .functor BUFZ 1, C4<z>; HiZ drive
v0000015d7e967bd0_0 .net "cin", 0 0, o0000015d7e91afd8;  0 drivers
v0000015d7e968fd0_0 .net "cout", 0 0, L_0000015d7e972580;  1 drivers
v0000015d7e967a90_0 .net "s", 3 0, L_0000015d7e967db0;  1 drivers
o0000015d7e91b9f8 .functor BUFZ 4, C4<zzzz>; HiZ drive
v0000015d7e968170_0 .net "x", 3 0, o0000015d7e91b9f8;  0 drivers
o0000015d7e91ba28 .functor BUFZ 4, C4<zzzz>; HiZ drive
v0000015d7e969070_0 .net "y", 3 0, o0000015d7e91ba28;  0 drivers
L_0000015d7e967e50 .part o0000015d7e91b9f8, 0, 1;
L_0000015d7e9678b0 .part o0000015d7e91ba28, 0, 1;
L_0000015d7e9683f0 .part o0000015d7e91b9f8, 1, 1;
L_0000015d7e968990 .part o0000015d7e91ba28, 1, 1;
L_0000015d7e967b30 .part o0000015d7e91b9f8, 2, 1;
L_0000015d7e967c70 .part o0000015d7e91ba28, 2, 1;
L_0000015d7e967db0 .concat8 [ 1 1 1 1], L_0000015d7e90b450, L_0000015d7e90b290, L_0000015d7e971b70, L_0000015d7e971ef0;
L_0000015d7e969110 .part o0000015d7e91b9f8, 3, 1;
L_0000015d7e967f90 .part o0000015d7e91ba28, 3, 1;
S_0000015d7e916a00 .scope module, "f1" "fulladder" 2 10, 3 1 0, S_0000015d7e916870;
 .timescale 0 0;
    .port_info 0 /OUTPUT 1 "sum";
    .port_info 1 /OUTPUT 1 "cout";
    .port_info 2 /INPUT 1 "x";
    .port_info 3 /INPUT 1 "y";
    .port_info 4 /INPUT 1 "cin";
L_0000015d7e90b530 .functor XOR 1, L_0000015d7e967e50, L_0000015d7e9678b0, C4<0>, C4<0>;
L_0000015d7e90b450 .functor XOR 1, L_0000015d7e90b530, o0000015d7e91afd8, C4<0>, C4<0>;
L_0000015d7e90b8b0 .functor AND 1, L_0000015d7e967e50, L_0000015d7e9678b0, C4<1>, C4<1>;
L_0000015d7e90b370 .functor AND 1, L_0000015d7e90b530, o0000015d7e91afd8, C4<1>, C4<1>;
L_0000015d7e90b4c0 .functor OR 1, L_0000015d7e90b370, L_0000015d7e90b8b0, C4<0>, C4<0>;
v0000015d7e90aa20_0 .net "cin", 0 0, o0000015d7e91afd8;  alias, 0 drivers
v0000015d7e90ade0_0 .net "cout", 0 0, L_0000015d7e90b4c0;  alias, 1 drivers
v0000015d7e90a200_0 .net "sum", 0 0, L_0000015d7e90b450;  1 drivers
v0000015d7e90ad40 .array "w", 0 3;
v0000015d7e90ad40_0 .net v0000015d7e90ad40 0, 0 0, L_0000015d7e90b530; 1 drivers
v0000015d7e90ad40_1 .net v0000015d7e90ad40 1, 0 0, L_0000015d7e90b8b0; 1 drivers
v0000015d7e90ad40_2 .net v0000015d7e90ad40 2, 0 0, L_0000015d7e90b370; 1 drivers
o0000015d7e91b0f8 .functor BUFZ 1, C4<z>; HiZ drive
v0000015d7e90ad40_3 .net v0000015d7e90ad40 3, 0 0, o0000015d7e91b0f8; 0 drivers
v0000015d7e90a520_0 .net "x", 0 0, L_0000015d7e967e50;  1 drivers
v0000015d7e90a700_0 .net "y", 0 0, L_0000015d7e9678b0;  1 drivers
S_0000015d7e906040 .scope module, "f2" "fulladder" 2 11, 3 1 0, S_0000015d7e916870;
 .timescale 0 0;
    .port_info 0 /OUTPUT 1 "sum";
    .port_info 1 /OUTPUT 1 "cout";
    .port_info 2 /INPUT 1 "x";
    .port_info 3 /INPUT 1 "y";
    .port_info 4 /INPUT 1 "cin";
L_0000015d7e90b760 .functor XOR 1, L_0000015d7e9683f0, L_0000015d7e968990, C4<0>, C4<0>;
L_0000015d7e90b290 .functor XOR 1, L_0000015d7e90b760, L_0000015d7e90b4c0, C4<0>, C4<0>;
L_0000015d7e90b840 .functor AND 1, L_0000015d7e9683f0, L_0000015d7e968990, C4<1>, C4<1>;
L_0000015d7e90b920 .functor AND 1, L_0000015d7e90b760, L_0000015d7e90b4c0, C4<1>, C4<1>;
L_0000015d7e90b5a0 .functor OR 1, L_0000015d7e90b920, L_0000015d7e90b840, C4<0>, C4<0>;
v0000015d7e90aca0_0 .net "cin", 0 0, L_0000015d7e90b4c0;  alias, 1 drivers
v0000015d7e90a160_0 .net "cout", 0 0, L_0000015d7e90b5a0;  alias, 1 drivers
v0000015d7e90a5c0_0 .net "sum", 0 0, L_0000015d7e90b290;  1 drivers
v0000015d7e90a340 .array "w", 0 3;
v0000015d7e90a340_0 .net v0000015d7e90a340 0, 0 0, L_0000015d7e90b760; 1 drivers
v0000015d7e90a340_1 .net v0000015d7e90a340 1, 0 0, L_0000015d7e90b840; 1 drivers
v0000015d7e90a340_2 .net v0000015d7e90a340 2, 0 0, L_0000015d7e90b920; 1 drivers
o0000015d7e91b368 .functor BUFZ 1, C4<z>; HiZ drive
v0000015d7e90a340_3 .net v0000015d7e90a340 3, 0 0, o0000015d7e91b368; 0 drivers
v0000015d7e90a480_0 .net "x", 0 0, L_0000015d7e9683f0;  1 drivers
v0000015d7e90a660_0 .net "y", 0 0, L_0000015d7e968990;  1 drivers
S_0000015d7e9061d0 .scope module, "f3" "fulladder" 2 12, 3 1 0, S_0000015d7e916870;
 .timescale 0 0;
    .port_info 0 /OUTPUT 1 "sum";
    .port_info 1 /OUTPUT 1 "cout";
    .port_info 2 /INPUT 1 "x";
    .port_info 3 /INPUT 1 "y";
    .port_info 4 /INPUT 1 "cin";
L_0000015d7e90b220 .functor XOR 1, L_0000015d7e967b30, L_0000015d7e967c70, C4<0>, C4<0>;
L_0000015d7e971b70 .functor XOR 1, L_0000015d7e90b220, L_0000015d7e90b5a0, C4<0>, C4<0>;
L_0000015d7e971b00 .functor AND 1, L_0000015d7e967b30, L_0000015d7e967c70, C4<1>, C4<1>;
L_0000015d7e972510 .functor AND 1, L_0000015d7e90b220, L_0000015d7e90b5a0, C4<1>, C4<1>;
L_0000015d7e971e10 .functor OR 1, L_0000015d7e972510, L_0000015d7e971b00, C4<0>, C4<0>;
v0000015d7e967ef0_0 .net "cin", 0 0, L_0000015d7e90b5a0;  alias, 1 drivers
v0000015d7e9691b0_0 .net "cout", 0 0, L_0000015d7e971e10;  alias, 1 drivers
v0000015d7e967950_0 .net "sum", 0 0, L_0000015d7e971b70;  1 drivers
v0000015d7e969250 .array "w", 0 3;
v0000015d7e969250_0 .net v0000015d7e969250 0, 0 0, L_0000015d7e90b220; 1 drivers
v0000015d7e969250_1 .net v0000015d7e969250 1, 0 0, L_0000015d7e971b00; 1 drivers
v0000015d7e969250_2 .net v0000015d7e969250 2, 0 0, L_0000015d7e972510; 1 drivers
o0000015d7e91b5d8 .functor BUFZ 1, C4<z>; HiZ drive
v0000015d7e969250_3 .net v0000015d7e969250 3, 0 0, o0000015d7e91b5d8; 0 drivers
v0000015d7e968710_0 .net "x", 0 0, L_0000015d7e967b30;  1 drivers
v0000015d7e9680d0_0 .net "y", 0 0, L_0000015d7e967c70;  1 drivers
S_0000015d7e906360 .scope module, "f4" "fulladder" 2 13, 3 1 0, S_0000015d7e916870;
 .timescale 0 0;
    .port_info 0 /OUTPUT 1 "sum";
    .port_info 1 /OUTPUT 1 "cout";
    .port_info 2 /INPUT 1 "x";
    .port_info 3 /INPUT 1 "y";
    .port_info 4 /INPUT 1 "cin";
L_0000015d7e972200 .functor XOR 1, L_0000015d7e969110, L_0000015d7e967f90, C4<0>, C4<0>;
L_0000015d7e971ef0 .functor XOR 1, L_0000015d7e972200, L_0000015d7e971e10, C4<0>, C4<0>;
L_0000015d7e971da0 .functor AND 1, L_0000015d7e969110, L_0000015d7e967f90, C4<1>, C4<1>;
L_0000015d7e972430 .functor AND 1, L_0000015d7e972200, L_0000015d7e971e10, C4<1>, C4<1>;
L_0000015d7e972580 .functor OR 1, L_0000015d7e972430, L_0000015d7e971da0, C4<0>, C4<0>;
v0000015d7e969570_0 .net "cin", 0 0, L_0000015d7e971e10;  alias, 1 drivers
v0000015d7e969610_0 .net "cout", 0 0, L_0000015d7e972580;  alias, 1 drivers
v0000015d7e9696b0_0 .net "sum", 0 0, L_0000015d7e971ef0;  1 drivers
v0000015d7e9679f0 .array "w", 0 3;
v0000015d7e9679f0_0 .net v0000015d7e9679f0 0, 0 0, L_0000015d7e972200; 1 drivers
v0000015d7e9679f0_1 .net v0000015d7e9679f0 1, 0 0, L_0000015d7e971da0; 1 drivers
v0000015d7e9679f0_2 .net v0000015d7e9679f0 2, 0 0, L_0000015d7e972430; 1 drivers
o0000015d7e91b848 .functor BUFZ 1, C4<z>; HiZ drive
v0000015d7e9679f0_3 .net v0000015d7e9679f0 3, 0 0, o0000015d7e91b848; 0 drivers
v0000015d7e967d10_0 .net "x", 0 0, L_0000015d7e969110;  1 drivers
v0000015d7e969750_0 .net "y", 0 0, L_0000015d7e967f90;  1 drivers
# The file index is used to find the file name in the following table.
:file_names 4;
    "N/A";
    "<interactive>";
    "adder4bit.v";
    "./fulladder.v";
