#! /c/Source/iverilog-install/bin/vvp
:ivl_version "12.0 (devel)" "(s20150603-1539-g2693dd32b)";
:ivl_delay_selection "TYPICAL";
:vpi_time_precision + 0;
:vpi_module "C:\iverilog\lib\ivl\system.vpi";
:vpi_module "C:\iverilog\lib\ivl\vhdl_sys.vpi";
:vpi_module "C:\iverilog\lib\ivl\vhdl_textio.vpi";
:vpi_module "C:\iverilog\lib\ivl\v2005_math.vpi";
:vpi_module "C:\iverilog\lib\ivl\va_math.vpi";
S_000001785ea118f0 .scope module, "adder8bit_tb" "adder8bit_tb" 2 2;
 .timescale 0 0;
v000001785ea69520_0 .var "a", 7 0;
v000001785ea6a6a0_0 .var "b", 7 0;
v000001785ea695c0_0 .var "cin", 0 0;
v000001785ea69f20_0 .net "cout", 0 0, L_000001785ea6fcd0;  1 drivers
v000001785ea69700_0 .var/i "i", 31 0;
v000001785ea69980_0 .net "out", 7 0, L_000001785ea6fa50;  1 drivers
S_000001785e9f8f60 .scope module, "DUT" "adder8bit" 2 9, 3 3 0, S_000001785ea118f0;
 .timescale 0 0;
    .port_info 0 /INPUT 8 "a";
    .port_info 1 /INPUT 8 "b";
    .port_info 2 /INPUT 1 "cin";
    .port_info 3 /OUTPUT 1 "cout";
    .port_info 4 /OUTPUT 8 "out";
P_000001785ea0fde0 .param/l "n" 0 3 5, +C4<00000000000000000000000000001000>;
L_000001785ea6d7f0 .functor BUFZ 1, v000001785ea695c0_0, C4<0>, C4<0>, C4<0>;
v000001785ea6a1a0_0 .net *"_ivl_61", 0 0, L_000001785ea6d7f0;  1 drivers
v000001785ea68f80_0 .net "a", 7 0, v000001785ea69520_0;  1 drivers
v000001785ea6a240_0 .net "b", 7 0, v000001785ea6a6a0_0;  1 drivers
v000001785ea69d40_0 .net "carry", 8 0, L_000001785ea6f5f0;  1 drivers
v000001785ea68ee0_0 .net "cin", 0 0, v000001785ea695c0_0;  1 drivers
v000001785ea69ca0_0 .net "cout", 0 0, L_000001785ea6fcd0;  alias, 1 drivers
v000001785ea69020_0 .net "out", 7 0, L_000001785ea6fa50;  alias, 1 drivers
L_000001785ea6a880 .part v000001785ea69520_0, 0, 1;
L_000001785ea6aa60 .part v000001785ea6a6a0_0, 0, 1;
L_000001785ea6ab00 .part L_000001785ea6f5f0, 0, 1;
L_000001785ea690c0 .part v000001785ea69520_0, 1, 1;
L_000001785ea69160 .part v000001785ea6a6a0_0, 1, 1;
L_000001785ea692a0 .part L_000001785ea6f5f0, 1, 1;
L_000001785ea69340 .part v000001785ea69520_0, 2, 1;
L_000001785ea693e0 .part v000001785ea6a6a0_0, 2, 1;
L_000001785ea69840 .part L_000001785ea6f5f0, 2, 1;
L_000001785ea69de0 .part v000001785ea69520_0, 3, 1;
L_000001785ea698e0 .part v000001785ea6a6a0_0, 3, 1;
L_000001785ea69e80 .part L_000001785ea6f5f0, 3, 1;
L_000001785ea6e830 .part v000001785ea69520_0, 4, 1;
L_000001785ea6e150 .part v000001785ea6a6a0_0, 4, 1;
L_000001785ea6fd70 .part L_000001785ea6f5f0, 4, 1;
L_000001785ea6f2d0 .part v000001785ea69520_0, 5, 1;
L_000001785ea6f370 .part v000001785ea6a6a0_0, 5, 1;
L_000001785ea6e970 .part L_000001785ea6f5f0, 5, 1;
L_000001785ea6f4b0 .part v000001785ea69520_0, 6, 1;
L_000001785ea6e330 .part v000001785ea6a6a0_0, 6, 1;
L_000001785ea6ded0 .part L_000001785ea6f5f0, 6, 1;
LS_000001785ea6fa50_0_0 .concat8 [ 1 1 1 1], L_000001785ea0bae0, L_000001785ea0b840, L_000001785ea0bdf0, L_000001785ea0b8b0;
LS_000001785ea6fa50_0_4 .concat8 [ 1 1 1 1], L_000001785ea6db00, L_000001785ea6d2b0, L_000001785ea6dda0, L_000001785ea6dcc0;
L_000001785ea6fa50 .concat8 [ 4 4 0 0], LS_000001785ea6fa50_0_0, LS_000001785ea6fa50_0_4;
L_000001785ea6f550 .part v000001785ea69520_0, 7, 1;
L_000001785ea6ee70 .part v000001785ea6a6a0_0, 7, 1;
L_000001785ea6fc30 .part L_000001785ea6f5f0, 7, 1;
LS_000001785ea6f5f0_0_0 .concat8 [ 1 1 1 1], L_000001785ea6d7f0, L_000001785ea0b7d0, L_000001785ea0b680, L_000001785ea0b920;
LS_000001785ea6f5f0_0_4 .concat8 [ 1 1 1 1], L_000001785ea6d240, L_000001785ea6d940, L_000001785ea6cf30, L_000001785ea6db70;
LS_000001785ea6f5f0_0_8 .concat8 [ 1 0 0 0], L_000001785ea6da90;
L_000001785ea6f5f0 .concat8 [ 4 4 1 0], LS_000001785ea6f5f0_0_0, LS_000001785ea6f5f0_0_4, LS_000001785ea6f5f0_0_8;
L_000001785ea6fcd0 .part L_000001785ea6f5f0, 8, 1;
S_000001785e9f90f0 .scope generate, "genblk1[0]" "genblk1[0]" 3 17, 3 17 0, S_000001785e9f8f60;
 .timescale 0 0;
P_000001785ea103a0 .param/l "i" 0 3 17, +C4<00>;
S_000001785e9f67b0 .scope module, "FA0" "fulladder" 3 19, 4 1 0, S_000001785e9f90f0;
 .timescale 0 0;
    .port_info 0 /OUTPUT 1 "sum";
    .port_info 1 /OUTPUT 1 "cout";
    .port_info 2 /INPUT 1 "x";
    .port_info 3 /INPUT 1 "y";
    .port_info 4 /INPUT 1 "cin";
L_000001785ea0b450 .functor XOR 1, L_000001785ea6a880, L_000001785ea6aa60, C4<0>, C4<0>;
L_000001785ea0bae0 .functor XOR 1, L_000001785ea0b450, L_000001785ea6ab00, C4<0>, C4<0>;
L_000001785ea0b140 .functor AND 1, L_000001785ea6a880, L_000001785ea6aa60, C4<1>, C4<1>;
L_000001785ea0b530 .functor AND 1, L_000001785ea0b450, L_000001785ea6ab00, C4<1>, C4<1>;
L_000001785ea0b7d0 .functor OR 1, L_000001785ea0b530, L_000001785ea0b140, C4<0>, C4<0>;
v000001785ea07280_0 .net "cin", 0 0, L_000001785ea6ab00;  1 drivers
v000001785ea07960_0 .net "cout", 0 0, L_000001785ea0b7d0;  1 drivers
v000001785ea06f60_0 .net "sum", 0 0, L_000001785ea0bae0;  1 drivers
v000001785ea06100 .array "w", 0 3;
v000001785ea06100_0 .net v000001785ea06100 0, 0 0, L_000001785ea0b450; 1 drivers
v000001785ea06100_1 .net v000001785ea06100 1, 0 0, L_000001785ea0b140; 1 drivers
v000001785ea06100_2 .net v000001785ea06100 2, 0 0, L_000001785ea0b530; 1 drivers
o000001785ea14d38 .functor BUFZ 1, C4<z>; HiZ drive
v000001785ea06100_3 .net v000001785ea06100 3, 0 0, o000001785ea14d38; 0 drivers
v000001785ea061a0_0 .net "x", 0 0, L_000001785ea6a880;  1 drivers
v000001785ea06920_0 .net "y", 0 0, L_000001785ea6aa60;  1 drivers
S_000001785e9f6940 .scope generate, "genblk1[1]" "genblk1[1]" 3 17, 3 17 0, S_000001785e9f8f60;
 .timescale 0 0;
P_000001785ea10020 .param/l "i" 0 3 17, +C4<01>;
S_000001785ea12ea0 .scope module, "FA0" "fulladder" 3 19, 4 1 0, S_000001785e9f6940;
 .timescale 0 0;
    .port_info 0 /OUTPUT 1 "sum";
    .port_info 1 /OUTPUT 1 "cout";
    .port_info 2 /INPUT 1 "x";
    .port_info 3 /INPUT 1 "y";
    .port_info 4 /INPUT 1 "cin";
L_000001785ea0ba00 .functor XOR 1, L_000001785ea690c0, L_000001785ea69160, C4<0>, C4<0>;
L_000001785ea0b840 .functor XOR 1, L_000001785ea0ba00, L_000001785ea692a0, C4<0>, C4<0>;
L_000001785ea0bca0 .functor AND 1, L_000001785ea690c0, L_000001785ea69160, C4<1>, C4<1>;
L_000001785ea0bd10 .functor AND 1, L_000001785ea0ba00, L_000001785ea692a0, C4<1>, C4<1>;
L_000001785ea0b680 .functor OR 1, L_000001785ea0bd10, L_000001785ea0bca0, C4<0>, C4<0>;
v000001785ea066a0_0 .net "cin", 0 0, L_000001785ea692a0;  1 drivers
v000001785ea06c40_0 .net "cout", 0 0, L_000001785ea0b680;  1 drivers
v000001785ea06a60_0 .net "sum", 0 0, L_000001785ea0b840;  1 drivers
v000001785ea07320 .array "w", 0 3;
v000001785ea07320_0 .net v000001785ea07320 0, 0 0, L_000001785ea0ba00; 1 drivers
v000001785ea07320_1 .net v000001785ea07320 1, 0 0, L_000001785ea0bca0; 1 drivers
v000001785ea07320_2 .net v000001785ea07320 2, 0 0, L_000001785ea0bd10; 1 drivers
o000001785ea14fd8 .functor BUFZ 1, C4<z>; HiZ drive
v000001785ea07320_3 .net v000001785ea07320 3, 0 0, o000001785ea14fd8; 0 drivers
v000001785ea06380_0 .net "x", 0 0, L_000001785ea690c0;  1 drivers
v000001785ea07000_0 .net "y", 0 0, L_000001785ea69160;  1 drivers
S_000001785ea13030 .scope generate, "genblk1[2]" "genblk1[2]" 3 17, 3 17 0, S_000001785e9f8f60;
 .timescale 0 0;
P_000001785ea0fae0 .param/l "i" 0 3 17, +C4<010>;
S_000001785ea131c0 .scope module, "FA0" "fulladder" 3 19, 4 1 0, S_000001785ea13030;
 .timescale 0 0;
    .port_info 0 /OUTPUT 1 "sum";
    .port_info 1 /OUTPUT 1 "cout";
    .port_info 2 /INPUT 1 "x";
    .port_info 3 /INPUT 1 "y";
    .port_info 4 /INPUT 1 "cin";
L_000001785ea0bed0 .functor XOR 1, L_000001785ea69340, L_000001785ea693e0, C4<0>, C4<0>;
L_000001785ea0bdf0 .functor XOR 1, L_000001785ea0bed0, L_000001785ea69840, C4<0>, C4<0>;
L_000001785ea0bf40 .functor AND 1, L_000001785ea69340, L_000001785ea693e0, C4<1>, C4<1>;
L_000001785ea0bfb0 .functor AND 1, L_000001785ea0bed0, L_000001785ea69840, C4<1>, C4<1>;
L_000001785ea0b920 .functor OR 1, L_000001785ea0bfb0, L_000001785ea0bf40, C4<0>, C4<0>;
v000001785ea06ec0_0 .net "cin", 0 0, L_000001785ea69840;  1 drivers
v000001785ea07460_0 .net "cout", 0 0, L_000001785ea0b920;  1 drivers
v000001785ea07500_0 .net "sum", 0 0, L_000001785ea0bdf0;  1 drivers
v000001785ea070a0 .array "w", 0 3;
v000001785ea070a0_0 .net v000001785ea070a0 0, 0 0, L_000001785ea0bed0; 1 drivers
v000001785ea070a0_1 .net v000001785ea070a0 1, 0 0, L_000001785ea0bf40; 1 drivers
v000001785ea070a0_2 .net v000001785ea070a0 2, 0 0, L_000001785ea0bfb0; 1 drivers
o000001785ea15278 .functor BUFZ 1, C4<z>; HiZ drive
v000001785ea070a0_3 .net v000001785ea070a0 3, 0 0, o000001785ea15278; 0 drivers
v000001785ea07640_0 .net "x", 0 0, L_000001785ea69340;  1 drivers
v000001785ea076e0_0 .net "y", 0 0, L_000001785ea693e0;  1 drivers
S_000001785ea13350 .scope generate, "genblk1[3]" "genblk1[3]" 3 17, 3 17 0, S_000001785e9f8f60;
 .timescale 0 0;
P_000001785ea100a0 .param/l "i" 0 3 17, +C4<011>;
S_000001785ea09490 .scope module, "FA0" "fulladder" 3 19, 4 1 0, S_000001785ea13350;
 .timescale 0 0;
    .port_info 0 /OUTPUT 1 "sum";
    .port_info 1 /OUTPUT 1 "cout";
    .port_info 2 /INPUT 1 "x";
    .port_info 3 /INPUT 1 "y";
    .port_info 4 /INPUT 1 "cin";
L_000001785ea0b6f0 .functor XOR 1, L_000001785ea69de0, L_000001785ea698e0, C4<0>, C4<0>;
L_000001785ea0b8b0 .functor XOR 1, L_000001785ea0b6f0, L_000001785ea69e80, C4<0>, C4<0>;
L_000001785ea0b990 .functor AND 1, L_000001785ea69de0, L_000001785ea698e0, C4<1>, C4<1>;
L_000001785ea0b0d0 .functor AND 1, L_000001785ea0b6f0, L_000001785ea69e80, C4<1>, C4<1>;
L_000001785ea6d240 .functor OR 1, L_000001785ea0b0d0, L_000001785ea0b990, C4<0>, C4<0>;
v000001785ea07780_0 .net "cin", 0 0, L_000001785ea69e80;  1 drivers
v000001785e9fd3e0_0 .net "cout", 0 0, L_000001785ea6d240;  1 drivers
v000001785e9fd700_0 .net "sum", 0 0, L_000001785ea0b8b0;  1 drivers
v000001785e9fdca0 .array "w", 0 3;
v000001785e9fdca0_0 .net v000001785e9fdca0 0, 0 0, L_000001785ea0b6f0; 1 drivers
v000001785e9fdca0_1 .net v000001785e9fdca0 1, 0 0, L_000001785ea0b990; 1 drivers
v000001785e9fdca0_2 .net v000001785e9fdca0 2, 0 0, L_000001785ea0b0d0; 1 drivers
o000001785ea15518 .functor BUFZ 1, C4<z>; HiZ drive
v000001785e9fdca0_3 .net v000001785e9fdca0 3, 0 0, o000001785ea15518; 0 drivers
v000001785e9fdd40_0 .net "x", 0 0, L_000001785ea69de0;  1 drivers
v000001785ea69fc0_0 .net "y", 0 0, L_000001785ea698e0;  1 drivers
S_000001785ea6acc0 .scope generate, "genblk1[4]" "genblk1[4]" 3 17, 3 17 0, S_000001785e9f8f60;
 .timescale 0 0;
P_000001785ea106e0 .param/l "i" 0 3 17, +C4<0100>;
S_000001785ea09620 .scope module, "FA0" "fulladder" 3 19, 4 1 0, S_000001785ea6acc0;
 .timescale 0 0;
    .port_info 0 /OUTPUT 1 "sum";
    .port_info 1 /OUTPUT 1 "cout";
    .port_info 2 /INPUT 1 "x";
    .port_info 3 /INPUT 1 "y";
    .port_info 4 /INPUT 1 "cin";
L_000001785ea6d550 .functor XOR 1, L_000001785ea6e830, L_000001785ea6e150, C4<0>, C4<0>;
L_000001785ea6db00 .functor XOR 1, L_000001785ea6d550, L_000001785ea6fd70, C4<0>, C4<0>;
L_000001785ea6d860 .functor AND 1, L_000001785ea6e830, L_000001785ea6e150, C4<1>, C4<1>;
L_000001785ea6d400 .functor AND 1, L_000001785ea6d550, L_000001785ea6fd70, C4<1>, C4<1>;
L_000001785ea6d940 .functor OR 1, L_000001785ea6d400, L_000001785ea6d860, C4<0>, C4<0>;
v000001785ea6a560_0 .net "cin", 0 0, L_000001785ea6fd70;  1 drivers
v000001785ea6a920_0 .net "cout", 0 0, L_000001785ea6d940;  1 drivers
v000001785ea6a2e0_0 .net "sum", 0 0, L_000001785ea6db00;  1 drivers
v000001785ea69660 .array "w", 0 3;
v000001785ea69660_0 .net v000001785ea69660 0, 0 0, L_000001785ea6d550; 1 drivers
v000001785ea69660_1 .net v000001785ea69660 1, 0 0, L_000001785ea6d860; 1 drivers
v000001785ea69660_2 .net v000001785ea69660 2, 0 0, L_000001785ea6d400; 1 drivers
o000001785ea157b8 .functor BUFZ 1, C4<z>; HiZ drive
v000001785ea69660_3 .net v000001785ea69660 3, 0 0, o000001785ea157b8; 0 drivers
v000001785ea69a20_0 .net "x", 0 0, L_000001785ea6e830;  1 drivers
v000001785ea6a740_0 .net "y", 0 0, L_000001785ea6e150;  1 drivers
S_000001785ea097b0 .scope generate, "genblk1[5]" "genblk1[5]" 3 17, 3 17 0, S_000001785e9f8f60;
 .timescale 0 0;
P_000001785ea0fa60 .param/l "i" 0 3 17, +C4<0101>;
S_000001785ea09940 .scope module, "FA0" "fulladder" 3 19, 4 1 0, S_000001785ea097b0;
 .timescale 0 0;
    .port_info 0 /OUTPUT 1 "sum";
    .port_info 1 /OUTPUT 1 "cout";
    .port_info 2 /INPUT 1 "x";
    .port_info 3 /INPUT 1 "y";
    .port_info 4 /INPUT 1 "cin";
L_000001785ea6d9b0 .functor XOR 1, L_000001785ea6f2d0, L_000001785ea6f370, C4<0>, C4<0>;
L_000001785ea6d2b0 .functor XOR 1, L_000001785ea6d9b0, L_000001785ea6e970, C4<0>, C4<0>;
L_000001785ea6dc50 .functor AND 1, L_000001785ea6f2d0, L_000001785ea6f370, C4<1>, C4<1>;
L_000001785ea6d320 .functor AND 1, L_000001785ea6d9b0, L_000001785ea6e970, C4<1>, C4<1>;
L_000001785ea6cf30 .functor OR 1, L_000001785ea6d320, L_000001785ea6dc50, C4<0>, C4<0>;
v000001785ea69ac0_0 .net "cin", 0 0, L_000001785ea6e970;  1 drivers
v000001785ea6a420_0 .net "cout", 0 0, L_000001785ea6cf30;  1 drivers
v000001785ea69480_0 .net "sum", 0 0, L_000001785ea6d2b0;  1 drivers
v000001785ea69b60 .array "w", 0 3;
v000001785ea69b60_0 .net v000001785ea69b60 0, 0 0, L_000001785ea6d9b0; 1 drivers
v000001785ea69b60_1 .net v000001785ea69b60 1, 0 0, L_000001785ea6dc50; 1 drivers
v000001785ea69b60_2 .net v000001785ea69b60 2, 0 0, L_000001785ea6d320; 1 drivers
o000001785ea15a58 .functor BUFZ 1, C4<z>; HiZ drive
v000001785ea69b60_3 .net v000001785ea69b60 3, 0 0, o000001785ea15a58; 0 drivers
v000001785ea6a060_0 .net "x", 0 0, L_000001785ea6f2d0;  1 drivers
v000001785ea6aba0_0 .net "y", 0 0, L_000001785ea6f370;  1 drivers
S_000001785ea09ad0 .scope generate, "genblk1[6]" "genblk1[6]" 3 17, 3 17 0, S_000001785e9f8f60;
 .timescale 0 0;
P_000001785ea100e0 .param/l "i" 0 3 17, +C4<0110>;
S_000001785ea01030 .scope module, "FA0" "fulladder" 3 19, 4 1 0, S_000001785ea09ad0;
 .timescale 0 0;
    .port_info 0 /OUTPUT 1 "sum";
    .port_info 1 /OUTPUT 1 "cout";
    .port_info 2 /INPUT 1 "x";
    .port_info 3 /INPUT 1 "y";
    .port_info 4 /INPUT 1 "cin";
L_000001785ea6d390 .functor XOR 1, L_000001785ea6f4b0, L_000001785ea6e330, C4<0>, C4<0>;
L_000001785ea6dda0 .functor XOR 1, L_000001785ea6d390, L_000001785ea6ded0, C4<0>, C4<0>;
L_000001785ea6d010 .functor AND 1, L_000001785ea6f4b0, L_000001785ea6e330, C4<1>, C4<1>;
L_000001785ea6d080 .functor AND 1, L_000001785ea6d390, L_000001785ea6ded0, C4<1>, C4<1>;
L_000001785ea6db70 .functor OR 1, L_000001785ea6d080, L_000001785ea6d010, C4<0>, C4<0>;
v000001785ea68d00_0 .net "cin", 0 0, L_000001785ea6ded0;  1 drivers
v000001785ea6a100_0 .net "cout", 0 0, L_000001785ea6db70;  1 drivers
v000001785ea6a380_0 .net "sum", 0 0, L_000001785ea6dda0;  1 drivers
v000001785ea6a600 .array "w", 0 3;
v000001785ea6a600_0 .net v000001785ea6a600 0, 0 0, L_000001785ea6d390; 1 drivers
v000001785ea6a600_1 .net v000001785ea6a600 1, 0 0, L_000001785ea6d010; 1 drivers
v000001785ea6a600_2 .net v000001785ea6a600 2, 0 0, L_000001785ea6d080; 1 drivers
o000001785ea15cf8 .functor BUFZ 1, C4<z>; HiZ drive
v000001785ea6a600_3 .net v000001785ea6a600 3, 0 0, o000001785ea15cf8; 0 drivers
v000001785ea6a9c0_0 .net "x", 0 0, L_000001785ea6f4b0;  1 drivers
v000001785ea697a0_0 .net "y", 0 0, L_000001785ea6e330;  1 drivers
S_000001785ea011c0 .scope generate, "genblk1[7]" "genblk1[7]" 3 17, 3 17 0, S_000001785e9f8f60;
 .timescale 0 0;
P_000001785ea0fc60 .param/l "i" 0 3 17, +C4<0111>;
S_000001785ea6b670 .scope module, "FA0" "fulladder" 3 19, 4 1 0, S_000001785ea011c0;
 .timescale 0 0;
    .port_info 0 /OUTPUT 1 "sum";
    .port_info 1 /OUTPUT 1 "cout";
    .port_info 2 /INPUT 1 "x";
    .port_info 3 /INPUT 1 "y";
    .port_info 4 /INPUT 1 "cin";
L_000001785ea6d5c0 .functor XOR 1, L_000001785ea6f550, L_000001785ea6ee70, C4<0>, C4<0>;
L_000001785ea6dcc0 .functor XOR 1, L_000001785ea6d5c0, L_000001785ea6fc30, C4<0>, C4<0>;
L_000001785ea6da20 .functor AND 1, L_000001785ea6f550, L_000001785ea6ee70, C4<1>, C4<1>;
L_000001785ea6d6a0 .functor AND 1, L_000001785ea6d5c0, L_000001785ea6fc30, C4<1>, C4<1>;
L_000001785ea6da90 .functor OR 1, L_000001785ea6d6a0, L_000001785ea6da20, C4<0>, C4<0>;
v000001785ea6a7e0_0 .net "cin", 0 0, L_000001785ea6fc30;  1 drivers
v000001785ea69200_0 .net "cout", 0 0, L_000001785ea6da90;  1 drivers
v000001785ea69c00_0 .net "sum", 0 0, L_000001785ea6dcc0;  1 drivers
v000001785ea6a4c0 .array "w", 0 3;
v000001785ea6a4c0_0 .net v000001785ea6a4c0 0, 0 0, L_000001785ea6d5c0; 1 drivers
v000001785ea6a4c0_1 .net v000001785ea6a4c0 1, 0 0, L_000001785ea6da20; 1 drivers
v000001785ea6a4c0_2 .net v000001785ea6a4c0 2, 0 0, L_000001785ea6d6a0; 1 drivers
o000001785ea15f98 .functor BUFZ 1, C4<z>; HiZ drive
v000001785ea6a4c0_3 .net v000001785ea6a4c0 3, 0 0, o000001785ea15f98; 0 drivers
v000001785ea68da0_0 .net "x", 0 0, L_000001785ea6f550;  1 drivers
v000001785ea68e40_0 .net "y", 0 0, L_000001785ea6ee70;  1 drivers
    .scope S_000001785ea118f0;
T_0 ;
    %vpi_call 2 13 "$dumpfile", "adder8bit_generate.vcd" {0 0 0};
    %vpi_call 2 14 "$dumpvars", 32'sb00000000000000000000000000000000, S_000001785ea118f0 {0 0 0};
    %vpi_call 2 15 "$monitor", $time, " A=%h | B=%h | Carry_in=%b | OUTPUT=%h | Carry_out=%b", v000001785ea69520_0, v000001785ea6a6a0_0, v000001785ea695c0_0, v000001785ea69980_0, v000001785ea69f20_0 {0 0 0};
    %pushi/vec4 1, 0, 8;
    %store/vec4 v000001785ea69520_0, 0, 8;
    %pushi/vec4 1, 0, 8;
    %store/vec4 v000001785ea6a6a0_0, 0, 8;
    %pushi/vec4 0, 0, 1;
    %store/vec4 v000001785ea695c0_0, 0, 1;
    %pushi/vec4 0, 0, 32;
    %store/vec4 v000001785ea69700_0, 0, 32;
T_0.0 ;
    %load/vec4 v000001785ea69700_0;
    %cmpi/s 87, 0, 32;
    %jmp/0xz T_0.1, 5;
    %load/vec4 v000001785ea69700_0;
    %pad/s 8;
    %store/vec4 v000001785ea69520_0, 0, 8;
    %load/vec4 v000001785ea69700_0;
    %addi 1, 0, 32;
    %pad/s 8;
    %store/vec4 v000001785ea6a6a0_0, 0, 8;
    %delay 1, 0;
    %load/vec4 v000001785ea69700_0;
    %addi 1, 0, 32;
    %store/vec4 v000001785ea69700_0, 0, 32;
    %jmp T_0.0;
T_0.1 ;
    %vpi_call 2 21 "$finish" {0 0 0};
    %end;
    .thread T_0;
# The file index is used to find the file name in the following table.
:file_names 5;
    "N/A";
    "<interactive>";
    "adder8bit_tb.v";
    "./adder8bit.v";
    "./fulladder.v";
