#! /c/Source/iverilog-install/bin/vvp
:ivl_version "12.0 (devel)" "(s20150603-1539-g2693dd32b)";
:ivl_delay_selection "TYPICAL";
:vpi_time_precision + 0;
:vpi_module "C:\iverilog\lib\ivl\system.vpi";
:vpi_module "C:\iverilog\lib\ivl\vhdl_sys.vpi";
:vpi_module "C:\iverilog\lib\ivl\vhdl_textio.vpi";
:vpi_module "C:\iverilog\lib\ivl\v2005_math.vpi";
:vpi_module "C:\iverilog\lib\ivl\va_math.vpi";
S_00000153c4d459f0 .scope module, "aluproject_tb" "aluproject_tb" 2 2;
 .timescale 0 0;
v00000153c4d22990_0 .var "a", 7 0;
v00000153c4d22a30_0 .var "b", 7 0;
v00000153c4d22ad0_0 .var "op", 3 0;
v00000153c4d22b70_0 .net "out", 8 0, v00000153c4d228f0_0;  1 drivers
S_00000153c4d45b80 .scope module, "DUT" "alu" 2 7, 3 2 0, S_00000153c4d459f0;
 .timescale 0 0;
    .port_info 0 /INPUT 8 "a";
    .port_info 1 /INPUT 8 "b";
    .port_info 2 /INPUT 4 "op";
    .port_info 3 /OUTPUT 9 "out";
P_00000153c4d089c0 .param/l "n" 0 3 6, +C4<00000000000000000000000000000001>;
v00000153c4d0bee0_0 .net "a", 7 0, v00000153c4d22990_0;  1 drivers
v00000153c4d227b0_0 .net "b", 7 0, v00000153c4d22a30_0;  1 drivers
v00000153c4d22850_0 .net "op", 3 0, v00000153c4d22ad0_0;  1 drivers
v00000153c4d228f0_0 .var "out", 8 0;
E_00000153c4d08a40 .event anyedge, v00000153c4d22850_0, v00000153c4d0bee0_0, v00000153c4d227b0_0;
    .scope S_00000153c4d45b80;
T_0 ;
    %wait E_00000153c4d08a40;
    %load/vec4 v00000153c4d22850_0;
    %dup/vec4;
    %pushi/vec4 0, 0, 4;
    %cmp/u;
    %jmp/1 T_0.0, 6;
    %dup/vec4;
    %pushi/vec4 1, 0, 4;
    %cmp/u;
    %jmp/1 T_0.1, 6;
    %dup/vec4;
    %pushi/vec4 2, 0, 4;
    %cmp/u;
    %jmp/1 T_0.2, 6;
    %dup/vec4;
    %pushi/vec4 3, 0, 4;
    %cmp/u;
    %jmp/1 T_0.3, 6;
    %dup/vec4;
    %pushi/vec4 4, 0, 4;
    %cmp/u;
    %jmp/1 T_0.4, 6;
    %dup/vec4;
    %pushi/vec4 5, 0, 4;
    %cmp/u;
    %jmp/1 T_0.5, 6;
    %dup/vec4;
    %pushi/vec4 6, 0, 4;
    %cmp/u;
    %jmp/1 T_0.6, 6;
    %dup/vec4;
    %pushi/vec4 7, 0, 4;
    %cmp/u;
    %jmp/1 T_0.7, 6;
    %dup/vec4;
    %pushi/vec4 8, 0, 4;
    %cmp/u;
    %jmp/1 T_0.8, 6;
    %dup/vec4;
    %pushi/vec4 9, 0, 4;
    %cmp/u;
    %jmp/1 T_0.9, 6;
    %dup/vec4;
    %pushi/vec4 10, 0, 4;
    %cmp/u;
    %jmp/1 T_0.10, 6;
    %dup/vec4;
    %pushi/vec4 11, 0, 4;
    %cmp/u;
    %jmp/1 T_0.11, 6;
    %pushi/vec4 255, 255, 9;
    %store/vec4 v00000153c4d228f0_0, 0, 9;
    %jmp T_0.13;
T_0.0 ;
    %load/vec4 v00000153c4d0bee0_0;
    %pad/u 9;
    %load/vec4 v00000153c4d227b0_0;
    %pad/u 9;
    %add;
    %store/vec4 v00000153c4d228f0_0, 0, 9;
    %jmp T_0.13;
T_0.1 ;
    %load/vec4 v00000153c4d0bee0_0;
    %pad/u 9;
    %load/vec4 v00000153c4d227b0_0;
    %pad/u 9;
    %sub;
    %store/vec4 v00000153c4d228f0_0, 0, 9;
    %jmp T_0.13;
T_0.2 ;
    %load/vec4 v00000153c4d0bee0_0;
    %pad/u 9;
    %load/vec4 v00000153c4d227b0_0;
    %pad/u 9;
    %mul;
    %store/vec4 v00000153c4d228f0_0, 0, 9;
    %jmp T_0.13;
T_0.3 ;
    %load/vec4 v00000153c4d0bee0_0;
    %pad/u 9;
    %load/vec4 v00000153c4d227b0_0;
    %pad/u 9;
    %div;
    %store/vec4 v00000153c4d228f0_0, 0, 9;
    %jmp T_0.13;
T_0.4 ;
    %load/vec4 v00000153c4d0bee0_0;
    %pad/u 9;
    %load/vec4 v00000153c4d227b0_0;
    %pad/u 9;
    %and;
    %store/vec4 v00000153c4d228f0_0, 0, 9;
    %jmp T_0.13;
T_0.5 ;
    %load/vec4 v00000153c4d0bee0_0;
    %pad/u 9;
    %load/vec4 v00000153c4d227b0_0;
    %pad/u 9;
    %or;
    %store/vec4 v00000153c4d228f0_0, 0, 9;
    %jmp T_0.13;
T_0.6 ;
    %load/vec4 v00000153c4d0bee0_0;
    %pad/u 9;
    %load/vec4 v00000153c4d227b0_0;
    %pad/u 9;
    %xor;
    %store/vec4 v00000153c4d228f0_0, 0, 9;
    %jmp T_0.13;
T_0.7 ;
    %load/vec4 v00000153c4d0bee0_0;
    %pad/u 9;
    %load/vec4 v00000153c4d227b0_0;
    %pad/u 9;
    %xnor;
    %store/vec4 v00000153c4d228f0_0, 0, 9;
    %jmp T_0.13;
T_0.8 ;
    %load/vec4 v00000153c4d0bee0_0;
    %pad/u 9;
    %ix/load 4, 1, 0;
    %flag_set/imm 4, 0;
    %shiftl 4;
    %store/vec4 v00000153c4d228f0_0, 0, 9;
    %jmp T_0.13;
T_0.9 ;
    %load/vec4 v00000153c4d0bee0_0;
    %pad/u 9;
    %ix/load 4, 1, 0;
    %flag_set/imm 4, 0;
    %shiftr 4;
    %store/vec4 v00000153c4d228f0_0, 0, 9;
    %jmp T_0.13;
T_0.10 ;
    %load/vec4 v00000153c4d227b0_0;
    %load/vec4 v00000153c4d0bee0_0;
    %cmp/u;
    %flag_get/vec4 5;
    %pad/u 9;
    %store/vec4 v00000153c4d228f0_0, 0, 9;
    %jmp T_0.13;
T_0.11 ;
    %load/vec4 v00000153c4d0bee0_0;
    %load/vec4 v00000153c4d227b0_0;
    %cmp/e;
    %flag_get/vec4 4;
    %pad/u 9;
    %store/vec4 v00000153c4d228f0_0, 0, 9;
    %jmp T_0.13;
T_0.13 ;
    %pop/vec4 1;
    %jmp T_0;
    .thread T_0, $push;
    .scope S_00000153c4d459f0;
T_1 ;
    %vpi_call 2 18 "$dumpfile", "aluproject.vcd" {0 0 0};
    %vpi_call 2 19 "$dumpvars", 32'sb00000000000000000000000000000000, S_00000153c4d459f0 {0 0 0};
    %vpi_call 2 20 "$monitor", $time, " A=%b, B=%b, OP=%b, OUTPUT=%b", v00000153c4d22990_0, v00000153c4d22a30_0, v00000153c4d22ad0_0, v00000153c4d22b70_0 {0 0 0};
    %delay 5, 0;
    %pushi/vec4 5, 0, 8;
    %store/vec4 v00000153c4d22990_0, 0, 8;
    %pushi/vec4 5, 0, 8;
    %store/vec4 v00000153c4d22a30_0, 0, 8;
    %pushi/vec4 0, 0, 4;
    %store/vec4 v00000153c4d22ad0_0, 0, 4;
    %delay 10, 0;
    %pushi/vec4 5, 0, 8;
    %store/vec4 v00000153c4d22990_0, 0, 8;
    %pushi/vec4 5, 0, 8;
    %store/vec4 v00000153c4d22a30_0, 0, 8;
    %pushi/vec4 1, 0, 4;
    %store/vec4 v00000153c4d22ad0_0, 0, 4;
    %delay 15, 0;
    %pushi/vec4 5, 0, 8;
    %store/vec4 v00000153c4d22990_0, 0, 8;
    %pushi/vec4 5, 0, 8;
    %store/vec4 v00000153c4d22a30_0, 0, 8;
    %pushi/vec4 2, 0, 4;
    %store/vec4 v00000153c4d22ad0_0, 0, 4;
    %delay 20, 0;
    %pushi/vec4 5, 0, 8;
    %store/vec4 v00000153c4d22990_0, 0, 8;
    %pushi/vec4 5, 0, 8;
    %store/vec4 v00000153c4d22a30_0, 0, 8;
    %pushi/vec4 3, 0, 4;
    %store/vec4 v00000153c4d22ad0_0, 0, 4;
    %delay 25, 0;
    %pushi/vec4 5, 0, 8;
    %store/vec4 v00000153c4d22990_0, 0, 8;
    %pushi/vec4 4, 0, 8;
    %store/vec4 v00000153c4d22a30_0, 0, 8;
    %pushi/vec4 4, 0, 4;
    %store/vec4 v00000153c4d22ad0_0, 0, 4;
    %delay 30, 0;
    %pushi/vec4 5, 0, 8;
    %store/vec4 v00000153c4d22990_0, 0, 8;
    %pushi/vec4 4, 0, 8;
    %store/vec4 v00000153c4d22a30_0, 0, 8;
    %pushi/vec4 5, 0, 4;
    %store/vec4 v00000153c4d22ad0_0, 0, 4;
    %vpi_call 2 27 "$finish" {0 0 0};
    %end;
    .thread T_1;
# The file index is used to find the file name in the following table.
:file_names 4;
    "N/A";
    "<interactive>";
    "aluproject_tb.v";
    "./aluproject.v";
