#! /c/Source/iverilog-install/bin/vvp
:ivl_version "12.0 (devel)" "(s20150603-1539-g2693dd32b)";
:ivl_delay_selection "TYPICAL";
:vpi_time_precision + 0;
:vpi_module "C:\iverilog\lib\ivl\system.vpi";
:vpi_module "C:\iverilog\lib\ivl\vhdl_sys.vpi";
:vpi_module "C:\iverilog\lib\ivl\vhdl_textio.vpi";
:vpi_module "C:\iverilog\lib\ivl\v2005_math.vpi";
:vpi_module "C:\iverilog\lib\ivl\va_math.vpi";
S_00000243d282bce0 .scope module, "alu" "alu" 2 2;
 .timescale 0 0;
    .port_info 0 /INPUT 8 "a";
    .port_info 1 /INPUT 8 "b";
    .port_info 2 /INPUT 4 "op";
    .port_info 3 /OUTPUT 9 "out";
P_00000243d2864a20 .param/l "n" 0 2 6, +C4<00000000000000000000000000000001>;
o00000243d2876f98 .functor BUFZ 8, C4<zzzzzzzz>; HiZ drive
v00000243d282be70_0 .net "a", 7 0, o00000243d2876f98;  0 drivers
o00000243d2876fc8 .functor BUFZ 8, C4<zzzzzzzz>; HiZ drive
v00000243d282bf10_0 .net "b", 7 0, o00000243d2876fc8;  0 drivers
o00000243d2876ff8 .functor BUFZ 4, C4<zzzz>; HiZ drive
v00000243d28740b0_0 .net "op", 3 0, o00000243d2876ff8;  0 drivers
v00000243d2874150_0 .var "out", 8 0;
E_00000243d2865520 .event anyedge, v00000243d28740b0_0, v00000243d282be70_0, v00000243d282bf10_0;
    .scope S_00000243d282bce0;
T_0 ;
    %wait E_00000243d2865520;
    %load/vec4 v00000243d28740b0_0;
    %dup/vec4;
    %pushi/vec4 0, 0, 4;
    %cmp/u;
    %jmp/1 T_0.0, 6;
    %dup/vec4;
    %pushi/vec4 1, 0, 4;
    %cmp/u;
    %jmp/1 T_0.1, 6;
    %dup/vec4;
    %pushi/vec4 2, 0, 4;
    %cmp/u;
    %jmp/1 T_0.2, 6;
    %dup/vec4;
    %pushi/vec4 3, 0, 4;
    %cmp/u;
    %jmp/1 T_0.3, 6;
    %dup/vec4;
    %pushi/vec4 4, 0, 4;
    %cmp/u;
    %jmp/1 T_0.4, 6;
    %dup/vec4;
    %pushi/vec4 5, 0, 4;
    %cmp/u;
    %jmp/1 T_0.5, 6;
    %dup/vec4;
    %pushi/vec4 6, 0, 4;
    %cmp/u;
    %jmp/1 T_0.6, 6;
    %dup/vec4;
    %pushi/vec4 7, 0, 4;
    %cmp/u;
    %jmp/1 T_0.7, 6;
    %dup/vec4;
    %pushi/vec4 8, 0, 4;
    %cmp/u;
    %jmp/1 T_0.8, 6;
    %dup/vec4;
    %pushi/vec4 9, 0, 4;
    %cmp/u;
    %jmp/1 T_0.9, 6;
    %dup/vec4;
    %pushi/vec4 10, 0, 4;
    %cmp/u;
    %jmp/1 T_0.10, 6;
    %dup/vec4;
    %pushi/vec4 11, 0, 4;
    %cmp/u;
    %jmp/1 T_0.11, 6;
    %pushi/vec4 255, 255, 9;
    %store/vec4 v00000243d2874150_0, 0, 9;
    %jmp T_0.13;
T_0.0 ;
    %load/vec4 v00000243d282be70_0;
    %pad/u 9;
    %load/vec4 v00000243d282bf10_0;
    %pad/u 9;
    %add;
    %store/vec4 v00000243d2874150_0, 0, 9;
    %jmp T_0.13;
T_0.1 ;
    %load/vec4 v00000243d282be70_0;
    %pad/u 9;
    %load/vec4 v00000243d282bf10_0;
    %pad/u 9;
    %sub;
    %store/vec4 v00000243d2874150_0, 0, 9;
    %jmp T_0.13;
T_0.2 ;
    %load/vec4 v00000243d282be70_0;
    %pad/u 9;
    %load/vec4 v00000243d282bf10_0;
    %pad/u 9;
    %mul;
    %store/vec4 v00000243d2874150_0, 0, 9;
    %jmp T_0.13;
T_0.3 ;
    %load/vec4 v00000243d282be70_0;
    %pad/u 9;
    %load/vec4 v00000243d282bf10_0;
    %pad/u 9;
    %div;
    %store/vec4 v00000243d2874150_0, 0, 9;
    %jmp T_0.13;
T_0.4 ;
    %load/vec4 v00000243d282be70_0;
    %pad/u 9;
    %load/vec4 v00000243d282bf10_0;
    %pad/u 9;
    %and;
    %store/vec4 v00000243d2874150_0, 0, 9;
    %jmp T_0.13;
T_0.5 ;
    %load/vec4 v00000243d282be70_0;
    %pad/u 9;
    %load/vec4 v00000243d282bf10_0;
    %pad/u 9;
    %or;
    %store/vec4 v00000243d2874150_0, 0, 9;
    %jmp T_0.13;
T_0.6 ;
    %load/vec4 v00000243d282be70_0;
    %pad/u 9;
    %load/vec4 v00000243d282bf10_0;
    %pad/u 9;
    %xor;
    %store/vec4 v00000243d2874150_0, 0, 9;
    %jmp T_0.13;
T_0.7 ;
    %load/vec4 v00000243d282be70_0;
    %pad/u 9;
    %load/vec4 v00000243d282bf10_0;
    %pad/u 9;
    %xnor;
    %store/vec4 v00000243d2874150_0, 0, 9;
    %jmp T_0.13;
T_0.8 ;
    %load/vec4 v00000243d282be70_0;
    %pad/u 9;
    %ix/load 4, 1, 0;
    %flag_set/imm 4, 0;
    %shiftl 4;
    %store/vec4 v00000243d2874150_0, 0, 9;
    %jmp T_0.13;
T_0.9 ;
    %load/vec4 v00000243d282be70_0;
    %pad/u 9;
    %ix/load 4, 1, 0;
    %flag_set/imm 4, 0;
    %shiftr 4;
    %store/vec4 v00000243d2874150_0, 0, 9;
    %jmp T_0.13;
T_0.10 ;
    %load/vec4 v00000243d282bf10_0;
    %load/vec4 v00000243d282be70_0;
    %cmp/u;
    %flag_get/vec4 5;
    %pad/u 9;
    %store/vec4 v00000243d2874150_0, 0, 9;
    %jmp T_0.13;
T_0.11 ;
    %load/vec4 v00000243d282be70_0;
    %load/vec4 v00000243d282bf10_0;
    %cmp/e;
    %flag_get/vec4 4;
    %pad/u 9;
    %store/vec4 v00000243d2874150_0, 0, 9;
    %jmp T_0.13;
T_0.13 ;
    %pop/vec4 1;
    %jmp T_0;
    .thread T_0, $push;
# The file index is used to find the file name in the following table.
:file_names 3;
    "N/A";
    "<interactive>";
    "aluproject.v";
