#! /c/Source/iverilog-install/bin/vvp
:ivl_version "12.0 (devel)" "(s20150603-1539-g2693dd32b)";
:ivl_delay_selection "TYPICAL";
:vpi_time_precision + 0;
:vpi_module "C:\iverilog\lib\ivl\system.vpi";
:vpi_module "C:\iverilog\lib\ivl\vhdl_sys.vpi";
:vpi_module "C:\iverilog\lib\ivl\vhdl_textio.vpi";
:vpi_module "C:\iverilog\lib\ivl\v2005_math.vpi";
:vpi_module "C:\iverilog\lib\ivl\va_math.vpi";
S_000002259fb26b40 .scope module, "clockgenerator" "clockgenerator" 2 1;
 .timescale 0 0;
v000002259fa96c30_0 .var "clk", 0 0;
    .scope S_000002259fb26b40;
T_0 ;
    %pushi/vec4 0, 0, 1;
    %store/vec4 v000002259fa96c30_0, 0, 1;
    %end;
    .thread T_0;
    .scope S_000002259fb26b40;
T_1 ;
    %vpi_call 2 11 "$monitor", "CLOCK = %d", v000002259fa96c30_0 {0 0 0};
    %delay 17, 0;
    %load/vec4 v000002259fa96c30_0;
    %inv;
    %store/vec4 v000002259fa96c30_0, 0, 1;
    %jmp T_1;
    .thread T_1;
    .scope S_000002259fb26b40;
T_2 ;
    %delay 100, 0;
    %vpi_call 2 16 "$finish" {0 0 0};
    %end;
    .thread T_2;
# The file index is used to find the file name in the following table.
:file_names 3;
    "N/A";
    "<interactive>";
    "clockgenerator.v";
