#! /c/Source/iverilog-install/bin/vvp
:ivl_version "12.0 (devel)" "(s20150603-1539-g2693dd32b)";
:ivl_delay_selection "TYPICAL";
:vpi_time_precision + 0;
:vpi_module "C:\iverilog\lib\ivl\system.vpi";
:vpi_module "C:\iverilog\lib\ivl\vhdl_sys.vpi";
:vpi_module "C:\iverilog\lib\ivl\vhdl_textio.vpi";
:vpi_module "C:\iverilog\lib\ivl\v2005_math.vpi";
:vpi_module "C:\iverilog\lib\ivl\va_math.vpi";
S_0000018949bc2720 .scope module, "COMPARE" "COMPARE" 2 1;
 .timescale 0 0;
    .port_info 0 /OUTPUT 1 "lt";
    .port_info 1 /OUTPUT 1 "gt";
    .port_info 2 /OUTPUT 1 "eq";
    .port_info 3 /INPUT 16 "din1";
    .port_info 4 /INPUT 16 "din2";
o0000018949bf6f48 .functor BUFZ 16, C4<zzzzzzzzzzzzzzzz>; HiZ drive
v0000018949bf6ad0_0 .net "din1", 15 0, o0000018949bf6f48;  0 drivers
o0000018949bf6f78 .functor BUFZ 16, C4<zzzzzzzzzzzzzzzz>; HiZ drive
v0000018949bf67c0_0 .net "din2", 15 0, o0000018949bf6f78;  0 drivers
v0000018949bc28b0_0 .net "eq", 0 0, L_0000018949badcf0;  1 drivers
v0000018949bc2950_0 .net "gt", 0 0, L_0000018949badc50;  1 drivers
v0000018949bc29f0_0 .net "lt", 0 0, L_0000018949bc2a90;  1 drivers
L_0000018949bc2a90 .cmp/gt 16, o0000018949bf6f78, o0000018949bf6f48;
L_0000018949badc50 .cmp/gt 16, o0000018949bf6f48, o0000018949bf6f78;
L_0000018949badcf0 .cmp/eq 16, o0000018949bf6f48, o0000018949bf6f78;
# The file index is used to find the file name in the following table.
:file_names 3;
    "N/A";
    "<interactive>";
    "COMPARE.v";
