#! /c/Source/iverilog-install/bin/vvp
:ivl_version "12.0 (devel)" "(s20150603-1539-g2693dd32b)";
:ivl_delay_selection "TYPICAL";
:vpi_time_precision + 0;
:vpi_module "C:\iverilog\lib\ivl\system.vpi";
:vpi_module "C:\iverilog\lib\ivl\vhdl_sys.vpi";
:vpi_module "C:\iverilog\lib\ivl\vhdl_textio.vpi";
:vpi_module "C:\iverilog\lib\ivl\v2005_math.vpi";
:vpi_module "C:\iverilog\lib\ivl\va_math.vpi";
S_000002a70ada63f0 .scope module, "example" "example" 2 1;
 .timescale 0 0;
    .port_info 0 /INPUT 1 "A";
    .port_info 1 /INPUT 1 "B";
    .port_info 2 /INPUT 1 "C";
    .port_info 3 /INPUT 1 "D";
    .port_info 4 /INPUT 1 "E";
    .port_info 5 /INPUT 1 "F";
    .port_info 6 /OUTPUT 1 "Y";
o000002a70aca6fd8 .functor BUFZ 1, C4<z>; HiZ drive
o000002a70aca7158 .functor BUFZ 1, C4<z>; HiZ drive
L_000002a70ada6800/d .functor NAND 1, o000002a70aca6fd8, o000002a70aca7158, C4<1>, C4<1>;
L_000002a70ada6800 .delay 1 (1,1,1) L_000002a70ada6800/d;
o000002a70aca7038 .functor BUFZ 1, C4<z>; HiZ drive
o000002a70aca7068 .functor BUFZ 1, C4<z>; HiZ drive
L_000002a70adabc50/d .functor AND 1, o000002a70aca7038, L_000002a70adabcc0, o000002a70aca7068, C4<1>;
L_000002a70adabc50 .delay 1 (2,2,2) L_000002a70adabc50/d;
o000002a70aca7008 .functor BUFZ 1, C4<z>; HiZ drive
L_000002a70adabcc0 .functor NOT 1, o000002a70aca7008, C4<0>, C4<0>, C4<0>;
o000002a70aca7098 .functor BUFZ 1, C4<z>; HiZ drive
o000002a70aca70c8 .functor BUFZ 1, C4<z>; HiZ drive
L_000002a70adabd30/d .functor NAND 1, o000002a70aca7098, o000002a70aca70c8, C4<1>, C4<1>;
L_000002a70adabd30 .delay 1 (1,1,1) L_000002a70adabd30/d;
L_000002a70adabda0/d .functor NAND 1, L_000002a70ada6800, L_000002a70adabc50, L_000002a70adabd30, C4<1>;
L_000002a70adabda0 .delay 1 (1,1,1) L_000002a70adabda0/d;
v000002a70adaef00_0 .net "A", 0 0, o000002a70aca6fd8;  0 drivers
v000002a70ada6580_0 .net "B", 0 0, o000002a70aca7008;  0 drivers
v000002a70ada6620_0 .net "C", 0 0, o000002a70aca7038;  0 drivers
v000002a70ada66c0_0 .net "D", 0 0, o000002a70aca7068;  0 drivers
v000002a70ada6760_0 .net "E", 0 0, o000002a70aca7098;  0 drivers
v000002a70adab760_0 .net "F", 0 0, o000002a70aca70c8;  0 drivers
v000002a70adab800_0 .net "Y", 0 0, L_000002a70adabda0;  1 drivers
v000002a70adab8a0_0 .net *"_ivl_0", 0 0, L_000002a70adabcc0;  1 drivers
v000002a70adab940_0 .net "b", 0 0, o000002a70aca7158;  0 drivers
v000002a70adaba70_0 .net "t1", 0 0, L_000002a70ada6800;  1 drivers
v000002a70adabb10_0 .net "t2", 0 0, L_000002a70adabc50;  1 drivers
v000002a70adabbb0_0 .net "t3", 0 0, L_000002a70adabd30;  1 drivers
# The file index is used to find the file name in the following table.
:file_names 3;
    "N/A";
    "<interactive>";
    "example.v";
