#! /c/Source/iverilog-install/bin/vvp
:ivl_version "12.0 (devel)" "(s20150603-1539-g2693dd32b)";
:ivl_delay_selection "TYPICAL";
:vpi_time_precision + 0;
:vpi_module "C:\iverilog\lib\ivl\system.vpi";
:vpi_module "C:\iverilog\lib\ivl\vhdl_sys.vpi";
:vpi_module "C:\iverilog\lib\ivl\vhdl_textio.vpi";
:vpi_module "C:\iverilog\lib\ivl\v2005_math.vpi";
:vpi_module "C:\iverilog\lib\ivl\va_math.vpi";
S_000001bb99fdc920 .scope module, "example_tb" "example_tb" 2 2;
 .timescale 0 0;
v000001bb99f60700_0 .var "A", 0 0;
v000001bb99f60020_0 .var "B", 0 0;
v000001bb99f600c0_0 .var "C", 0 0;
v000001bb99f5fee0_0 .var "D", 0 0;
v000001bb99f607a0_0 .var "E", 0 0;
v000001bb99f5f8a0_0 .var "F", 0 0;
v000001bb99f60160_0 .net "Y", 0 0, L_000001bb99f609b0;  1 drivers
S_000001bb99fdcab0 .scope module, "DUT" "example" 2 4, 3 1 0, S_000001bb99fdc920;
 .timescale 0 0;
    .port_info 0 /INPUT 1 "A";
    .port_info 1 /INPUT 1 "B";
    .port_info 2 /INPUT 1 "C";
    .port_info 3 /INPUT 1 "D";
    .port_info 4 /INPUT 1 "E";
    .port_info 5 /INPUT 1 "F";
    .port_info 6 /OUTPUT 1 "Y";
o000001bb99f1b158 .functor BUFZ 1, C4<z>; HiZ drive
L_000001bb99fd67f0/d .functor NAND 1, v000001bb99f60700_0, o000001bb99f1b158, C4<1>, C4<1>;
L_000001bb99fd67f0 .delay 1 (1,1,1) L_000001bb99fd67f0/d;
L_000001bb99f60860/d .functor AND 1, v000001bb99f600c0_0, L_000001bb99f608d0, v000001bb99f5fee0_0, C4<1>;
L_000001bb99f60860 .delay 1 (2,2,2) L_000001bb99f60860/d;
L_000001bb99f608d0 .functor NOT 1, v000001bb99f60020_0, C4<0>, C4<0>, C4<0>;
L_000001bb99f60940/d .functor NAND 1, v000001bb99f607a0_0, v000001bb99f5f8a0_0, C4<1>, C4<1>;
L_000001bb99f60940 .delay 1 (1,1,1) L_000001bb99f60940/d;
L_000001bb99f609b0/d .functor NAND 1, L_000001bb99fd67f0, L_000001bb99f60860, L_000001bb99f60940, C4<1>;
L_000001bb99f609b0 .delay 1 (1,1,1) L_000001bb99f609b0/d;
v000001bb99fd6430_0 .net "A", 0 0, v000001bb99f60700_0;  1 drivers
v000001bb99fdbe10_0 .net "B", 0 0, v000001bb99f60020_0;  1 drivers
v000001bb99fdbeb0_0 .net "C", 0 0, v000001bb99f600c0_0;  1 drivers
v000001bb99f14400_0 .net "D", 0 0, v000001bb99f5fee0_0;  1 drivers
v000001bb99f144a0_0 .net "E", 0 0, v000001bb99f607a0_0;  1 drivers
v000001bb99f14540_0 .net "F", 0 0, v000001bb99f5f8a0_0;  1 drivers
v000001bb99fd64d0_0 .net "Y", 0 0, L_000001bb99f609b0;  alias, 1 drivers
v000001bb99fd6570_0 .net *"_ivl_0", 0 0, L_000001bb99f608d0;  1 drivers
v000001bb99fd6610_0 .net "b", 0 0, o000001bb99f1b158;  0 drivers
v000001bb99fd66b0_0 .net "t1", 0 0, L_000001bb99fd67f0;  1 drivers
v000001bb99fd6750_0 .net "t2", 0 0, L_000001bb99f60860;  1 drivers
v000001bb99f60480_0 .net "t3", 0 0, L_000001bb99f60940;  1 drivers
    .scope S_000001bb99fdc920;
T_0 ;
    %vpi_call 2 8 "$dumpfile", "example.vcd" {0 0 0};
    %vpi_call 2 9 "$dumpvars", 32'sb00000000000000000000000000000000, S_000001bb99fdc920 {0 0 0};
    %vpi_call 2 10 "$monitor", $time, "A=%b, B=%b, C=%b, D=%b, E=%b, F=%b, Y=%b", v000001bb99f60700_0, v000001bb99f60020_0, v000001bb99f600c0_0, v000001bb99f5fee0_0, v000001bb99f607a0_0, v000001bb99f5f8a0_0, v000001bb99f60160_0 {0 0 0};
    %delay 5, 0;
    %pushi/vec4 1, 0, 1;
    %store/vec4 v000001bb99f60700_0, 0, 1;
    %pushi/vec4 0, 0, 1;
    %store/vec4 v000001bb99f60020_0, 0, 1;
    %pushi/vec4 0, 0, 1;
    %store/vec4 v000001bb99f600c0_0, 0, 1;
    %pushi/vec4 1, 0, 1;
    %store/vec4 v000001bb99f5fee0_0, 0, 1;
    %pushi/vec4 0, 0, 1;
    %store/vec4 v000001bb99f607a0_0, 0, 1;
    %pushi/vec4 0, 0, 1;
    %store/vec4 v000001bb99f5f8a0_0, 0, 1;
    %delay 5, 0;
    %pushi/vec4 0, 0, 1;
    %store/vec4 v000001bb99f60700_0, 0, 1;
    %pushi/vec4 0, 0, 1;
    %store/vec4 v000001bb99f60020_0, 0, 1;
    %pushi/vec4 1, 0, 1;
    %store/vec4 v000001bb99f600c0_0, 0, 1;
    %pushi/vec4 1, 0, 1;
    %store/vec4 v000001bb99f5fee0_0, 0, 1;
    %pushi/vec4 0, 0, 1;
    %store/vec4 v000001bb99f607a0_0, 0, 1;
    %pushi/vec4 0, 0, 1;
    %store/vec4 v000001bb99f5f8a0_0, 0, 1;
    %delay 5, 0;
    %pushi/vec4 1, 0, 1;
    %store/vec4 v000001bb99f60700_0, 0, 1;
    %pushi/vec4 0, 0, 1;
    %store/vec4 v000001bb99f600c0_0, 0, 1;
    %delay 5, 0;
    %pushi/vec4 1, 0, 1;
    %store/vec4 v000001bb99f5f8a0_0, 0, 1;
    %delay 5, 0;
    %vpi_call 2 15 "$finish" {0 0 0};
    %end;
    .thread T_0;
# The file index is used to find the file name in the following table.
:file_names 4;
    "N/A";
    "<interactive>";
    "example_tb.v";
    "./example.v";
