#! /c/Source/iverilog-install/bin/vvp
:ivl_version "12.0 (devel)" "(s20150603-1539-g2693dd32b)";
:ivl_delay_selection "TYPICAL";
:vpi_time_precision + 0;
:vpi_module "C:\iverilog\lib\ivl\system.vpi";
:vpi_module "C:\iverilog\lib\ivl\vhdl_sys.vpi";
:vpi_module "C:\iverilog\lib\ivl\vhdl_textio.vpi";
:vpi_module "C:\iverilog\lib\ivl\v2005_math.vpi";
:vpi_module "C:\iverilog\lib\ivl\va_math.vpi";
S_0000023765179c30 .scope module, "fulladder_tb" "fulladder_tb" 2 2;
 .timescale 0 0;
v000002376517bcb0_0 .var "cin", 0 0;
v000002376517bd50_0 .net "cout", 0 0, L_000002376517b510;  1 drivers
v000002376517bdf0_0 .net "sum", 0 0, L_000002376517b660;  1 drivers
v000002376517be90_0 .var "x", 0 0;
v000002376517bf30_0 .var "y", 0 0;
S_000002376517b790 .scope module, "DUT" "fulladder" 2 6, 3 1 0, S_0000023765179c30;
 .timescale 0 0;
    .port_info 0 /OUTPUT 1 "sum";
    .port_info 1 /OUTPUT 1 "cout";
    .port_info 2 /INPUT 1 "x";
    .port_info 3 /INPUT 1 "y";
    .port_info 4 /INPUT 1 "cin";
L_000002376517b580 .functor XOR 1, v000002376517be90_0, v000002376517bf30_0, C4<0>, C4<0>;
L_000002376517b660 .functor XOR 1, L_000002376517b580, v000002376517bcb0_0, C4<0>, C4<0>;
L_000002376517b6d0 .functor AND 1, v000002376517be90_0, v000002376517bf30_0, C4<1>, C4<1>;
L_000002376517b270 .functor AND 1, L_000002376517b580, v000002376517bcb0_0, C4<1>, C4<1>;
L_000002376517b510 .functor OR 1, L_000002376517b270, L_000002376517b6d0, C4<0>, C4<0>;
v0000023765179dc0_0 .net "cin", 0 0, v000002376517bcb0_0;  1 drivers
v000002376517ab90_0 .net "cout", 0 0, L_000002376517b510;  alias, 1 drivers
v0000023765179aa0_0 .net "sum", 0 0, L_000002376517b660;  alias, 1 drivers
v000002376517b920 .array "w", 0 3;
v000002376517b920_0 .net v000002376517b920 0, 0 0, L_000002376517b580; 1 drivers
v000002376517b920_1 .net v000002376517b920 1, 0 0, L_000002376517b6d0; 1 drivers
v000002376517b920_2 .net v000002376517b920 2, 0 0, L_000002376517b270; 1 drivers
o00000237651ca0b8 .functor BUFZ 1, C4<z>; HiZ drive
v000002376517b920_3 .net v000002376517b920 3, 0 0, o00000237651ca0b8; 0 drivers
v000002376517b9c0_0 .net "x", 0 0, v000002376517be90_0;  1 drivers
v000002376517bc10_0 .net "y", 0 0, v000002376517bf30_0;  1 drivers
    .scope S_0000023765179c30;
T_0 ;
    %vpi_call 2 10 "$dumpfile", "fulladder.vcd" {0 0 0};
    %vpi_call 2 11 "$dumpvars", 32'sb00000000000000000000000000000000, S_0000023765179c30 {0 0 0};
    %vpi_call 2 12 "$monitor", $time, " Sum=%b, Cout=%b, X=%b, Y=%b, Cin=%b", v000002376517bdf0_0, v000002376517bd50_0, v000002376517be90_0, v000002376517bf30_0, v000002376517bcb0_0 {0 0 0};
    %delay 5, 0;
    %pushi/vec4 0, 0, 1;
    %store/vec4 v000002376517be90_0, 0, 1;
    %pushi/vec4 0, 0, 1;
    %store/vec4 v000002376517bf30_0, 0, 1;
    %pushi/vec4 0, 0, 1;
    %store/vec4 v000002376517bcb0_0, 0, 1;
    %delay 10, 0;
    %pushi/vec4 0, 0, 1;
    %store/vec4 v000002376517be90_0, 0, 1;
    %pushi/vec4 0, 0, 1;
    %store/vec4 v000002376517bf30_0, 0, 1;
    %pushi/vec4 1, 0, 1;
    %store/vec4 v000002376517bcb0_0, 0, 1;
    %delay 15, 0;
    %pushi/vec4 0, 0, 1;
    %store/vec4 v000002376517be90_0, 0, 1;
    %pushi/vec4 1, 0, 1;
    %store/vec4 v000002376517bf30_0, 0, 1;
    %pushi/vec4 0, 0, 1;
    %store/vec4 v000002376517bcb0_0, 0, 1;
    %delay 20, 0;
    %pushi/vec4 0, 0, 1;
    %store/vec4 v000002376517be90_0, 0, 1;
    %pushi/vec4 1, 0, 1;
    %store/vec4 v000002376517bf30_0, 0, 1;
    %pushi/vec4 1, 0, 1;
    %store/vec4 v000002376517bcb0_0, 0, 1;
    %delay 25, 0;
    %pushi/vec4 1, 0, 1;
    %store/vec4 v000002376517be90_0, 0, 1;
    %pushi/vec4 0, 0, 1;
    %store/vec4 v000002376517bf30_0, 0, 1;
    %pushi/vec4 0, 0, 1;
    %store/vec4 v000002376517bcb0_0, 0, 1;
    %delay 30, 0;
    %pushi/vec4 1, 0, 1;
    %store/vec4 v000002376517be90_0, 0, 1;
    %pushi/vec4 0, 0, 1;
    %store/vec4 v000002376517bf30_0, 0, 1;
    %pushi/vec4 1, 0, 1;
    %store/vec4 v000002376517bcb0_0, 0, 1;
    %delay 35, 0;
    %pushi/vec4 1, 0, 1;
    %store/vec4 v000002376517be90_0, 0, 1;
    %pushi/vec4 1, 0, 1;
    %store/vec4 v000002376517bf30_0, 0, 1;
    %pushi/vec4 0, 0, 1;
    %store/vec4 v000002376517bcb0_0, 0, 1;
    %delay 40, 0;
    %pushi/vec4 1, 0, 1;
    %store/vec4 v000002376517be90_0, 0, 1;
    %pushi/vec4 1, 0, 1;
    %store/vec4 v000002376517bf30_0, 0, 1;
    %pushi/vec4 1, 0, 1;
    %store/vec4 v000002376517bcb0_0, 0, 1;
    %delay 45, 0;
    %vpi_call 2 21 "$finish" {0 0 0};
    %end;
    .thread T_0;
# The file index is used to find the file name in the following table.
:file_names 4;
    "N/A";
    "<interactive>";
    "fulladder_tb.v";
    "./fulladder.v";
