#! /c/Source/iverilog-install/bin/vvp
:ivl_version "12.0 (devel)" "(s20150603-1539-g2693dd32b)";
:ivl_delay_selection "TYPICAL";
:vpi_time_precision + 0;
:vpi_module "C:\iverilog\lib\ivl\system.vpi";
:vpi_module "C:\iverilog\lib\ivl\vhdl_sys.vpi";
:vpi_module "C:\iverilog\lib\ivl\vhdl_textio.vpi";
:vpi_module "C:\iverilog\lib\ivl\v2005_math.vpi";
:vpi_module "C:\iverilog\lib\ivl\va_math.vpi";
S_0000026f1fbb6fb0 .scope module, "datapath" "datapath" 2 5;
 .timescale 0 0;
    .port_info 0 /OUTPUT 1 "gt";
    .port_info 1 /OUTPUT 1 "lt";
    .port_info 2 /OUTPUT 1 "eq";
    .port_info 3 /INPUT 1 "lda";
    .port_info 4 /INPUT 1 "ldb";
    .port_info 5 /INPUT 1 "sel1";
    .port_info 6 /INPUT 1 "sel2";
    .port_info 7 /INPUT 1 "sel_in";
    .port_info 8 /INPUT 16 "data_in";
    .port_info 9 /INPUT 1 "clk";
v0000026f1fc0ed80_0 .net "aout", 15 0, v0000026f1fb82800_0;  1 drivers
v0000026f1fc0ee20_0 .net "bout", 15 0, v0000026f1fbb5910_0;  1 drivers
v0000026f1fc0f320_0 .net "bus", 15 0, L_0000026f1fbb2c90;  1 drivers
o0000026f1fbbdfb8 .functor BUFZ 1, C4<z>; HiZ drive
v0000026f1fc0f3c0_0 .net "clk", 0 0, o0000026f1fbbdfb8;  0 drivers
o0000026f1fbbe648 .functor BUFZ 16, C4<zzzzzzzzzzzzzzzz>; HiZ drive
v0000026f1fc0f460_0 .net "data_in", 15 0, o0000026f1fbbe648;  0 drivers
v0000026f1fc0f500_0 .net "eq", 0 0, L_0000026f1fbb2830;  1 drivers
v0000026f1fc0e880_0 .net "gt", 0 0, L_0000026f1fbb3a50;  1 drivers
o0000026f1fbbe048 .functor BUFZ 1, C4<z>; HiZ drive
v0000026f1fc0e920_0 .net "lda", 0 0, o0000026f1fbbe048;  0 drivers
o0000026f1fbbe168 .functor BUFZ 1, C4<z>; HiZ drive
v0000026f1fc0e9c0_0 .net "ldb", 0 0, o0000026f1fbbe168;  0 drivers
v0000026f1fc0ea60_0 .net "lt", 0 0, L_0000026f1fbb4090;  1 drivers
o0000026f1fbbe408 .functor BUFZ 1, C4<z>; HiZ drive
v0000026f1fbb2bf0_0 .net "sel1", 0 0, o0000026f1fbbe408;  0 drivers
o0000026f1fbbe528 .functor BUFZ 1, C4<z>; HiZ drive
v0000026f1fbb3cd0_0 .net "sel2", 0 0, o0000026f1fbbe528;  0 drivers
o0000026f1fbbe678 .functor BUFZ 1, C4<z>; HiZ drive
v0000026f1fbb3730_0 .net "sel_in", 0 0, o0000026f1fbbe678;  0 drivers
v0000026f1fbb2dd0_0 .net "subout", 15 0, L_0000026f1fbb3eb0;  1 drivers
v0000026f1fbb3d70_0 .net "x", 15 0, L_0000026f1fbb39b0;  1 drivers
v0000026f1fbb2b50_0 .net "y", 15 0, L_0000026f1fbb3190;  1 drivers
S_0000026f1fbb71f0 .scope module, "A" "PIPO" 2 11, 3 1 0, S_0000026f1fbb6fb0;
 .timescale 0 0;
    .port_info 0 /OUTPUT 16 "dout";
    .port_info 1 /INPUT 16 "din";
    .port_info 2 /INPUT 1 "load";
    .port_info 3 /INPUT 1 "clk";
v0000026f1fbb7380_0 .net "clk", 0 0, o0000026f1fbbdfb8;  alias, 0 drivers
v0000026f1fb82760_0 .net "din", 15 0, L_0000026f1fbb2c90;  alias, 1 drivers
v0000026f1fb82800_0 .var "dout", 15 0;
v0000026f1fb828a0_0 .net "load", 0 0, o0000026f1fbbe048;  alias, 0 drivers
E_0000026f1fba9550 .event posedge, v0000026f1fbb7380_0;
S_0000026f1fb82940 .scope module, "B" "PIPO" 2 12, 3 1 0, S_0000026f1fbb6fb0;
 .timescale 0 0;
    .port_info 0 /OUTPUT 16 "dout";
    .port_info 1 /INPUT 16 "din";
    .port_info 2 /INPUT 1 "load";
    .port_info 3 /INPUT 1 "clk";
v0000026f1fb82ad0_0 .net "clk", 0 0, o0000026f1fbbdfb8;  alias, 0 drivers
v0000026f1fbb5870_0 .net "din", 15 0, L_0000026f1fbb2c90;  alias, 1 drivers
v0000026f1fbb5910_0 .var "dout", 15 0;
v0000026f1fbb59b0_0 .net "load", 0 0, o0000026f1fbbe168;  alias, 0 drivers
S_0000026f1fbb5a50 .scope module, "COMP" "COMPARE" 2 17, 4 1 0, S_0000026f1fbb6fb0;
 .timescale 0 0;
    .port_info 0 /OUTPUT 1 "lt";
    .port_info 1 /OUTPUT 1 "gt";
    .port_info 2 /OUTPUT 1 "eq";
    .port_info 3 /INPUT 16 "din1";
    .port_info 4 /INPUT 16 "din2";
v0000026f1fbb5be0_0 .net "din1", 15 0, v0000026f1fb82800_0;  alias, 1 drivers
v0000026f1fb6d740_0 .net "din2", 15 0, v0000026f1fbb5910_0;  alias, 1 drivers
v0000026f1fb6d7e0_0 .net "eq", 0 0, L_0000026f1fbb2830;  alias, 1 drivers
v0000026f1fb6d880_0 .net "gt", 0 0, L_0000026f1fbb3a50;  alias, 1 drivers
v0000026f1fb6d920_0 .net "lt", 0 0, L_0000026f1fbb4090;  alias, 1 drivers
L_0000026f1fbb4090 .cmp/gt 16, v0000026f1fbb5910_0, v0000026f1fb82800_0;
L_0000026f1fbb3a50 .cmp/gt 16, v0000026f1fb82800_0, v0000026f1fbb5910_0;
L_0000026f1fbb2830 .cmp/eq 16, v0000026f1fb82800_0, v0000026f1fbb5910_0;
S_0000026f1fb6d9c0 .scope module, "MUX_in1" "MUX" 2 13, 5 1 0, S_0000026f1fbb6fb0;
 .timescale 0 0;
    .port_info 0 /OUTPUT 16 "dout";
    .port_info 1 /INPUT 16 "in0";
    .port_info 2 /INPUT 16 "in1";
    .port_info 3 /INPUT 1 "select";
v0000026f1fc0eba0_0 .net "dout", 15 0, L_0000026f1fbb39b0;  alias, 1 drivers
v0000026f1fc0eb00_0 .net "in0", 15 0, v0000026f1fb82800_0;  alias, 1 drivers
v0000026f1fc0eec0_0 .net "in1", 15 0, v0000026f1fbb5910_0;  alias, 1 drivers
v0000026f1fc0ef60_0 .net "select", 0 0, o0000026f1fbbe408;  alias, 0 drivers
L_0000026f1fbb39b0 .functor MUXZ 16, v0000026f1fb82800_0, v0000026f1fbb5910_0, o0000026f1fbbe408, C4<>;
S_0000026f1fc0f840 .scope module, "MUX_in2" "MUX" 2 14, 5 1 0, S_0000026f1fbb6fb0;
 .timescale 0 0;
    .port_info 0 /OUTPUT 16 "dout";
    .port_info 1 /INPUT 16 "in0";
    .port_info 2 /INPUT 16 "in1";
    .port_info 3 /INPUT 1 "select";
v0000026f1fc0ec40_0 .net "dout", 15 0, L_0000026f1fbb3190;  alias, 1 drivers
v0000026f1fc0f000_0 .net "in0", 15 0, v0000026f1fb82800_0;  alias, 1 drivers
v0000026f1fc0f6e0_0 .net "in1", 15 0, v0000026f1fbb5910_0;  alias, 1 drivers
v0000026f1fc0f780_0 .net "select", 0 0, o0000026f1fbbe528;  alias, 0 drivers
L_0000026f1fbb3190 .functor MUXZ 16, v0000026f1fb82800_0, v0000026f1fbb5910_0, o0000026f1fbbe528, C4<>;
S_0000026f1fc0f9d0 .scope module, "MUX_load" "MUX" 2 15, 5 1 0, S_0000026f1fbb6fb0;
 .timescale 0 0;
    .port_info 0 /OUTPUT 16 "dout";
    .port_info 1 /INPUT 16 "in0";
    .port_info 2 /INPUT 16 "in1";
    .port_info 3 /INPUT 1 "select";
v0000026f1fc0f280_0 .net "dout", 15 0, L_0000026f1fbb2c90;  alias, 1 drivers
v0000026f1fc0f0a0_0 .net "in0", 15 0, L_0000026f1fbb3eb0;  alias, 1 drivers
v0000026f1fc0f5a0_0 .net "in1", 15 0, o0000026f1fbbe648;  alias, 0 drivers
v0000026f1fc0f140_0 .net "select", 0 0, o0000026f1fbbe678;  alias, 0 drivers
L_0000026f1fbb2c90 .functor MUXZ 16, L_0000026f1fbb3eb0, o0000026f1fbbe648, o0000026f1fbbe678, C4<>;
S_0000026f1fc0fb60 .scope module, "SB" "SUB" 2 16, 6 1 0, S_0000026f1fbb6fb0;
 .timescale 0 0;
    .port_info 0 /OUTPUT 16 "dout";
    .port_info 1 /INPUT 16 "din1";
    .port_info 2 /INPUT 16 "din2";
v0000026f1fc0ece0_0 .net "din1", 15 0, L_0000026f1fbb39b0;  alias, 1 drivers
v0000026f1fc0f640_0 .net "din2", 15 0, L_0000026f1fbb3190;  alias, 1 drivers
v0000026f1fc0f1e0_0 .net "dout", 15 0, L_0000026f1fbb3eb0;  alias, 1 drivers
L_0000026f1fbb3eb0 .arith/sub 16, L_0000026f1fbb39b0, L_0000026f1fbb3190;
    .scope S_0000026f1fbb71f0;
T_0 ;
    %wait E_0000026f1fba9550;
    %load/vec4 v0000026f1fb828a0_0;
    %flag_set/vec4 8;
    %jmp/0xz  T_0.0, 8;
    %load/vec4 v0000026f1fb82760_0;
    %assign/vec4 v0000026f1fb82800_0, 0;
T_0.0 ;
    %jmp T_0;
    .thread T_0;
    .scope S_0000026f1fb82940;
T_1 ;
    %wait E_0000026f1fba9550;
    %load/vec4 v0000026f1fbb59b0_0;
    %flag_set/vec4 8;
    %jmp/0xz  T_1.0, 8;
    %load/vec4 v0000026f1fbb5870_0;
    %assign/vec4 v0000026f1fbb5910_0, 0;
T_1.0 ;
    %jmp T_1;
    .thread T_1;
# The file index is used to find the file name in the following table.
:file_names 7;
    "N/A";
    "<interactive>";
    "gcd_datapath.v";
    "./PIPO.v";
    "./COMPARE.v";
    "./MUX.v";
    "./SUB.v";
