#! /c/Source/iverilog-install/bin/vvp
:ivl_version "12.0 (devel)" "(s20150603-1539-g2693dd32b)";
:ivl_delay_selection "TYPICAL";
:vpi_time_precision + 0;
:vpi_module "C:\iverilog\lib\ivl\system.vpi";
:vpi_module "C:\iverilog\lib\ivl\vhdl_sys.vpi";
:vpi_module "C:\iverilog\lib\ivl\vhdl_textio.vpi";
:vpi_module "C:\iverilog\lib\ivl\v2005_math.vpi";
:vpi_module "C:\iverilog\lib\ivl\va_math.vpi";
S_000001e9ea172830 .scope module, "controller" "controller" 2 1;
 .timescale 0 0;
    .port_info 0 /OUTPUT 1 "lda";
    .port_info 1 /OUTPUT 1 "ldb";
    .port_info 2 /OUTPUT 1 "sel1";
    .port_info 3 /OUTPUT 1 "sel2";
    .port_info 4 /OUTPUT 1 "sel_in";
    .port_info 5 /OUTPUT 1 "done";
    .port_info 6 /INPUT 1 "clk";
    .port_info 7 /INPUT 1 "lt";
    .port_info 8 /INPUT 1 "gt";
    .port_info 9 /INPUT 1 "eq";
    .port_info 10 /INPUT 1 "start";
P_000001e9ea1729c0 .param/l "s0" 0 2 6, C4<000>;
P_000001e9ea1729f8 .param/l "s1" 0 2 6, C4<001>;
P_000001e9ea172a30 .param/l "s2" 0 2 6, C4<010>;
P_000001e9ea172a68 .param/l "s3" 0 2 6, C4<011>;
P_000001e9ea172aa0 .param/l "s4" 0 2 6, C4<100>;
P_000001e9ea172ad8 .param/l "s5" 0 2 6, C4<101>;
o000001e9ea1b3f98 .functor BUFZ 1, C4<z>; HiZ drive
v000001e9ea172b20_0 .net "clk", 0 0, o000001e9ea1b3f98;  0 drivers
v000001e9ea15be60_0 .var "done", 0 0;
o000001e9ea1b3ff8 .functor BUFZ 1, C4<z>; HiZ drive
v000001e9ea1fb030_0 .net "eq", 0 0, o000001e9ea1b3ff8;  0 drivers
o000001e9ea1b4028 .functor BUFZ 1, C4<z>; HiZ drive
v000001e9ea1fb0d0_0 .net "gt", 0 0, o000001e9ea1b4028;  0 drivers
v000001e9ea1fb170_0 .var "lda", 0 0;
v000001e9ea1fb210_0 .var "ldb", 0 0;
o000001e9ea1b40b8 .functor BUFZ 1, C4<z>; HiZ drive
v000001e9ea1fb2b0_0 .net "lt", 0 0, o000001e9ea1b40b8;  0 drivers
v000001e9ea1fb350_0 .var "sel1", 0 0;
v000001e9ea1fb3f0_0 .var "sel2", 0 0;
v000001e9ea1fb490_0 .var "sel_in", 0 0;
o000001e9ea1b4178 .functor BUFZ 1, C4<z>; HiZ drive
v000001e9ea1fb530_0 .net "start", 0 0, o000001e9ea1b4178;  0 drivers
v000001e9ea1fb5d0_0 .var "state", 2 0;
E_000001e9ea1584d0 .event anyedge, v000001e9ea1fb5d0_0;
E_000001e9ea158590 .event posedge, v000001e9ea172b20_0;
    .scope S_000001e9ea172830;
T_0 ;
    %wait E_000001e9ea158590;
    %load/vec4 v000001e9ea1fb5d0_0;
    %dup/vec4;
    %pushi/vec4 0, 0, 3;
    %cmp/u;
    %jmp/1 T_0.0, 6;
    %dup/vec4;
    %pushi/vec4 1, 0, 3;
    %cmp/u;
    %jmp/1 T_0.1, 6;
    %dup/vec4;
    %pushi/vec4 2, 0, 3;
    %cmp/u;
    %jmp/1 T_0.2, 6;
    %dup/vec4;
    %pushi/vec4 3, 0, 3;
    %cmp/u;
    %jmp/1 T_0.3, 6;
    %dup/vec4;
    %pushi/vec4 4, 0, 3;
    %cmp/u;
    %jmp/1 T_0.4, 6;
    %dup/vec4;
    %pushi/vec4 5, 0, 3;
    %cmp/u;
    %jmp/1 T_0.5, 6;
    %pushi/vec4 0, 0, 3;
    %assign/vec4 v000001e9ea1fb5d0_0, 0;
    %jmp T_0.7;
T_0.0 ;
    %load/vec4 v000001e9ea1fb530_0;
    %flag_set/vec4 8;
    %jmp/0xz  T_0.8, 8;
    %pushi/vec4 1, 0, 3;
    %assign/vec4 v000001e9ea1fb5d0_0, 0;
T_0.8 ;
    %jmp T_0.7;
T_0.1 ;
    %pushi/vec4 2, 0, 3;
    %assign/vec4 v000001e9ea1fb5d0_0, 0;
    %jmp T_0.7;
T_0.2 ;
    %delay 2, 0;
    %load/vec4 v000001e9ea1fb030_0;
    %flag_set/vec4 8;
    %jmp/0xz  T_0.10, 8;
    %pushi/vec4 5, 0, 3;
    %assign/vec4 v000001e9ea1fb5d0_0, 0;
    %jmp T_0.11;
T_0.10 ;
    %load/vec4 v000001e9ea1fb2b0_0;
    %flag_set/vec4 8;
    %jmp/0xz  T_0.12, 8;
    %pushi/vec4 3, 0, 3;
    %assign/vec4 v000001e9ea1fb5d0_0, 0;
    %jmp T_0.13;
T_0.12 ;
    %load/vec4 v000001e9ea1fb0d0_0;
    %flag_set/vec4 8;
    %jmp/0xz  T_0.14, 8;
    %pushi/vec4 4, 0, 3;
    %assign/vec4 v000001e9ea1fb5d0_0, 0;
T_0.14 ;
T_0.13 ;
T_0.11 ;
    %jmp T_0.7;
T_0.3 ;
    %delay 2, 0;
    %load/vec4 v000001e9ea1fb030_0;
    %flag_set/vec4 8;
    %jmp/0xz  T_0.16, 8;
    %pushi/vec4 5, 0, 3;
    %assign/vec4 v000001e9ea1fb5d0_0, 0;
    %jmp T_0.17;
T_0.16 ;
    %load/vec4 v000001e9ea1fb2b0_0;
    %flag_set/vec4 8;
    %jmp/0xz  T_0.18, 8;
    %pushi/vec4 3, 0, 3;
    %assign/vec4 v000001e9ea1fb5d0_0, 0;
    %jmp T_0.19;
T_0.18 ;
    %load/vec4 v000001e9ea1fb0d0_0;
    %flag_set/vec4 8;
    %jmp/0xz  T_0.20, 8;
    %pushi/vec4 4, 0, 3;
    %assign/vec4 v000001e9ea1fb5d0_0, 0;
T_0.20 ;
T_0.19 ;
T_0.17 ;
    %jmp T_0.7;
T_0.4 ;
    %delay 2, 0;
    %load/vec4 v000001e9ea1fb030_0;
    %flag_set/vec4 8;
    %jmp/0xz  T_0.22, 8;
    %pushi/vec4 5, 0, 3;
    %assign/vec4 v000001e9ea1fb5d0_0, 0;
    %jmp T_0.23;
T_0.22 ;
    %load/vec4 v000001e9ea1fb2b0_0;
    %flag_set/vec4 8;
    %jmp/0xz  T_0.24, 8;
    %pushi/vec4 3, 0, 3;
    %assign/vec4 v000001e9ea1fb5d0_0, 0;
    %jmp T_0.25;
T_0.24 ;
    %load/vec4 v000001e9ea1fb0d0_0;
    %flag_set/vec4 8;
    %jmp/0xz  T_0.26, 8;
    %pushi/vec4 4, 0, 3;
    %assign/vec4 v000001e9ea1fb5d0_0, 0;
T_0.26 ;
T_0.25 ;
T_0.23 ;
    %jmp T_0.7;
T_0.5 ;
    %pushi/vec4 5, 0, 3;
    %assign/vec4 v000001e9ea1fb5d0_0, 0;
    %jmp T_0.7;
T_0.7 ;
    %pop/vec4 1;
    %jmp T_0;
    .thread T_0;
    .scope S_000001e9ea172830;
T_1 ;
    %wait E_000001e9ea1584d0;
    %load/vec4 v000001e9ea1fb5d0_0;
    %dup/vec4;
    %pushi/vec4 0, 0, 3;
    %cmp/u;
    %jmp/1 T_1.0, 6;
    %dup/vec4;
    %pushi/vec4 1, 0, 3;
    %cmp/u;
    %jmp/1 T_1.1, 6;
    %dup/vec4;
    %pushi/vec4 2, 0, 3;
    %cmp/u;
    %jmp/1 T_1.2, 6;
    %dup/vec4;
    %pushi/vec4 3, 0, 3;
    %cmp/u;
    %jmp/1 T_1.3, 6;
    %dup/vec4;
    %pushi/vec4 4, 0, 3;
    %cmp/u;
    %jmp/1 T_1.4, 6;
    %dup/vec4;
    %pushi/vec4 5, 0, 3;
    %cmp/u;
    %jmp/1 T_1.5, 6;
    %pushi/vec4 0, 0, 1;
    %store/vec4 v000001e9ea1fb170_0, 0, 1;
    %pushi/vec4 0, 0, 1;
    %store/vec4 v000001e9ea1fb210_0, 0, 1;
    %jmp T_1.7;
T_1.0 ;
    %pushi/vec4 1, 0, 1;
    %store/vec4 v000001e9ea1fb490_0, 0, 1;
    %pushi/vec4 1, 0, 1;
    %store/vec4 v000001e9ea1fb170_0, 0, 1;
    %pushi/vec4 0, 0, 1;
    %store/vec4 v000001e9ea1fb210_0, 0, 1;
    %pushi/vec4 0, 0, 1;
    %store/vec4 v000001e9ea15be60_0, 0, 1;
    %jmp T_1.7;
T_1.1 ;
    %pushi/vec4 1, 0, 1;
    %store/vec4 v000001e9ea1fb490_0, 0, 1;
    %pushi/vec4 0, 0, 1;
    %store/vec4 v000001e9ea1fb170_0, 0, 1;
    %pushi/vec4 1, 0, 1;
    %store/vec4 v000001e9ea1fb210_0, 0, 1;
    %pushi/vec4 0, 0, 1;
    %store/vec4 v000001e9ea15be60_0, 0, 1;
    %jmp T_1.7;
T_1.2 ;
    %load/vec4 v000001e9ea1fb030_0;
    %flag_set/vec4 8;
    %jmp/0xz  T_1.8, 8;
    %pushi/vec4 1, 0, 1;
    %store/vec4 v000001e9ea15be60_0, 0, 1;
    %jmp T_1.9;
T_1.8 ;
    %load/vec4 v000001e9ea1fb2b0_0;
    %flag_set/vec4 8;
    %jmp/0xz  T_1.10, 8;
    %pushi/vec4 1, 0, 1;
    %store/vec4 v000001e9ea1fb350_0, 0, 1;
    %pushi/vec4 0, 0, 1;
    %store/vec4 v000001e9ea1fb3f0_0, 0, 1;
    %pushi/vec4 0, 0, 1;
    %store/vec4 v000001e9ea1fb490_0, 0, 1;
    %delay 1, 0;
    %pushi/vec4 0, 0, 1;
    %store/vec4 v000001e9ea1fb170_0, 0, 1;
    %pushi/vec4 1, 0, 1;
    %store/vec4 v000001e9ea1fb210_0, 0, 1;
    %jmp T_1.11;
T_1.10 ;
    %load/vec4 v000001e9ea1fb0d0_0;
    %flag_set/vec4 8;
    %jmp/0xz  T_1.12, 8;
    %pushi/vec4 0, 0, 1;
    %store/vec4 v000001e9ea1fb350_0, 0, 1;
    %pushi/vec4 1, 0, 1;
    %store/vec4 v000001e9ea1fb3f0_0, 0, 1;
    %pushi/vec4 0, 0, 1;
    %store/vec4 v000001e9ea1fb490_0, 0, 1;
T_1.12 ;
T_1.11 ;
T_1.9 ;
    %jmp T_1.7;
T_1.3 ;
    %load/vec4 v000001e9ea1fb030_0;
    %flag_set/vec4 8;
    %jmp/0xz  T_1.14, 8;
    %pushi/vec4 1, 0, 1;
    %store/vec4 v000001e9ea15be60_0, 0, 1;
    %jmp T_1.15;
T_1.14 ;
    %load/vec4 v000001e9ea1fb2b0_0;
    %flag_set/vec4 8;
    %jmp/0xz  T_1.16, 8;
    %pushi/vec4 1, 0, 1;
    %store/vec4 v000001e9ea1fb350_0, 0, 1;
    %pushi/vec4 0, 0, 1;
    %store/vec4 v000001e9ea1fb3f0_0, 0, 1;
    %pushi/vec4 0, 0, 1;
    %store/vec4 v000001e9ea1fb490_0, 0, 1;
    %delay 2, 0;
    %pushi/vec4 0, 0, 1;
    %store/vec4 v000001e9ea1fb170_0, 0, 1;
    %pushi/vec4 1, 0, 1;
    %store/vec4 v000001e9ea1fb210_0, 0, 1;
    %jmp T_1.17;
T_1.16 ;
    %load/vec4 v000001e9ea1fb0d0_0;
    %flag_set/vec4 8;
    %jmp/0xz  T_1.18, 8;
    %pushi/vec4 0, 0, 1;
    %store/vec4 v000001e9ea1fb350_0, 0, 1;
    %pushi/vec4 1, 0, 1;
    %store/vec4 v000001e9ea1fb3f0_0, 0, 1;
    %pushi/vec4 0, 0, 1;
    %store/vec4 v000001e9ea1fb490_0, 0, 1;
    %delay 2, 0;
    %pushi/vec4 1, 0, 1;
    %store/vec4 v000001e9ea1fb170_0, 0, 1;
    %pushi/vec4 0, 0, 1;
    %store/vec4 v000001e9ea1fb210_0, 0, 1;
T_1.18 ;
T_1.17 ;
T_1.15 ;
    %jmp T_1.7;
T_1.4 ;
    %load/vec4 v000001e9ea1fb030_0;
    %flag_set/vec4 8;
    %jmp/0xz  T_1.20, 8;
    %pushi/vec4 1, 0, 1;
    %store/vec4 v000001e9ea15be60_0, 0, 1;
    %jmp T_1.21;
T_1.20 ;
    %load/vec4 v000001e9ea1fb2b0_0;
    %flag_set/vec4 8;
    %jmp/0xz  T_1.22, 8;
    %pushi/vec4 1, 0, 1;
    %store/vec4 v000001e9ea1fb350_0, 0, 1;
    %pushi/vec4 0, 0, 1;
    %store/vec4 v000001e9ea1fb3f0_0, 0, 1;
    %pushi/vec4 0, 0, 1;
    %store/vec4 v000001e9ea1fb490_0, 0, 1;
    %delay 2, 0;
    %pushi/vec4 0, 0, 1;
    %store/vec4 v000001e9ea1fb170_0, 0, 1;
    %pushi/vec4 1, 0, 1;
    %store/vec4 v000001e9ea1fb210_0, 0, 1;
    %jmp T_1.23;
T_1.22 ;
    %load/vec4 v000001e9ea1fb0d0_0;
    %flag_set/vec4 8;
    %jmp/0xz  T_1.24, 8;
    %pushi/vec4 0, 0, 1;
    %store/vec4 v000001e9ea1fb350_0, 0, 1;
    %pushi/vec4 1, 0, 1;
    %store/vec4 v000001e9ea1fb3f0_0, 0, 1;
    %pushi/vec4 0, 0, 1;
    %store/vec4 v000001e9ea1fb490_0, 0, 1;
    %delay 2, 0;
    %pushi/vec4 1, 0, 1;
    %store/vec4 v000001e9ea1fb170_0, 0, 1;
    %pushi/vec4 1, 0, 1;
    %store/vec4 v000001e9ea1fb210_0, 0, 1;
T_1.24 ;
T_1.23 ;
T_1.21 ;
    %jmp T_1.7;
T_1.5 ;
    %pushi/vec4 1, 0, 1;
    %store/vec4 v000001e9ea15be60_0, 0, 1;
    %pushi/vec4 0, 0, 1;
    %store/vec4 v000001e9ea1fb350_0, 0, 1;
    %pushi/vec4 0, 0, 1;
    %store/vec4 v000001e9ea1fb3f0_0, 0, 1;
    %pushi/vec4 0, 0, 1;
    %store/vec4 v000001e9ea1fb170_0, 0, 1;
    %pushi/vec4 0, 0, 1;
    %store/vec4 v000001e9ea1fb210_0, 0, 1;
    %jmp T_1.7;
T_1.7 ;
    %pop/vec4 1;
    %jmp T_1;
    .thread T_1, $push;
# The file index is used to find the file name in the following table.
:file_names 3;
    "N/A";
    "<interactive>";
    "gcd_controller.v";
