#! /c/Source/iverilog-install/bin/vvp
:ivl_version "12.0 (devel)" "(s20150603-1539-g2693dd32b)";
:ivl_delay_selection "TYPICAL";
:vpi_time_precision + 0;
:vpi_module "C:\iverilog\lib\ivl\system.vpi";
:vpi_module "C:\iverilog\lib\ivl\vhdl_sys.vpi";
:vpi_module "C:\iverilog\lib\ivl\vhdl_textio.vpi";
:vpi_module "C:\iverilog\lib\ivl\v2005_math.vpi";
:vpi_module "C:\iverilog\lib\ivl\va_math.vpi";
S_0000018a82cc2880 .scope module, "jk_ff" "jk_ff" 2 1;
 .timescale 0 0;
    .port_info 0 /INPUT 1 "clk";
    .port_info 1 /INPUT 1 "j";
    .port_info 2 /INPUT 1 "k";
    .port_info 3 /INPUT 1 "preset";
    .port_info 4 /INPUT 1 "clear";
    .port_info 5 /OUTPUT 1 "q";
o0000018a82cf6fb8 .functor BUFZ 1, C4<z>; HiZ drive
v0000018a82cc2a10_0 .net "clear", 0 0, o0000018a82cf6fb8;  0 drivers
o0000018a82cf6fe8 .functor BUFZ 1, C4<z>; HiZ drive
v0000018a82cc2ab0_0 .net "clk", 0 0, o0000018a82cf6fe8;  0 drivers
o0000018a82cf7018 .functor BUFZ 1, C4<z>; HiZ drive
v0000018a82cc2b50_0 .net "j", 0 0, o0000018a82cf7018;  0 drivers
o0000018a82cf7048 .functor BUFZ 1, C4<z>; HiZ drive
v0000018a82e0b960_0 .net "k", 0 0, o0000018a82cf7048;  0 drivers
o0000018a82cf7078 .functor BUFZ 1, C4<z>; HiZ drive
v0000018a82e0ba00_0 .net "preset", 0 0, o0000018a82cf7078;  0 drivers
v0000018a82e0baa0_0 .var "q", 0 0;
E_0000018a82e0c810/0 .event anyedge, v0000018a82cc2a10_0, v0000018a82e0ba00_0;
E_0000018a82e0c810/1 .event negedge, v0000018a82cc2ab0_0;
E_0000018a82e0c810 .event/or E_0000018a82e0c810/0, E_0000018a82e0c810/1;
    .scope S_0000018a82cc2880;
T_0 ;
    %wait E_0000018a82e0c810;
    %load/vec4 v0000018a82e0ba00_0;
    %nor/r;
    %flag_set/vec4 8;
    %jmp/0xz  T_0.0, 8;
    %pushi/vec4 1, 0, 1;
    %assign/vec4 v0000018a82e0baa0_0, 0;
    %jmp T_0.1;
T_0.0 ;
    %load/vec4 v0000018a82cc2a10_0;
    %nor/r;
    %flag_set/vec4 8;
    %jmp/0xz  T_0.2, 8;
    %pushi/vec4 0, 0, 1;
    %assign/vec4 v0000018a82e0baa0_0, 0;
    %jmp T_0.3;
T_0.2 ;
    %load/vec4 v0000018a82cc2b50_0;
    %load/vec4 v0000018a82e0b960_0;
    %concat/vec4; draw_concat_vec4
    %dup/vec4;
    %pushi/vec4 0, 0, 2;
    %cmp/u;
    %jmp/1 T_0.4, 6;
    %dup/vec4;
    %pushi/vec4 1, 0, 2;
    %cmp/u;
    %jmp/1 T_0.5, 6;
    %dup/vec4;
    %pushi/vec4 2, 0, 2;
    %cmp/u;
    %jmp/1 T_0.6, 6;
    %dup/vec4;
    %pushi/vec4 3, 0, 2;
    %cmp/u;
    %jmp/1 T_0.7, 6;
    %jmp T_0.8;
T_0.4 ;
    %load/vec4 v0000018a82e0baa0_0;
    %assign/vec4 v0000018a82e0baa0_0, 0;
    %jmp T_0.8;
T_0.5 ;
    %pushi/vec4 0, 0, 1;
    %assign/vec4 v0000018a82e0baa0_0, 0;
    %jmp T_0.8;
T_0.6 ;
    %pushi/vec4 1, 0, 1;
    %assign/vec4 v0000018a82e0baa0_0, 0;
    %jmp T_0.8;
T_0.7 ;
    %load/vec4 v0000018a82e0baa0_0;
    %inv;
    %assign/vec4 v0000018a82e0baa0_0, 0;
    %jmp T_0.8;
T_0.8 ;
    %pop/vec4 1;
T_0.3 ;
T_0.1 ;
    %jmp T_0;
    .thread T_0;
# The file index is used to find the file name in the following table.
:file_names 3;
    "N/A";
    "<interactive>";
    "jk_ff.v";
