#! /c/Source/iverilog-install/bin/vvp
:ivl_version "12.0 (devel)" "(s20150603-1539-g2693dd32b)";
:ivl_delay_selection "TYPICAL";
:vpi_time_precision + 0;
:vpi_module "C:\iverilog\lib\ivl\system.vpi";
:vpi_module "C:\iverilog\lib\ivl\vhdl_sys.vpi";
:vpi_module "C:\iverilog\lib\ivl\vhdl_textio.vpi";
:vpi_module "C:\iverilog\lib\ivl\v2005_math.vpi";
:vpi_module "C:\iverilog\lib\ivl\va_math.vpi";
S_000002b0b6e7d680 .scope module, "jkff_tb" "jkff_tb" 2 2;
 .timescale 0 0;
v000002b0b6eb52a0_0 .var "clear", 0 0;
v000002b0b6eb5340_0 .var "clk", 0 0;
v000002b0b6eb53e0_0 .var "j", 0 0;
v000002b0b6eb5480_0 .var "k", 0 0;
v000002b0b6eb5520_0 .var "preset", 0 0;
v000002b0b6f0f850_0 .net "q", 0 0, v000002b0b6eb5200_0;  1 drivers
S_000002b0b6e7d810 .scope module, "DUT" "jk_ff" 2 6, 3 1 0, S_000002b0b6e7d680;
 .timescale 0 0;
    .port_info 0 /INPUT 1 "clk";
    .port_info 1 /INPUT 1 "j";
    .port_info 2 /INPUT 1 "k";
    .port_info 3 /INPUT 1 "preset";
    .port_info 4 /INPUT 1 "clear";
    .port_info 5 /OUTPUT 1 "q";
v000002b0b6e7ad00_0 .net "clear", 0 0, v000002b0b6eb52a0_0;  1 drivers
v000002b0b6e7bf00_0 .net "clk", 0 0, v000002b0b6eb5340_0;  1 drivers
v000002b0b6eb5020_0 .net "j", 0 0, v000002b0b6eb53e0_0;  1 drivers
v000002b0b6eb50c0_0 .net "k", 0 0, v000002b0b6eb5480_0;  1 drivers
v000002b0b6eb5160_0 .net "preset", 0 0, v000002b0b6eb5520_0;  1 drivers
v000002b0b6eb5200_0 .var "q", 0 0;
E_000002b0b6e79080/0 .event anyedge, v000002b0b6e7ad00_0, v000002b0b6eb5160_0;
E_000002b0b6e79080/1 .event negedge, v000002b0b6e7bf00_0;
E_000002b0b6e79080 .event/or E_000002b0b6e79080/0, E_000002b0b6e79080/1;
    .scope S_000002b0b6e7d810;
T_0 ;
    %wait E_000002b0b6e79080;
    %load/vec4 v000002b0b6eb5160_0;
    %nor/r;
    %flag_set/vec4 8;
    %jmp/0xz  T_0.0, 8;
    %pushi/vec4 1, 0, 1;
    %assign/vec4 v000002b0b6eb5200_0, 0;
    %jmp T_0.1;
T_0.0 ;
    %load/vec4 v000002b0b6e7ad00_0;
    %nor/r;
    %flag_set/vec4 8;
    %jmp/0xz  T_0.2, 8;
    %pushi/vec4 0, 0, 1;
    %assign/vec4 v000002b0b6eb5200_0, 0;
    %jmp T_0.3;
T_0.2 ;
    %load/vec4 v000002b0b6eb5020_0;
    %load/vec4 v000002b0b6eb50c0_0;
    %concat/vec4; draw_concat_vec4
    %dup/vec4;
    %pushi/vec4 0, 0, 2;
    %cmp/u;
    %jmp/1 T_0.4, 6;
    %dup/vec4;
    %pushi/vec4 1, 0, 2;
    %cmp/u;
    %jmp/1 T_0.5, 6;
    %dup/vec4;
    %pushi/vec4 2, 0, 2;
    %cmp/u;
    %jmp/1 T_0.6, 6;
    %dup/vec4;
    %pushi/vec4 3, 0, 2;
    %cmp/u;
    %jmp/1 T_0.7, 6;
    %jmp T_0.8;
T_0.4 ;
    %load/vec4 v000002b0b6eb5200_0;
    %assign/vec4 v000002b0b6eb5200_0, 0;
    %jmp T_0.8;
T_0.5 ;
    %pushi/vec4 0, 0, 1;
    %assign/vec4 v000002b0b6eb5200_0, 0;
    %jmp T_0.8;
T_0.6 ;
    %pushi/vec4 1, 0, 1;
    %assign/vec4 v000002b0b6eb5200_0, 0;
    %jmp T_0.8;
T_0.7 ;
    %load/vec4 v000002b0b6eb5200_0;
    %inv;
    %assign/vec4 v000002b0b6eb5200_0, 0;
    %jmp T_0.8;
T_0.8 ;
    %pop/vec4 1;
T_0.3 ;
T_0.1 ;
    %jmp T_0;
    .thread T_0;
    .scope S_000002b0b6e7d680;
T_1 ;
    %delay 5, 0;
    %load/vec4 v000002b0b6eb5340_0;
    %inv;
    %store/vec4 v000002b0b6eb5340_0, 0, 1;
    %jmp T_1;
    .thread T_1;
    .scope S_000002b0b6e7d680;
T_2 ;
    %vpi_call 2 12 "$dumpfile", "jk_ff.vcd" {0 0 0};
    %vpi_call 2 13 "$dumpvars", 32'sb00000000000000000000000000000000, S_000002b0b6e7d680 {0 0 0};
    %vpi_call 2 14 "$monitor", $time, " CLOCK=%b ,J=%b, F=%b, PRESET=%b, CLEAR=%b, Q=%b", v000002b0b6eb5340_0, v000002b0b6eb53e0_0, v000002b0b6eb5480_0, v000002b0b6eb5520_0, v000002b0b6eb52a0_0, v000002b0b6f0f850_0 {0 0 0};
    %pushi/vec4 1, 0, 1;
    %store/vec4 v000002b0b6eb5340_0, 0, 1;
    %pushi/vec4 0, 0, 1;
    %store/vec4 v000002b0b6eb53e0_0, 0, 1;
    %pushi/vec4 0, 0, 1;
    %store/vec4 v000002b0b6eb5480_0, 0, 1;
    %pushi/vec4 1, 0, 1;
    %store/vec4 v000002b0b6eb5520_0, 0, 1;
    %pushi/vec4 0, 0, 1;
    %store/vec4 v000002b0b6eb52a0_0, 0, 1;
    %delay 8, 0;
    %pushi/vec4 1, 0, 1;
    %store/vec4 v000002b0b6eb5520_0, 0, 1;
    %pushi/vec4 1, 0, 1;
    %store/vec4 v000002b0b6eb52a0_0, 0, 1;
    %pushi/vec4 1, 0, 1;
    %store/vec4 v000002b0b6eb53e0_0, 0, 1;
    %pushi/vec4 1, 0, 1;
    %store/vec4 v000002b0b6eb5480_0, 0, 1;
    %end;
    .thread T_2;
    .scope S_000002b0b6e7d680;
T_3 ;
    %delay 100, 0;
    %vpi_call 2 26 "$finish" {0 0 0};
    %end;
    .thread T_3;
# The file index is used to find the file name in the following table.
:file_names 4;
    "N/A";
    "<interactive>";
    "jkff_tb.v";
    "./jk_ff.v";
