#! /c/Source/iverilog-install/bin/vvp
:ivl_version "12.0 (devel)" "(s20150603-1539-g2693dd32b)";
:ivl_delay_selection "TYPICAL";
:vpi_time_precision + 0;
:vpi_module "C:\iverilog\lib\ivl\system.vpi";
:vpi_module "C:\iverilog\lib\ivl\vhdl_sys.vpi";
:vpi_module "C:\iverilog\lib\ivl\vhdl_textio.vpi";
:vpi_module "C:\iverilog\lib\ivl\v2005_math.vpi";
:vpi_module "C:\iverilog\lib\ivl\va_math.vpi";
S_000001c13972ea00 .scope module, "memory_model" "memory_model" 2 16;
 .timescale 0 0;
    .port_info 0 /INPUT 10 "addr";
    .port_info 1 /INOUT 8 "data";
    .port_info 2 /INPUT 1 "clk";
    .port_info 3 /INPUT 1 "rd";
    .port_info 4 /INPUT 1 "wr";
    .port_info 5 /INPUT 1 "cs";
o000001c139777078 .functor BUFZ 1, C4<z>; HiZ drive
o000001c139777108 .functor BUFZ 1, C4<z>; HiZ drive
L_000001c13972bba0 .functor AND 1, o000001c139777078, o000001c139777108, C4<1>, C4<1>;
v000001c139742ce0_0 .net *"_ivl_1", 0 0, L_000001c13972bba0;  1 drivers
o000001c139776fe8 .functor BUFZ 8, C4<zzzzzzzz>; HiZ drive
; Elide local net with no drivers, v000001c13972b570_0 name=_ivl_2
o000001c139777018 .functor BUFZ 10, C4<zzzzzzzzzz>; HiZ drive
v000001c13972b610_0 .net "addr", 9 0, o000001c139777018;  0 drivers
o000001c139777048 .functor BUFZ 1, C4<z>; HiZ drive
v000001c13972b6b0_0 .net "clk", 0 0, o000001c139777048;  0 drivers
v000001c13972b750_0 .net "cs", 0 0, o000001c139777078;  0 drivers
v000001c13972b7f0_0 .var "d_out", 7 0;
v000001c13972b890_0 .net "data", 7 0, L_000001c13972bc10;  1 drivers
v000001c13972b930 .array "mem", 1023 0, 7 0;
v000001c13972b9d0_0 .net "rd", 0 0, o000001c139777108;  0 drivers
o000001c139777138 .functor BUFZ 1, C4<z>; HiZ drive
v000001c13972bb00_0 .net "wr", 0 0, o000001c139777138;  0 drivers
E_000001c139776570 .event posedge, v000001c13972b6b0_0;
L_000001c13972bc10 .functor MUXZ 8, o000001c139776fe8, v000001c13972b7f0_0, L_000001c13972bba0, C4<>;
    .scope S_000001c13972ea00;
T_0 ;
    %wait E_000001c139776570;
    %load/vec4 v000001c13972b750_0;
    %flag_set/vec4 10;
    %flag_get/vec4 10;
    %jmp/0 T_0.3, 10;
    %load/vec4 v000001c13972bb00_0;
    %and;
T_0.3;
    %flag_set/vec4 9;
    %flag_get/vec4 9;
    %jmp/0 T_0.2, 9;
    %load/vec4 v000001c13972b9d0_0;
    %nor/r;
    %and;
T_0.2;
    %flag_set/vec4 8;
    %jmp/0xz  T_0.0, 8;
    %load/vec4 v000001c13972b890_0;
    %load/vec4 v000001c13972b610_0;
    %pad/u 12;
    %ix/vec4 4;
    %store/vec4a v000001c13972b930, 4, 0;
T_0.0 ;
    %jmp T_0;
    .thread T_0;
    .scope S_000001c13972ea00;
T_1 ;
    %wait E_000001c139776570;
    %load/vec4 v000001c13972b750_0;
    %flag_set/vec4 10;
    %flag_get/vec4 10;
    %jmp/0 T_1.3, 10;
    %load/vec4 v000001c13972b9d0_0;
    %and;
T_1.3;
    %flag_set/vec4 9;
    %flag_get/vec4 9;
    %jmp/0 T_1.2, 9;
    %load/vec4 v000001c13972bb00_0;
    %nor/r;
    %and;
T_1.2;
    %flag_set/vec4 8;
    %jmp/0xz  T_1.0, 8;
    %load/vec4 v000001c13972b610_0;
    %pad/u 12;
    %ix/vec4 4;
    %load/vec4a v000001c13972b930, 4;
    %store/vec4 v000001c13972b7f0_0, 0, 8;
T_1.0 ;
    %jmp T_1;
    .thread T_1;
# The file index is used to find the file name in the following table.
:file_names 3;
    "N/A";
    "<interactive>";
    "memory1.v";
