#! /c/Source/iverilog-install/bin/vvp
:ivl_version "12.0 (devel)" "(s20150603-1539-g2693dd32b)";
:ivl_delay_selection "TYPICAL";
:vpi_time_precision + 0;
:vpi_module "C:\iverilog\lib\ivl\system.vpi";
:vpi_module "C:\iverilog\lib\ivl\vhdl_sys.vpi";
:vpi_module "C:\iverilog\lib\ivl\vhdl_textio.vpi";
:vpi_module "C:\iverilog\lib\ivl\v2005_math.vpi";
:vpi_module "C:\iverilog\lib\ivl\va_math.vpi";
S_000001c3efea2720 .scope module, "mux16to1" "mux16to1" 2 1;
 .timescale 0 0;
    .port_info 0 /INPUT 16 "in";
    .port_info 1 /INPUT 4 "sel";
    .port_info 2 /OUTPUT 1 "out";
o000001c3efed69e8 .functor BUFZ 16, C4<zzzzzzzzzzzzzzzz>; HiZ drive
v000001c3efea28b0_0 .net "in", 15 0, o000001c3efed69e8;  0 drivers
v000001c3f003ef10_0 .net "out", 0 0, L_000001c3efea29f0;  1 drivers
o000001c3efed6a48 .functor BUFZ 4, C4<zzzz>; HiZ drive
v000001c3efea2950_0 .net "sel", 3 0, o000001c3efed6a48;  0 drivers
L_000001c3efea29f0 .part/v o000001c3efed69e8, o000001c3efed6a48, 1;
# The file index is used to find the file name in the following table.
:file_names 3;
    "N/A";
    "<interactive>";
    "mux16to1.v";
