#! /c/Source/iverilog-install/bin/vvp
:ivl_version "12.0 (devel)" "(s20150603-1539-g2693dd32b)";
:ivl_delay_selection "TYPICAL";
:vpi_time_precision - 12;
:vpi_module "C:\iverilog\lib\ivl\system.vpi";
:vpi_module "C:\iverilog\lib\ivl\vhdl_sys.vpi";
:vpi_module "C:\iverilog\lib\ivl\vhdl_textio.vpi";
:vpi_module "C:\iverilog\lib\ivl\v2005_math.vpi";
:vpi_module "C:\iverilog\lib\ivl\va_math.vpi";
S_00000240854c6be0 .scope module, "norgate" "norgate" 2 3;
 .timescale -9 -12;
    .port_info 0 /INPUT 32 "in";
    .port_info 1 /OUTPUT 1 "out";
o00000240854c6e48 .functor BUFZ 32, C4<zzzzzzzzzzzzzzzzzzzzzzzzzzzzzzzz>; HiZ drive
L_00000240854930e0 .functor NOR 32, o00000240854c6e48, o00000240854c6e48, C4<00000000000000000000000000000000>, C4<00000000000000000000000000000000>;
v00000240854c6d70_0 .net *"_ivl_0", 31 0, L_00000240854930e0;  1 drivers
v000002408547ede0_0 .net "in", 31 0, o00000240854c6e48;  0 drivers
v000002408547ee80_0 .net "out", 0 0, L_000002408547ef20;  1 drivers
L_000002408547ef20 .part L_00000240854930e0, 0, 1;
# The file index is used to find the file name in the following table.
:file_names 3;
    "N/A";
    "<interactive>";
    "nor.v";
