#! /c/Source/iverilog-install/bin/vvp
:ivl_version "12.0 (devel)" "(s20150603-1539-g2693dd32b)";
:ivl_delay_selection "TYPICAL";
:vpi_time_precision - 12;
:vpi_module "C:\iverilog\lib\ivl\system.vpi";
:vpi_module "C:\iverilog\lib\ivl\vhdl_sys.vpi";
:vpi_module "C:\iverilog\lib\ivl\vhdl_textio.vpi";
:vpi_module "C:\iverilog\lib\ivl\v2005_math.vpi";
:vpi_module "C:\iverilog\lib\ivl\va_math.vpi";
S_000001b369eb2d00 .scope module, "pipe_MIPS32" "pipe_MIPS32" 2 10;
 .timescale -9 -12;
    .port_info 0 /INPUT 1 "clk1";
    .port_info 1 /INPUT 1 "clk2";
    .port_info 2 /OUTPUT 32 "o_addr";
P_000001b369f01f90 .param/l "ADD" 0 2 53, C4<000000>;
P_000001b369f01fc8 .param/l "ADDI" 0 2 54, C4<000001>;
P_000001b369f02000 .param/l "ADDIU" 0 2 55, C4<000010>;
P_000001b369f02038 .param/l "ADDIUPC" 0 2 56, C4<000011>;
P_000001b369f02070 .param/l "ADDU" 0 2 57, C4<000100>;
P_000001b369f020a8 .param/l "ALIGN" 0 2 58, C4<000101>;
P_000001b369f020e0 .param/l "ALUIPC" 0 2 59, C4<000110>;
P_000001b369f02118 .param/l "AND" 0 2 60, C4<000111>;
P_000001b369f02150 .param/l "ANDI" 0 2 61, C4<001000>;
P_000001b369f02188 .param/l "AUI" 0 2 62, C4<001001>;
P_000001b369f021c0 .param/l "AUIPC" 0 2 63, C4<001010>;
P_000001b369f021f8 .param/l "B" 0 2 64, C4<001011>;
P_000001b369f02230 .param/l "BAL" 0 2 65, C4<001100>;
P_000001b369f02268 .param/l "BEQZ" 0 2 67, C4<001110>;
P_000001b369f022a0 .param/l "BNEQZ" 0 2 66, C4<001101>;
P_000001b369f022d8 .param/l "BRANCH" 0 2 83, C4<000100>;
P_000001b369f02310 .param/l "HALT" 0 2 84, C4<000101>;
P_000001b369f02348 .param/l "HLT" 0 2 72, C4<111111>;
P_000001b369f02380 .param/l "LOAD" 0 2 81, C4<000010>;
P_000001b369f023b8 .param/l "LW" 0 2 73, C4<001000>;
P_000001b369f023f0 .param/l "MUL" 0 2 71, C4<000101>;
P_000001b369f02428 .param/l "OR" 0 2 69, C4<000011>;
P_000001b369f02460 .param/l "PCREL" 0 2 85, C4<111011>;
P_000001b369f02498 .param/l "RM_ALU" 0 2 80, C4<000001>;
P_000001b369f024d0 .param/l "RR_ALU" 0 2 79, C4<000000>;
P_000001b369f02508 .param/l "SLT" 0 2 70, C4<000100>;
P_000001b369f02540 .param/l "SLTI" 0 2 76, C4<001100>;
P_000001b369f02578 .param/l "STORE" 0 2 82, C4<000011>;
P_000001b369f025b0 .param/l "SUB" 0 2 68, C4<000001>;
P_000001b369f025e8 .param/l "SUBI" 0 2 75, C4<001011>;
P_000001b369f02620 .param/l "SW" 0 2 74, C4<001001>;
v000001b369f00ee0_0 .var "EX_MEM_ALUOut", 31 0;
v000001b369edc310_0 .var "EX_MEM_B", 31 0;
v000001b369ee0c00_0 .var "EX_MEM_IR", 31 0;
v000001b369eb2e90_0 .var "EX_MEM_cond", 0 0;
v000001b369eb2f30_0 .var "EX_MEM_type", 5 0;
v000001b369eb2fd0_0 .var "HALTED", 0 0;
v000001b369eb3070_0 .var "ID_EX_A", 31 0;
v000001b369eb3110_0 .var "ID_EX_B", 31 0;
v000001b369f52b40_0 .var "ID_EX_IR", 31 0;
v000001b369f52be0_0 .var "ID_EX_Imm", 31 0;
v000001b369f52c80_0 .var "ID_EX_NPC", 31 0;
v000001b369f52d20_0 .var "ID_EX_type", 5 0;
v000001b369f531d0_0 .var "IF_ID_IR", 31 0;
v000001b369f53270_0 .var "IF_ID_NPC", 31 0;
v000001b369f53310_0 .var "MEM_WB_ALUOut", 31 0;
v000001b369f53720_0 .var "MEM_WB_IR", 31 0;
v000001b369f53400_0 .var "MEM_WB_LMD", 31 0;
v000001b369f54260_0 .var "MEM_WB_type", 5 0;
v000001b369f53900 .array "Mem", 1023 0, 31 0;
v000001b369f53680_0 .var "PC", 31 0;
v000001b369f539a0 .array "Reg", 31 0, 31 0;
v000001b369f53cc0_0 .var "TAKEN_BRANCH", 0 0;
o000001b369f02a28 .functor BUFZ 1, C4<z>; HiZ drive
v000001b369f53b80_0 .net "clk1", 0 0, o000001b369f02a28;  0 drivers
o000001b369f02a58 .functor BUFZ 1, C4<z>; HiZ drive
v000001b369f535e0_0 .net "clk2", 0 0, o000001b369f02a58;  0 drivers
v000001b369f537c0_0 .var "o_addr", 31 0;
E_000001b369ee4210 .event posedge, v000001b369f53b80_0;
E_000001b369ee4310 .event posedge, v000001b369f535e0_0;
    .scope S_000001b369eb2d00;
T_0 ;
    %wait E_000001b369ee4210;
    %load/vec4 v000001b369eb2fd0_0;
    %pad/u 32;
    %cmpi/e 0, 0, 32;
    %jmp/0xz  T_0.0, 4;
    %load/vec4 v000001b369ee0c00_0;
    %parti/s 6, 26, 6;
    %cmpi/e 14, 0, 6;
    %flag_get/vec4 4;
    %jmp/0 T_0.6, 4;
    %load/vec4 v000001b369eb2e90_0;
    %pad/u 32;
    %pushi/vec4 1, 0, 32;
    %cmp/e;
    %flag_get/vec4 4;
    %and;
T_0.6;
    %flag_set/vec4 8;
    %jmp/1 T_0.5, 8;
    %load/vec4 v000001b369ee0c00_0;
    %parti/s 6, 26, 6;
    %cmpi/e 13, 0, 6;
    %flag_get/vec4 4;
    %jmp/0 T_0.7, 4;
    %load/vec4 v000001b369eb2e90_0;
    %pad/u 32;
    %pushi/vec4 0, 0, 32;
    %cmp/e;
    %flag_get/vec4 4;
    %and;
T_0.7;
    %flag_set/vec4 9;
    %flag_or 8, 9;
T_0.5;
    %jmp/1 T_0.4, 8;
    %load/vec4 v000001b369ee0c00_0;
    %parti/s 6, 26, 6;
    %cmpi/e 11, 0, 6;
    %flag_or 8, 4;
T_0.4;
    %jmp/0xz  T_0.2, 8;
    %ix/getv 4, v000001b369f00ee0_0;
    %load/vec4a v000001b369f53900, 4;
    %assign/vec4 v000001b369f531d0_0, 0;
    %load/vec4 v000001b369f00ee0_0;
    %addi 1, 0, 32;
    %assign/vec4 v000001b369f53270_0, 0;
    %load/vec4 v000001b369f00ee0_0;
    %addi 1, 0, 32;
    %assign/vec4 v000001b369f53680_0, 0;
    %jmp T_0.3;
T_0.2 ;
    %ix/getv 4, v000001b369f53680_0;
    %load/vec4a v000001b369f53900, 4;
    %assign/vec4 v000001b369f531d0_0, 0;
    %load/vec4 v000001b369f53680_0;
    %addi 1, 0, 32;
    %assign/vec4 v000001b369f53270_0, 0;
    %load/vec4 v000001b369f53680_0;
    %addi 1, 0, 32;
    %assign/vec4 v000001b369f53680_0, 0;
    %load/vec4 v000001b369f53270_0;
    %assign/vec4 v000001b369f537c0_0, 0;
T_0.3 ;
T_0.0 ;
    %jmp T_0;
    .thread T_0;
    .scope S_000001b369eb2d00;
T_1 ;
    %wait E_000001b369ee4310;
    %load/vec4 v000001b369eb2fd0_0;
    %pad/u 32;
    %cmpi/e 0, 0, 32;
    %jmp/0xz  T_1.0, 4;
    %load/vec4 v000001b369f531d0_0;
    %parti/s 5, 21, 6;
    %cmpi/e 0, 0, 5;
    %jmp/0xz  T_1.2, 4;
    %pushi/vec4 0, 0, 32;
    %assign/vec4 v000001b369eb3070_0, 0;
    %jmp T_1.3;
T_1.2 ;
    %load/vec4 v000001b369f531d0_0;
    %parti/s 5, 21, 6;
    %pad/u 7;
    %ix/vec4 4;
    %load/vec4a v000001b369f539a0, 4;
    %assign/vec4 v000001b369eb3070_0, 0;
T_1.3 ;
    %load/vec4 v000001b369f531d0_0;
    %parti/s 5, 16, 6;
    %cmpi/e 0, 0, 5;
    %jmp/0xz  T_1.4, 4;
    %pushi/vec4 0, 0, 32;
    %assign/vec4 v000001b369eb3110_0, 0;
    %jmp T_1.5;
T_1.4 ;
    %load/vec4 v000001b369f531d0_0;
    %parti/s 5, 16, 6;
    %pad/u 7;
    %ix/vec4 4;
    %load/vec4a v000001b369f539a0, 4;
    %assign/vec4 v000001b369eb3110_0, 0;
T_1.5 ;
    %load/vec4 v000001b369f531d0_0;
    %parti/s 5, 16, 6;
    %cmpi/e 31, 0, 5;
    %jmp/0xz  T_1.6, 4;
    %pushi/vec4 1, 0, 32;
    %assign/vec4 v000001b369eb3110_0, 0;
    %jmp T_1.7;
T_1.6 ;
    %load/vec4 v000001b369f531d0_0;
    %parti/s 5, 16, 6;
    %pad/u 7;
    %ix/vec4 4;
    %load/vec4a v000001b369f539a0, 4;
    %assign/vec4 v000001b369eb3110_0, 0;
T_1.7 ;
    %load/vec4 v000001b369f53270_0;
    %assign/vec4 v000001b369f52c80_0, 0;
    %load/vec4 v000001b369f531d0_0;
    %assign/vec4 v000001b369f52b40_0, 0;
    %load/vec4 v000001b369f531d0_0;
    %parti/s 1, 15, 5;
    %replicate 16;
    %load/vec4 v000001b369f531d0_0;
    %parti/s 16, 0, 2;
    %concat/vec4; draw_concat_vec4
    %assign/vec4 v000001b369f52be0_0, 0;
T_1.0 ;
    %load/vec4 v000001b369f531d0_0;
    %parti/s 6, 26, 6;
    %dup/vec4;
    %pushi/vec4 0, 0, 6;
    %cmp/u;
    %jmp/1 T_1.8, 6;
    %dup/vec4;
    %pushi/vec4 1, 0, 6;
    %cmp/u;
    %jmp/1 T_1.9, 6;
    %dup/vec4;
    %pushi/vec4 7, 0, 6;
    %cmp/u;
    %jmp/1 T_1.10, 6;
    %dup/vec4;
    %pushi/vec4 3, 0, 6;
    %cmp/u;
    %jmp/1 T_1.11, 6;
    %dup/vec4;
    %pushi/vec4 4, 0, 6;
    %cmp/u;
    %jmp/1 T_1.12, 6;
    %dup/vec4;
    %pushi/vec4 5, 0, 6;
    %cmp/u;
    %jmp/1 T_1.13, 6;
    %dup/vec4;
    %pushi/vec4 5, 0, 6;
    %cmp/u;
    %jmp/1 T_1.14, 6;
    %dup/vec4;
    %pushi/vec4 1, 0, 6;
    %cmp/u;
    %jmp/1 T_1.15, 6;
    %dup/vec4;
    %pushi/vec4 11, 0, 6;
    %cmp/u;
    %jmp/1 T_1.16, 6;
    %dup/vec4;
    %pushi/vec4 12, 0, 6;
    %cmp/u;
    %jmp/1 T_1.17, 6;
    %dup/vec4;
    %pushi/vec4 2, 0, 6;
    %cmp/u;
    %jmp/1 T_1.18, 6;
    %dup/vec4;
    %pushi/vec4 8, 0, 6;
    %cmp/u;
    %jmp/1 T_1.19, 6;
    %dup/vec4;
    %pushi/vec4 9, 0, 6;
    %cmp/u;
    %jmp/1 T_1.20, 6;
    %dup/vec4;
    %pushi/vec4 3, 0, 6;
    %cmp/u;
    %jmp/1 T_1.21, 6;
    %dup/vec4;
    %pushi/vec4 6, 0, 6;
    %cmp/u;
    %jmp/1 T_1.22, 6;
    %dup/vec4;
    %pushi/vec4 8, 0, 6;
    %cmp/u;
    %jmp/1 T_1.23, 6;
    %dup/vec4;
    %pushi/vec4 9, 0, 6;
    %cmp/u;
    %jmp/1 T_1.24, 6;
    %dup/vec4;
    %pushi/vec4 13, 0, 6;
    %cmp/u;
    %jmp/1 T_1.25, 6;
    %dup/vec4;
    %pushi/vec4 14, 0, 6;
    %cmp/u;
    %jmp/1 T_1.26, 6;
    %dup/vec4;
    %pushi/vec4 11, 0, 6;
    %cmp/u;
    %jmp/1 T_1.27, 6;
    %dup/vec4;
    %pushi/vec4 63, 0, 6;
    %cmp/u;
    %jmp/1 T_1.28, 6;
    %pushi/vec4 5, 0, 6;
    %assign/vec4 v000001b369f52d20_0, 0;
    %jmp T_1.30;
T_1.8 ;
    %pushi/vec4 0, 0, 6;
    %assign/vec4 v000001b369f52d20_0, 0;
    %jmp T_1.30;
T_1.9 ;
    %pushi/vec4 0, 0, 6;
    %assign/vec4 v000001b369f52d20_0, 0;
    %jmp T_1.30;
T_1.10 ;
    %pushi/vec4 0, 0, 6;
    %assign/vec4 v000001b369f52d20_0, 0;
    %jmp T_1.30;
T_1.11 ;
    %pushi/vec4 0, 0, 6;
    %assign/vec4 v000001b369f52d20_0, 0;
    %jmp T_1.30;
T_1.12 ;
    %pushi/vec4 0, 0, 6;
    %assign/vec4 v000001b369f52d20_0, 0;
    %jmp T_1.30;
T_1.13 ;
    %pushi/vec4 0, 0, 6;
    %assign/vec4 v000001b369f52d20_0, 0;
    %jmp T_1.30;
T_1.14 ;
    %pushi/vec4 0, 0, 6;
    %assign/vec4 v000001b369f52d20_0, 0;
    %jmp T_1.30;
T_1.15 ;
    %pushi/vec4 1, 0, 6;
    %assign/vec4 v000001b369f52d20_0, 0;
    %jmp T_1.30;
T_1.16 ;
    %pushi/vec4 1, 0, 6;
    %assign/vec4 v000001b369f52d20_0, 0;
    %jmp T_1.30;
T_1.17 ;
    %pushi/vec4 1, 0, 6;
    %assign/vec4 v000001b369f52d20_0, 0;
    %jmp T_1.30;
T_1.18 ;
    %pushi/vec4 1, 0, 6;
    %assign/vec4 v000001b369f52d20_0, 0;
    %jmp T_1.30;
T_1.19 ;
    %pushi/vec4 1, 0, 6;
    %assign/vec4 v000001b369f52d20_0, 0;
    %jmp T_1.30;
T_1.20 ;
    %pushi/vec4 1, 0, 6;
    %assign/vec4 v000001b369f52d20_0, 0;
    %jmp T_1.30;
T_1.21 ;
    %pushi/vec4 59, 0, 6;
    %assign/vec4 v000001b369f52d20_0, 0;
    %jmp T_1.30;
T_1.22 ;
    %pushi/vec4 59, 0, 6;
    %assign/vec4 v000001b369f52d20_0, 0;
    %jmp T_1.30;
T_1.23 ;
    %pushi/vec4 2, 0, 6;
    %assign/vec4 v000001b369f52d20_0, 0;
    %jmp T_1.30;
T_1.24 ;
    %pushi/vec4 3, 0, 6;
    %assign/vec4 v000001b369f52d20_0, 0;
    %jmp T_1.30;
T_1.25 ;
    %pushi/vec4 4, 0, 6;
    %assign/vec4 v000001b369f52d20_0, 0;
    %jmp T_1.30;
T_1.26 ;
    %pushi/vec4 4, 0, 6;
    %assign/vec4 v000001b369f52d20_0, 0;
    %jmp T_1.30;
T_1.27 ;
    %pushi/vec4 4, 0, 6;
    %assign/vec4 v000001b369f52d20_0, 0;
    %jmp T_1.30;
T_1.28 ;
    %pushi/vec4 5, 0, 6;
    %assign/vec4 v000001b369f52d20_0, 0;
    %jmp T_1.30;
T_1.30 ;
    %pop/vec4 1;
    %jmp T_1;
    .thread T_1;
    .scope S_000001b369eb2d00;
T_2 ;
    %wait E_000001b369ee4210;
    %load/vec4 v000001b369eb2fd0_0;
    %pad/u 32;
    %cmpi/e 0, 0, 32;
    %jmp/0xz  T_2.0, 4;
    %load/vec4 v000001b369f52d20_0;
    %assign/vec4 v000001b369eb2f30_0, 0;
    %load/vec4 v000001b369f52b40_0;
    %assign/vec4 v000001b369ee0c00_0, 0;
    %load/vec4 v000001b369f52d20_0;
    %dup/vec4;
    %pushi/vec4 0, 0, 6;
    %cmp/u;
    %jmp/1 T_2.2, 6;
    %dup/vec4;
    %pushi/vec4 1, 0, 6;
    %cmp/u;
    %jmp/1 T_2.3, 6;
    %dup/vec4;
    %pushi/vec4 2, 0, 6;
    %cmp/u;
    %jmp/1 T_2.4, 6;
    %dup/vec4;
    %pushi/vec4 3, 0, 6;
    %cmp/u;
    %jmp/1 T_2.5, 6;
    %dup/vec4;
    %pushi/vec4 4, 0, 6;
    %cmp/u;
    %jmp/1 T_2.6, 6;
    %dup/vec4;
    %pushi/vec4 59, 0, 6;
    %cmp/u;
    %jmp/1 T_2.7, 6;
    %jmp T_2.8;
T_2.2 ;
    %load/vec4 v000001b369f52b40_0;
    %parti/s 6, 26, 6;
    %dup/vec4;
    %pushi/vec4 0, 0, 6;
    %cmp/u;
    %jmp/1 T_2.9, 6;
    %dup/vec4;
    %pushi/vec4 1, 0, 6;
    %cmp/u;
    %jmp/1 T_2.10, 6;
    %dup/vec4;
    %pushi/vec4 7, 0, 6;
    %cmp/u;
    %jmp/1 T_2.11, 6;
    %dup/vec4;
    %pushi/vec4 3, 0, 6;
    %cmp/u;
    %jmp/1 T_2.12, 6;
    %dup/vec4;
    %pushi/vec4 4, 0, 6;
    %cmp/u;
    %jmp/1 T_2.13, 6;
    %dup/vec4;
    %pushi/vec4 5, 0, 6;
    %cmp/u;
    %jmp/1 T_2.14, 6;
    %dup/vec4;
    %pushi/vec4 5, 0, 6;
    %cmp/u;
    %jmp/1 T_2.15, 6;
    %pushi/vec4 4294967295, 4294967295, 32;
    %assign/vec4 v000001b369f00ee0_0, 0;
    %jmp T_2.17;
T_2.9 ;
    %load/vec4 v000001b369eb3070_0;
    %load/vec4 v000001b369eb3110_0;
    %add;
    %assign/vec4 v000001b369f00ee0_0, 0;
    %jmp T_2.17;
T_2.10 ;
    %load/vec4 v000001b369eb3070_0;
    %load/vec4 v000001b369eb3110_0;
    %sub;
    %assign/vec4 v000001b369f00ee0_0, 0;
    %jmp T_2.17;
T_2.11 ;
    %load/vec4 v000001b369eb3070_0;
    %load/vec4 v000001b369eb3110_0;
    %and;
    %assign/vec4 v000001b369f00ee0_0, 0;
    %jmp T_2.17;
T_2.12 ;
    %load/vec4 v000001b369eb3070_0;
    %load/vec4 v000001b369eb3110_0;
    %or;
    %assign/vec4 v000001b369f00ee0_0, 0;
    %jmp T_2.17;
T_2.13 ;
    %load/vec4 v000001b369eb3070_0;
    %load/vec4 v000001b369eb3110_0;
    %cmp/u;
    %flag_get/vec4 5;
    %pad/u 32;
    %assign/vec4 v000001b369f00ee0_0, 0;
    %jmp T_2.17;
T_2.14 ;
    %load/vec4 v000001b369eb3070_0;
    %load/vec4 v000001b369eb3110_0;
    %mul;
    %assign/vec4 v000001b369f00ee0_0, 0;
    %jmp T_2.17;
T_2.15 ;
    %load/vec4 v000001b369eb3110_0;
    %load/vec4 v000001b369f52b40_0;
    %parti/s 2, 6, 4;
    %pad/u 32;
    %muli 8, 0, 32;
    %ix/vec4 4;
    %shiftl 4;
    %cmpi/ne 0, 0, 32;
    %flag_get/vec4 4;
    %jmp/1 T_2.18, 4;
    %load/vec4 v000001b369eb3070_0;
    %pushi/vec4 4, 0, 32;
    %load/vec4 v000001b369f52b40_0;
    %parti/s 2, 6, 4;
    %pad/u 32;
    %sub;
    %muli 8, 0, 32;
    %ix/vec4 4;
    %shiftr 4;
    %pushi/vec4 0, 0, 32;
    %cmp/ne;
    %flag_get/vec4 4;
    %or;
T_2.18;
    %pad/u 32;
    %assign/vec4 v000001b369f00ee0_0, 0;
    %jmp T_2.17;
T_2.17 ;
    %pop/vec4 1;
    %jmp T_2.8;
T_2.3 ;
    %load/vec4 v000001b369f52b40_0;
    %parti/s 6, 26, 6;
    %dup/vec4;
    %pushi/vec4 1, 0, 6;
    %cmp/u;
    %jmp/1 T_2.19, 6;
    %dup/vec4;
    %pushi/vec4 11, 0, 6;
    %cmp/u;
    %jmp/1 T_2.20, 6;
    %dup/vec4;
    %pushi/vec4 12, 0, 6;
    %cmp/u;
    %jmp/1 T_2.21, 6;
    %dup/vec4;
    %pushi/vec4 2, 0, 6;
    %cmp/u;
    %jmp/1 T_2.22, 6;
    %dup/vec4;
    %pushi/vec4 8, 0, 6;
    %cmp/u;
    %jmp/1 T_2.23, 6;
    %dup/vec4;
    %pushi/vec4 9, 0, 6;
    %cmp/u;
    %jmp/1 T_2.24, 6;
    %pushi/vec4 4294967295, 4294967295, 32;
    %assign/vec4 v000001b369f00ee0_0, 0;
    %jmp T_2.26;
T_2.19 ;
    %load/vec4 v000001b369eb3070_0;
    %load/vec4 v000001b369f52be0_0;
    %add;
    %assign/vec4 v000001b369f00ee0_0, 0;
    %jmp T_2.26;
T_2.20 ;
    %load/vec4 v000001b369eb3070_0;
    %load/vec4 v000001b369f52be0_0;
    %sub;
    %assign/vec4 v000001b369f00ee0_0, 0;
    %jmp T_2.26;
T_2.21 ;
    %load/vec4 v000001b369eb3070_0;
    %load/vec4 v000001b369f52be0_0;
    %cmp/u;
    %flag_get/vec4 5;
    %pad/u 32;
    %assign/vec4 v000001b369f00ee0_0, 0;
    %jmp T_2.26;
T_2.22 ;
    %load/vec4 v000001b369eb3070_0;
    %load/vec4 v000001b369f52be0_0;
    %add;
    %assign/vec4 v000001b369f00ee0_0, 0;
    %jmp T_2.26;
T_2.23 ;
    %load/vec4 v000001b369eb3070_0;
    %load/vec4 v000001b369f52be0_0;
    %and;
    %assign/vec4 v000001b369f00ee0_0, 0;
    %jmp T_2.26;
T_2.24 ;
    %load/vec4 v000001b369eb3070_0;
    %load/vec4 v000001b369f52be0_0;
    %add;
    %assign/vec4 v000001b369f00ee0_0, 0;
    %jmp T_2.26;
T_2.26 ;
    %pop/vec4 1;
    %jmp T_2.8;
T_2.4 ;
    %load/vec4 v000001b369eb3070_0;
    %load/vec4 v000001b369f52be0_0;
    %add;
    %assign/vec4 v000001b369f00ee0_0, 0;
    %load/vec4 v000001b369eb3110_0;
    %assign/vec4 v000001b369edc310_0, 0;
    %jmp T_2.8;
T_2.5 ;
    %load/vec4 v000001b369eb3070_0;
    %load/vec4 v000001b369f52be0_0;
    %add;
    %assign/vec4 v000001b369f00ee0_0, 0;
    %load/vec4 v000001b369eb3110_0;
    %assign/vec4 v000001b369edc310_0, 0;
    %jmp T_2.8;
T_2.6 ;
    %load/vec4 v000001b369f52c80_0;
    %load/vec4 v000001b369f52be0_0;
    %add;
    %assign/vec4 v000001b369f00ee0_0, 0;
    %load/vec4 v000001b369f531d0_0;
    %parti/s 6, 26, 6;
    %dup/vec4;
    %pushi/vec4 11, 0, 6;
    %cmp/u;
    %jmp/1 T_2.27, 6;
    %jmp T_2.28;
T_2.27 ;
    %pushi/vec4 1, 0, 1;
    %assign/vec4 v000001b369eb2e90_0, 0;
    %jmp T_2.28;
T_2.28 ;
    %pop/vec4 1;
    %load/vec4 v000001b369eb2e90_0;
    %assign/vec4 v000001b369f53cc0_0, 0;
    %jmp T_2.8;
T_2.7 ;
    %load/vec4 v000001b369f52b40_0;
    %parti/s 6, 26, 6;
    %dup/vec4;
    %pushi/vec4 3, 0, 6;
    %cmp/u;
    %jmp/1 T_2.29, 6;
    %dup/vec4;
    %pushi/vec4 6, 0, 6;
    %cmp/u;
    %jmp/1 T_2.30, 6;
    %dup/vec4;
    %pushi/vec4 10, 0, 6;
    %cmp/u;
    %jmp/1 T_2.31, 6;
    %jmp T_2.32;
T_2.29 ;
    %load/vec4 v000001b369eb3070_0;
    %load/vec4 v000001b369f52b40_0;
    %add;
    %assign/vec4 v000001b369f00ee0_0, 0;
    %jmp T_2.32;
T_2.30 ;
    %pushi/vec4 4294967040, 0, 32;
    %concati/vec4 0, 0, 8;
    %load/vec4 v000001b369f53680_0;
    %pad/u 40;
    %load/vec4 v000001b369f52be0_0;
    %pad/u 40;
    %add;
    %and;
    %pad/u 32;
    %assign/vec4 v000001b369f00ee0_0, 0;
    %jmp T_2.32;
T_2.31 ;
    %load/vec4 v000001b369f53680_0;
    %load/vec4 v000001b369f52be0_0;
    %add;
    %assign/vec4 v000001b369f00ee0_0, 0;
    %jmp T_2.32;
T_2.32 ;
    %pop/vec4 1;
    %jmp T_2.8;
T_2.8 ;
    %pop/vec4 1;
T_2.0 ;
    %jmp T_2;
    .thread T_2;
    .scope S_000001b369eb2d00;
T_3 ;
    %wait E_000001b369ee4310;
    %load/vec4 v000001b369eb2fd0_0;
    %pad/u 32;
    %cmpi/e 0, 0, 32;
    %jmp/0xz  T_3.0, 4;
    %load/vec4 v000001b369eb2f30_0;
    %assign/vec4 v000001b369f54260_0, 0;
    %load/vec4 v000001b369ee0c00_0;
    %assign/vec4 v000001b369f53720_0, 0;
    %load/vec4 v000001b369eb2f30_0;
    %dup/vec4;
    %pushi/vec4 0, 0, 6;
    %cmp/u;
    %jmp/1 T_3.2, 6;
    %dup/vec4;
    %pushi/vec4 1, 0, 6;
    %cmp/u;
    %jmp/1 T_3.3, 6;
    %dup/vec4;
    %pushi/vec4 2, 0, 6;
    %cmp/u;
    %jmp/1 T_3.4, 6;
    %dup/vec4;
    %pushi/vec4 3, 0, 6;
    %cmp/u;
    %jmp/1 T_3.5, 6;
    %dup/vec4;
    %pushi/vec4 59, 0, 6;
    %cmp/u;
    %jmp/1 T_3.6, 6;
    %jmp T_3.7;
T_3.2 ;
    %load/vec4 v000001b369f00ee0_0;
    %assign/vec4 v000001b369f53310_0, 0;
    %jmp T_3.7;
T_3.3 ;
    %load/vec4 v000001b369f00ee0_0;
    %assign/vec4 v000001b369f53310_0, 0;
    %jmp T_3.7;
T_3.4 ;
    %ix/getv 4, v000001b369f00ee0_0;
    %load/vec4a v000001b369f53900, 4;
    %assign/vec4 v000001b369f53400_0, 0;
    %jmp T_3.7;
T_3.5 ;
    %load/vec4 v000001b369f53cc0_0;
    %pad/u 32;
    %cmpi/e 0, 0, 32;
    %jmp/0xz  T_3.8, 4;
    %load/vec4 v000001b369edc310_0;
    %ix/getv 3, v000001b369f00ee0_0;
    %ix/load 4, 0, 0; Constant delay
    %assign/vec4/a/d v000001b369f53900, 0, 4;
T_3.8 ;
    %jmp T_3.7;
T_3.6 ;
    %load/vec4 v000001b369f00ee0_0;
    %assign/vec4 v000001b369f53310_0, 0;
    %jmp T_3.7;
T_3.7 ;
    %pop/vec4 1;
T_3.0 ;
    %jmp T_3;
    .thread T_3;
    .scope S_000001b369eb2d00;
T_4 ;
    %wait E_000001b369ee4210;
    %load/vec4 v000001b369f53cc0_0;
    %pad/u 32;
    %cmpi/e 0, 0, 32;
    %jmp/0xz  T_4.0, 4;
    %load/vec4 v000001b369f54260_0;
    %dup/vec4;
    %pushi/vec4 0, 0, 6;
    %cmp/u;
    %jmp/1 T_4.2, 6;
    %dup/vec4;
    %pushi/vec4 1, 0, 6;
    %cmp/u;
    %jmp/1 T_4.3, 6;
    %dup/vec4;
    %pushi/vec4 2, 0, 6;
    %cmp/u;
    %jmp/1 T_4.4, 6;
    %dup/vec4;
    %pushi/vec4 5, 0, 6;
    %cmp/u;
    %jmp/1 T_4.5, 6;
    %dup/vec4;
    %pushi/vec4 59, 0, 6;
    %cmp/u;
    %jmp/1 T_4.6, 6;
    %jmp T_4.7;
T_4.2 ;
    %load/vec4 v000001b369f53310_0;
    %load/vec4 v000001b369f53720_0;
    %parti/s 5, 11, 5;
    %pad/u 7;
    %ix/vec4 3;
    %ix/load 4, 0, 0; Constant delay
    %assign/vec4/a/d v000001b369f539a0, 0, 4;
    %jmp T_4.7;
T_4.3 ;
    %load/vec4 v000001b369f53310_0;
    %load/vec4 v000001b369f53720_0;
    %parti/s 5, 16, 6;
    %pad/u 7;
    %ix/vec4 3;
    %ix/load 4, 0, 0; Constant delay
    %assign/vec4/a/d v000001b369f539a0, 0, 4;
    %jmp T_4.7;
T_4.4 ;
    %load/vec4 v000001b369f53400_0;
    %load/vec4 v000001b369f53720_0;
    %parti/s 5, 16, 6;
    %pad/u 7;
    %ix/vec4 3;
    %ix/load 4, 0, 0; Constant delay
    %assign/vec4/a/d v000001b369f539a0, 0, 4;
    %jmp T_4.7;
T_4.5 ;
    %pushi/vec4 1, 0, 1;
    %assign/vec4 v000001b369eb2fd0_0, 0;
    %jmp T_4.7;
T_4.6 ;
    %load/vec4 v000001b369f53310_0;
    %load/vec4 v000001b369f53720_0;
    %parti/s 5, 21, 6;
    %pad/u 7;
    %ix/vec4 3;
    %ix/load 4, 0, 0; Constant delay
    %assign/vec4/a/d v000001b369f539a0, 0, 4;
    %jmp T_4.7;
T_4.7 ;
    %pop/vec4 1;
T_4.0 ;
    %jmp T_4;
    .thread T_4;
# The file index is used to find the file name in the following table.
:file_names 3;
    "N/A";
    "<interactive>";
    "pipe_MIPS32.v";
