#! /c/Source/iverilog-install/bin/vvp
:ivl_version "12.0 (devel)" "(s20150603-1539-g2693dd32b)";
:ivl_delay_selection "TYPICAL";
:vpi_time_precision + 0;
:vpi_module "C:\iverilog\lib\ivl\system.vpi";
:vpi_module "C:\iverilog\lib\ivl\vhdl_sys.vpi";
:vpi_module "C:\iverilog\lib\ivl\vhdl_textio.vpi";
:vpi_module "C:\iverilog\lib\ivl\v2005_math.vpi";
:vpi_module "C:\iverilog\lib\ivl\va_math.vpi";
S_000002739a162720 .scope module, "PIPO" "PIPO" 2 1;
 .timescale 0 0;
    .port_info 0 /OUTPUT 16 "dout";
    .port_info 1 /INPUT 16 "din";
    .port_info 2 /INPUT 1 "load";
    .port_info 3 /INPUT 1 "clk";
o000002739a196f48 .functor BUFZ 1, C4<z>; HiZ drive
v000002739a1628b0_0 .net "clk", 0 0, o000002739a196f48;  0 drivers
o000002739a196f78 .functor BUFZ 16, C4<zzzzzzzzzzzzzzzz>; HiZ drive
v000002739a162950_0 .net "din", 15 0, o000002739a196f78;  0 drivers
v000002739a1629f0_0 .var "dout", 15 0;
o000002739a196fd8 .functor BUFZ 1, C4<z>; HiZ drive
v000002739a162a90_0 .net "load", 0 0, o000002739a196fd8;  0 drivers
E_000002739a194fe0 .event posedge, v000002739a1628b0_0;
    .scope S_000002739a162720;
T_0 ;
    %wait E_000002739a194fe0;
    %load/vec4 v000002739a162a90_0;
    %flag_set/vec4 8;
    %jmp/0xz  T_0.0, 8;
    %load/vec4 v000002739a162950_0;
    %assign/vec4 v000002739a1629f0_0, 0;
T_0.0 ;
    %jmp T_0;
    .thread T_0;
# The file index is used to find the file name in the following table.
:file_names 3;
    "N/A";
    "<interactive>";
    "PIPO.v";
