#! /c/Source/iverilog-install/bin/vvp
:ivl_version "12.0 (devel)" "(s20150603-1539-g2693dd32b)";
:ivl_delay_selection "TYPICAL";
:vpi_time_precision + 0;
:vpi_module "C:\iverilog\lib\ivl\system.vpi";
:vpi_module "C:\iverilog\lib\ivl\vhdl_sys.vpi";
:vpi_module "C:\iverilog\lib\ivl\vhdl_textio.vpi";
:vpi_module "C:\iverilog\lib\ivl\v2005_math.vpi";
:vpi_module "C:\iverilog\lib\ivl\va_math.vpi";
S_00000162c3f1eda0 .scope module, "ram_2" "ram_2" 2 16;
 .timescale 0 0;
    .port_info 0 /INPUT 10 "addr";
    .port_info 1 /INOUT 8 "data";
    .port_info 2 /INPUT 1 "rd";
    .port_info 3 /INPUT 1 "wr";
    .port_info 4 /INPUT 1 "cs";
o00000162c3f67068 .functor BUFZ 1, C4<z>; HiZ drive
o00000162c3f670f8 .functor BUFZ 1, C4<z>; HiZ drive
L_00000162c3f33750 .functor AND 1, o00000162c3f67068, o00000162c3f670f8, C4<1>, C4<1>;
v00000162c3f1ef30_0 .net *"_ivl_1", 0 0, L_00000162c3f33750;  1 drivers
o00000162c3f67008 .functor BUFZ 8, C4<zzzzzzzz>; HiZ drive
; Elide local net with no drivers, v00000162c3f330e0_0 name=_ivl_2
o00000162c3f67038 .functor BUFZ 10, C4<zzzzzzzzzz>; HiZ drive
v00000162c3f1e7e0_0 .net "addr", 9 0, o00000162c3f67038;  0 drivers
v00000162c3f1b570_0 .net "cs", 0 0, o00000162c3f67068;  0 drivers
v00000162c3f1b610_0 .var "d_out", 7 0;
v00000162c3f1b6b0_0 .net "data", 7 0, L_00000162c3f1b9c0;  1 drivers
v00000162c3f1b750 .array "mem", 1023 0, 7 0;
v00000162c3f1b7f0_0 .net "rd", 0 0, o00000162c3f670f8;  0 drivers
o00000162c3f67128 .functor BUFZ 1, C4<z>; HiZ drive
v00000162c3f1b890_0 .net "wr", 0 0, o00000162c3f67128;  0 drivers
E_00000162c3f66650/0 .event anyedge, v00000162c3f1b570_0, v00000162c3f1b890_0, v00000162c3f1b7f0_0, v00000162c3f1e7e0_0;
E_00000162c3f66650/1 .event anyedge, v00000162c3f1b6b0_0;
E_00000162c3f66650 .event/or E_00000162c3f66650/0, E_00000162c3f66650/1;
L_00000162c3f1b9c0 .functor MUXZ 8, o00000162c3f67008, v00000162c3f1b610_0, L_00000162c3f33750, C4<>;
    .scope S_00000162c3f1eda0;
T_0 ;
    %wait E_00000162c3f66650;
    %load/vec4 v00000162c3f1b570_0;
    %flag_set/vec4 10;
    %flag_get/vec4 10;
    %jmp/0 T_0.3, 10;
    %load/vec4 v00000162c3f1b7f0_0;
    %and;
T_0.3;
    %flag_set/vec4 9;
    %flag_get/vec4 9;
    %jmp/0 T_0.2, 9;
    %load/vec4 v00000162c3f1b890_0;
    %nor/r;
    %and;
T_0.2;
    %flag_set/vec4 8;
    %jmp/0xz  T_0.0, 8;
    %load/vec4 v00000162c3f1e7e0_0;
    %pad/u 12;
    %ix/vec4 4;
    %load/vec4a v00000162c3f1b750, 4;
    %store/vec4 v00000162c3f1b610_0, 0, 8;
    %jmp T_0.1;
T_0.0 ;
    %load/vec4 v00000162c3f1b570_0;
    %flag_set/vec4 10;
    %flag_get/vec4 10;
    %jmp/0 T_0.7, 10;
    %load/vec4 v00000162c3f1b890_0;
    %and;
T_0.7;
    %flag_set/vec4 9;
    %flag_get/vec4 9;
    %jmp/0 T_0.6, 9;
    %load/vec4 v00000162c3f1b7f0_0;
    %nor/r;
    %and;
T_0.6;
    %flag_set/vec4 8;
    %jmp/0xz  T_0.4, 8;
    %load/vec4 v00000162c3f1b6b0_0;
    %load/vec4 v00000162c3f1e7e0_0;
    %pad/u 12;
    %ix/vec4 4;
    %store/vec4a v00000162c3f1b750, 4, 0;
T_0.4 ;
T_0.1 ;
    %jmp T_0;
    .thread T_0, $push;
# The file index is used to find the file name in the following table.
:file_names 3;
    "N/A";
    "<interactive>";
    "ram2.v";
