#! /c/Source/iverilog-install/bin/vvp
:ivl_version "12.0 (devel)" "(s20150603-1539-g2693dd32b)";
:ivl_delay_selection "TYPICAL";
:vpi_time_precision + 0;
:vpi_module "C:\iverilog\lib\ivl\system.vpi";
:vpi_module "C:\iverilog\lib\ivl\vhdl_sys.vpi";
:vpi_module "C:\iverilog\lib\ivl\vhdl_textio.vpi";
:vpi_module "C:\iverilog\lib\ivl\v2005_math.vpi";
:vpi_module "C:\iverilog\lib\ivl\va_math.vpi";
S_0000021155012b30 .scope module, "ram_3" "ram_3" 2 16;
 .timescale 0 0;
    .port_info 0 /OUTPUT 8 "data_out";
    .port_info 1 /INPUT 8 "data_in";
    .port_info 2 /INPUT 16 "addr";
    .port_info 3 /INPUT 1 "wr";
    .port_info 4 /INPUT 1 "cs";
    .port_info 5 /INPUT 1 "reset";
P_0000021155012cc0 .param/l "addr_size" 0 2 23, +C4<00000000000000000000000000010000>;
P_0000021155012cf8 .param/l "memory_size" 0 2 23, +C4<00000000000000000000010000000000>;
P_0000021155012d30 .param/l "word_size" 0 2 23, +C4<00000000000000000000000000001000>;
L_0000021155012f50 .functor BUFZ 8, L_00000211550425c0, C4<00000000>, C4<00000000>, C4<00000000>;
v0000021155012d70_0 .net *"_ivl_0", 7 0, L_00000211550425c0;  1 drivers
o0000021155046fd8 .functor BUFZ 16, C4<zzzzzzzzzzzzzzzz>; HiZ drive
v0000021155012e10_0 .net "addr", 15 0, o0000021155046fd8;  0 drivers
o0000021155047008 .functor BUFZ 1, C4<z>; HiZ drive
v0000021155012eb0_0 .net "cs", 0 0, o0000021155047008;  0 drivers
o0000021155047038 .functor BUFZ 8, C4<zzzzzzzz>; HiZ drive
v000002115513bcd0_0 .net "data_in", 7 0, o0000021155047038;  0 drivers
v000002115513bd70_0 .net "data_out", 7 0, L_0000021155012f50;  1 drivers
v000002115513be10_0 .var/i "k", 31 0;
v000002115513beb0 .array "mem", 0 15, 7 0;
o00000211550470c8 .functor BUFZ 1, C4<z>; HiZ drive
v0000021155042480_0 .net "reset", 0 0, o00000211550470c8;  0 drivers
o00000211550470f8 .functor BUFZ 1, C4<z>; HiZ drive
v0000021155042520_0 .net "wr", 0 0, o00000211550470f8;  0 drivers
E_0000021155046670 .event anyedge, v0000021155012eb0_0, v0000021155042520_0;
L_00000211550425c0 .array/port v000002115513beb0, o0000021155046fd8;
    .scope S_0000021155012b30;
T_0 ;
    %wait E_0000021155046670;
    %load/vec4 v0000021155042480_0;
    %flag_set/vec4 8;
    %jmp/0xz  T_0.0, 8;
    %pushi/vec4 0, 0, 32;
    %store/vec4 v000002115513be10_0, 0, 32;
T_0.2 ;
    %load/vec4 v000002115513be10_0;
    %cmpi/s 65536, 0, 32;
    %jmp/0xz T_0.3, 5;
    %pushi/vec4 0, 0, 8;
    %ix/getv/s 3, v000002115513be10_0;
    %ix/load 4, 0, 0; Constant delay
    %assign/vec4/a/d v000002115513beb0, 0, 4;
    %load/vec4 v000002115513be10_0;
    %addi 1, 0, 32;
    %store/vec4 v000002115513be10_0, 0, 32;
    %jmp T_0.2;
T_0.3 ;
    %jmp T_0.1;
T_0.0 ;
    %load/vec4 v0000021155042520_0;
    %flag_set/vec4 8;
    %jmp/0xz  T_0.4, 8;
    %load/vec4 v000002115513bcd0_0;
    %ix/getv 4, v0000021155012e10_0;
    %store/vec4a v000002115513beb0, 4, 0;
T_0.4 ;
T_0.1 ;
    %jmp T_0;
    .thread T_0, $push;
# The file index is used to find the file name in the following table.
:file_names 3;
    "N/A";
    "<interactive>";
    "ram3.v";
