#! /c/Source/iverilog-install/bin/vvp
:ivl_version "12.0 (devel)" "(s20150603-1539-g2693dd32b)";
:ivl_delay_selection "TYPICAL";
:vpi_time_precision + 0;
:vpi_module "C:\iverilog\lib\ivl\system.vpi";
:vpi_module "C:\iverilog\lib\ivl\vhdl_sys.vpi";
:vpi_module "C:\iverilog\lib\ivl\vhdl_textio.vpi";
:vpi_module "C:\iverilog\lib\ivl\v2005_math.vpi";
:vpi_module "C:\iverilog\lib\ivl\va_math.vpi";
S_000002a0bb7c6d90 .scope module, "simple_counter" "simple_counter" 2 1;
 .timescale 0 0;
    .port_info 0 /INPUT 1 "clk";
    .port_info 1 /INPUT 1 "rst";
    .port_info 2 /OUTPUT 3 "count";
o000002a0bb7c6fd8 .functor BUFZ 1, C4<z>; HiZ drive
v000002a0bb7c6f20_0 .net "clk", 0 0, o000002a0bb7c6fd8;  0 drivers
v000002a0bb93ef30_0 .var "count", 2 0;
o000002a0bb7c7038 .functor BUFZ 1, C4<z>; HiZ drive
v000002a0bb792b20_0 .net "rst", 0 0, o000002a0bb7c7038;  0 drivers
E_000002a0bb7c4b60 .event negedge, v000002a0bb7c6f20_0;
    .scope S_000002a0bb7c6d90;
T_0 ;
    %pushi/vec4 0, 0, 3;
    %store/vec4 v000002a0bb93ef30_0, 0, 3;
    %end;
    .thread T_0;
    .scope S_000002a0bb7c6d90;
T_1 ;
    %wait E_000002a0bb7c4b60;
    %load/vec4 v000002a0bb792b20_0;
    %flag_set/vec4 8;
    %jmp/0xz  T_1.0, 8;
    %pushi/vec4 0, 0, 3;
    %store/vec4 v000002a0bb93ef30_0, 0, 3;
    %jmp T_1.1;
T_1.0 ;
    %load/vec4 v000002a0bb93ef30_0;
    %addi 1, 0, 3;
    %store/vec4 v000002a0bb93ef30_0, 0, 3;
T_1.1 ;
    %vpi_call 2 20 "$monitor", $time, " COUNT = %b", v000002a0bb93ef30_0 {0 0 0};
    %jmp T_1;
    .thread T_1;
# The file index is used to find the file name in the following table.
:file_names 3;
    "N/A";
    "<interactive>";
    "simple_counter.v";
