#! /c/Source/iverilog-install/bin/vvp
:ivl_version "12.0 (devel)" "(s20150603-1539-g2693dd32b)";
:ivl_delay_selection "TYPICAL";
:vpi_time_precision + 0;
:vpi_module "C:\iverilog\lib\ivl\system.vpi";
:vpi_module "C:\iverilog\lib\ivl\vhdl_sys.vpi";
:vpi_module "C:\iverilog\lib\ivl\vhdl_textio.vpi";
:vpi_module "C:\iverilog\lib\ivl\v2005_math.vpi";
:vpi_module "C:\iverilog\lib\ivl\va_math.vpi";
S_00000222bdcbbc30 .scope module, "simple_counter_tb" "simple_counter_tb" 2 2;
 .timescale 0 0;
v00000222bdcbb700_0 .var "clk", 0 0;
v00000222bdcbb7a0_0 .net "count", 2 0, v00000222bdcbbdc0_0;  1 drivers
v00000222bdbc2760_0 .var "rst", 0 0;
S_00000222bdcbb4d0 .scope module, "DUT" "simple_counter" 2 5, 3 1 0, S_00000222bdcbbc30;
 .timescale 0 0;
    .port_info 0 /INPUT 1 "clk";
    .port_info 1 /INPUT 1 "rst";
    .port_info 2 /OUTPUT 3 "count";
v00000222bdcbb1b0_0 .net "clk", 0 0, v00000222bdcbb700_0;  1 drivers
v00000222bdcbbdc0_0 .var "count", 2 0;
v00000222bdcbb660_0 .net "rst", 0 0, v00000222bdbc2760_0;  1 drivers
E_00000222bdcbc500 .event negedge, v00000222bdcbb1b0_0;
    .scope S_00000222bdcbb4d0;
T_0 ;
    %pushi/vec4 0, 0, 3;
    %store/vec4 v00000222bdcbbdc0_0, 0, 3;
    %end;
    .thread T_0;
    .scope S_00000222bdcbb4d0;
T_1 ;
    %wait E_00000222bdcbc500;
    %load/vec4 v00000222bdcbb660_0;
    %flag_set/vec4 8;
    %jmp/0xz  T_1.0, 8;
    %pushi/vec4 0, 0, 3;
    %store/vec4 v00000222bdcbbdc0_0, 0, 3;
    %jmp T_1.1;
T_1.0 ;
    %load/vec4 v00000222bdcbbdc0_0;
    %addi 1, 0, 3;
    %store/vec4 v00000222bdcbbdc0_0, 0, 3;
T_1.1 ;
    %vpi_call 3 20 "$monitor", $time, " COUNT = %b", v00000222bdcbbdc0_0 {0 0 0};
    %jmp T_1;
    .thread T_1;
    .scope S_00000222bdcbbc30;
T_2 ;
    %delay 5, 0;
    %load/vec4 v00000222bdcbb700_0;
    %inv;
    %store/vec4 v00000222bdcbb700_0, 0, 1;
    %jmp T_2;
    .thread T_2;
    .scope S_00000222bdcbbc30;
T_3 ;
    %vpi_call 2 12 "$dumpfile", "simple_counter.vcd" {0 0 0};
    %vpi_call 2 13 "$dumpvars", 32'sb00000000000000000000000000000000, S_00000222bdcbbc30 {0 0 0};
    %vpi_call 2 14 "$monitor", $time, " CLOCK=%b, RESET=%b, COUNT=%b", v00000222bdcbb700_0, v00000222bdbc2760_0, v00000222bdcbb7a0_0 {0 0 0};
    %pushi/vec4 1, 0, 1;
    %store/vec4 v00000222bdcbb700_0, 0, 1;
    %pushi/vec4 1, 0, 1;
    %store/vec4 v00000222bdbc2760_0, 0, 1;
    %delay 5, 0;
    %pushi/vec4 0, 0, 1;
    %store/vec4 v00000222bdcbb700_0, 0, 1;
    %pushi/vec4 0, 0, 1;
    %store/vec4 v00000222bdbc2760_0, 0, 1;
    %delay 150, 0;
    %vpi_call 2 23 "$finish" {0 0 0};
    %end;
    .thread T_3;
# The file index is used to find the file name in the following table.
:file_names 4;
    "N/A";
    "<interactive>";
    "simple_counter_tb.v";
    "./simple_counter.v";
