#! /c/Source/iverilog-install/bin/vvp
:ivl_version "12.0 (devel)" "(s20150603-1539-g2693dd32b)";
:ivl_delay_selection "TYPICAL";
:vpi_time_precision - 12;
:vpi_module "C:\iverilog\lib\ivl\system.vpi";
:vpi_module "C:\iverilog\lib\ivl\vhdl_sys.vpi";
:vpi_module "C:\iverilog\lib\ivl\vhdl_textio.vpi";
:vpi_module "C:\iverilog\lib\ivl\v2005_math.vpi";
:vpi_module "C:\iverilog\lib\ivl\va_math.vpi";
S_000001fa449eb7f0 .scope module, "sipo_tb" "sipo_tb" 2 5;
 .timescale -9 -12;
v000001fa44a02df0_0 .var "clk", 0 0;
v000001fa44a02e90_0 .var "din", 0 0;
v000001fa44a02f30_0 .net "dout", 7 0, L_000001fa449ebb10;  1 drivers
v000001fa44a338c0_0 .var "load", 0 0;
S_000001fa449eb980 .scope module, "uut" "sipo" 2 13, 3 3 0, S_000001fa449eb7f0;
 .timescale -9 -12;
    .port_info 0 /INPUT 1 "din";
    .port_info 1 /INPUT 1 "clk";
    .port_info 2 /INPUT 1 "load";
    .port_info 3 /OUTPUT 8 "dout";
L_000001fa449ebb10 .functor BUFZ 8, v000001fa44a02d50_0, C4<00000000>, C4<00000000>, C4<00000000>;
v000001fa449ebf10_0 .var "bit_index", 2 0;
v000001fa449ea740_0 .net "clk", 0 0, v000001fa44a02df0_0;  1 drivers
v000001fa44a02b70_0 .net "din", 0 0, v000001fa44a02e90_0;  1 drivers
v000001fa44a02c10_0 .net "dout", 7 0, L_000001fa449ebb10;  alias, 1 drivers
v000001fa44a02cb0_0 .net "load", 0 0, v000001fa44a338c0_0;  1 drivers
v000001fa44a02d50_0 .var "temp", 7 0;
E_000001fa44a25870 .event posedge, v000001fa449ea740_0;
    .scope S_000001fa449eb980;
T_0 ;
    %wait E_000001fa44a25870;
T_0.0 ;
    %load/vec4 v000001fa44a02cb0_0;
    %flag_set/vec4 8;
    %jmp/0xz T_0.1, 8;
    %load/vec4 v000001fa449ebf10_0;
    %cmpi/e 7, 0, 3;
    %jmp/0xz  T_0.2, 4;
    %pushi/vec4 0, 0, 3;
    %assign/vec4 v000001fa449ebf10_0, 0;
    %pushi/vec4 0, 0, 8;
    %assign/vec4 v000001fa44a02d50_0, 0;
    %jmp T_0.3;
T_0.2 ;
    %load/vec4 v000001fa449ebf10_0;
    %addi 1, 0, 3;
    %assign/vec4 v000001fa449ebf10_0, 0;
    %load/vec4 v000001fa44a02b70_0;
    %ix/load 5, 0, 0;
    %ix/getv 4, v000001fa449ebf10_0;
    %assign/vec4/off/d v000001fa44a02d50_0, 4, 5;
T_0.3 ;
    %jmp T_0.0;
T_0.1 ;
    %jmp T_0;
    .thread T_0;
    .scope S_000001fa449eb7f0;
T_1 ;
    %pushi/vec4 0, 0, 1;
    %assign/vec4 v000001fa44a02df0_0, 0;
    %pushi/vec4 0, 0, 1;
    %assign/vec4 v000001fa44a02e90_0, 0;
    %end;
    .thread T_1;
    .scope S_000001fa449eb7f0;
T_2 ;
    %pushi/vec4 0, 0, 1;
    %store/vec4 v000001fa44a338c0_0, 0, 1;
    %delay 2000, 0;
    %pushi/vec4 1, 0, 1;
    %store/vec4 v000001fa44a338c0_0, 0, 1;
    %end;
    .thread T_2;
    .scope S_000001fa449eb7f0;
T_3 ;
    %delay 1000, 0;
    %load/vec4 v000001fa44a02df0_0;
    %inv;
    %store/vec4 v000001fa44a02df0_0, 0, 1;
    %jmp T_3;
    .thread T_3;
    .scope S_000001fa449eb7f0;
T_4 ;
    %delay 5000, 0;
    %load/vec4 v000001fa44a02e90_0;
    %inv;
    %store/vec4 v000001fa44a02e90_0, 0, 1;
    %jmp T_4;
    .thread T_4;
    .scope S_000001fa449eb7f0;
T_5 ;
    %vpi_call 2 37 "$dumpfile", "sipo.vcd" {0 0 0};
    %vpi_call 2 38 "$dumpvars", 32'sb00000000000000000000000000000000, S_000001fa449eb7f0 {0 0 0};
    %vpi_call 2 39 "$monitor", "Data In = %b | Data Out = %b", v000001fa44a02e90_0, v000001fa44a02f30_0 {0 0 0};
    %delay 100000, 0;
    %vpi_call 2 40 "$finish" {0 0 0};
    %end;
    .thread T_5;
# The file index is used to find the file name in the following table.
:file_names 4;
    "N/A";
    "<interactive>";
    "sipo_tb.v";
    "./sipo.v";
