#! /c/Source/iverilog-install/bin/vvp
:ivl_version "12.0 (devel)" "(s20150603-1539-g2693dd32b)";
:ivl_delay_selection "TYPICAL";
:vpi_time_precision - 12;
:vpi_module "C:\iverilog\lib\ivl\system.vpi";
:vpi_module "C:\iverilog\lib\ivl\vhdl_sys.vpi";
:vpi_module "C:\iverilog\lib\ivl\vhdl_textio.vpi";
:vpi_module "C:\iverilog\lib\ivl\v2005_math.vpi";
:vpi_module "C:\iverilog\lib\ivl\va_math.vpi";
S_00000287b3a92ce0 .scope module, "sipo" "sipo" 2 3;
 .timescale -9 -12;
    .port_info 0 /INPUT 1 "din";
    .port_info 1 /INPUT 1 "clk";
    .port_info 2 /INPUT 1 "load";
    .port_info 3 /OUTPUT 8 "dout";
L_00000287b3a936c0 .functor BUFZ 8, v00000287b3c3edc0_0, C4<00000000>, C4<00000000>, C4<00000000>;
v00000287b3a92e70_0 .var "bit_index", 2 0;
o00000287b3ac7008 .functor BUFZ 1, C4<z>; HiZ drive
v00000287b3a92f10_0 .net "clk", 0 0, o00000287b3ac7008;  0 drivers
o00000287b3ac7038 .functor BUFZ 1, C4<z>; HiZ drive
v00000287b3a92fb0_0 .net "din", 0 0, o00000287b3ac7038;  0 drivers
v00000287b3a93050_0 .net "dout", 7 0, L_00000287b3a936c0;  1 drivers
o00000287b3ac7098 .functor BUFZ 1, C4<z>; HiZ drive
v00000287b3c3ed20_0 .net "load", 0 0, o00000287b3ac7098;  0 drivers
v00000287b3c3edc0_0 .var "temp", 7 0;
E_00000287b3c3cb90 .event posedge, v00000287b3a92f10_0;
    .scope S_00000287b3a92ce0;
T_0 ;
    %wait E_00000287b3c3cb90;
T_0.0 ;
    %load/vec4 v00000287b3c3ed20_0;
    %flag_set/vec4 8;
    %jmp/0xz T_0.1, 8;
    %load/vec4 v00000287b3a92e70_0;
    %cmpi/e 7, 0, 3;
    %jmp/0xz  T_0.2, 4;
    %pushi/vec4 0, 0, 3;
    %assign/vec4 v00000287b3a92e70_0, 0;
    %pushi/vec4 0, 0, 8;
    %assign/vec4 v00000287b3c3edc0_0, 0;
    %jmp T_0.3;
T_0.2 ;
    %load/vec4 v00000287b3a92e70_0;
    %addi 1, 0, 3;
    %assign/vec4 v00000287b3a92e70_0, 0;
    %load/vec4 v00000287b3a92fb0_0;
    %ix/load 5, 0, 0;
    %ix/getv 4, v00000287b3a92e70_0;
    %assign/vec4/off/d v00000287b3c3edc0_0, 4, 5;
T_0.3 ;
    %jmp T_0.0;
T_0.1 ;
    %jmp T_0;
    .thread T_0;
# The file index is used to find the file name in the following table.
:file_names 3;
    "N/A";
    "<interactive>";
    "sipo.v";
