#! /c/Source/iverilog-install/bin/vvp
:ivl_version "12.0 (devel)" "(s20150603-1539-g2693dd32b)";
:ivl_delay_selection "TYPICAL";
:vpi_time_precision - 11;
:vpi_module "C:\iverilog\lib\ivl\system.vpi";
:vpi_module "C:\iverilog\lib\ivl\vhdl_sys.vpi";
:vpi_module "C:\iverilog\lib\ivl\vhdl_textio.vpi";
:vpi_module "C:\iverilog\lib\ivl\v2005_math.vpi";
:vpi_module "C:\iverilog\lib\ivl\va_math.vpi";
S_0000025ba2f3f280 .scope module, "uart_tb" "uart_tb" 2 6;
 .timescale -9 -11;
P_0000025ba30dbf30 .param/l "c_BIT_PERIOD" 0 2 13, +C4<00000000000000000010000110011000>;
P_0000025ba30dbf68 .param/l "c_CLKS_PER_BIT" 0 2 12, +C4<00000000000000000000000001010111>;
P_0000025ba30dbfa0 .param/l "c_CLOCK_PERIOD_NS" 0 2 11, +C4<00000000000000000000000001100100>;
v0000025ba2fa2450_0 .var "r_Clock", 0 0;
v0000025ba2fa2a90_0 .var "r_Rx_Serial", 0 0;
v0000025ba2fa29f0_0 .var "r_Tx_Byte", 7 0;
v0000025ba2fa2630_0 .var "r_Tx_DV", 0 0;
v0000025ba2fa26d0_0 .net "w_Rx_Byte", 7 0, L_0000025ba2f41b70;  1 drivers
v0000025ba2fa2ef0_0 .net "w_Tx_Done", 0 0, L_0000025ba2f41da0;  1 drivers
E_0000025ba2f1c7d0 .event posedge, v0000025ba2fa2bd0_0;
S_0000025ba2f3f410 .scope module, "UART_RX_INST" "uart_rx" 2 49, 3 2 0, S_0000025ba2f3f280;
 .timescale -9 -11;
    .port_info 0 /INPUT 1 "i_Clock";
    .port_info 1 /INPUT 1 "i_Rx_Serial";
    .port_info 2 /OUTPUT 1 "o_Rx_DV";
    .port_info 3 /OUTPUT 8 "o_Rx_Byte";
P_0000025ba2f3f5a0 .param/l "CLKS_PER_BIT" 0 3 3, +C4<00000000000000000000000001010111>;
P_0000025ba2f3f5d8 .param/l "s_CLEANUP" 0 3 15, C4<100>;
P_0000025ba2f3f610 .param/l "s_IDLE" 0 3 11, C4<000>;
P_0000025ba2f3f648 .param/l "s_RX_DATA_BITS" 0 3 13, C4<010>;
P_0000025ba2f3f680 .param/l "s_RX_START_BIT" 0 3 12, C4<001>;
P_0000025ba2f3f6b8 .param/l "s_RX_STOP_BIT" 0 3 14, C4<011>;
L_0000025ba2f42580 .functor BUFZ 1, v0000025ba2ef2d70_0, C4<0>, C4<0>, C4<0>;
L_0000025ba2f41b70 .functor BUFZ 8, v0000025ba2ef2cd0_0, C4<00000000>, C4<00000000>, C4<00000000>;
v0000025ba2f230f0_0 .net "i_Clock", 0 0, v0000025ba2fa2450_0;  1 drivers
v0000025ba2f241a0_0 .net "i_Rx_Serial", 0 0, v0000025ba2fa2a90_0;  1 drivers
v0000025ba2ef3140_0 .net "o_Rx_Byte", 7 0, L_0000025ba2f41b70;  alias, 1 drivers
v0000025ba2ef3560_0 .net "o_Rx_DV", 0 0, L_0000025ba2f42580;  1 drivers
v0000025ba2ef2b90_0 .var "r_Bit_Index", 2 0;
v0000025ba2ef2c30_0 .var "r_Clock_Count", 7 0;
v0000025ba2ef2cd0_0 .var "r_Rx_Byte", 7 0;
v0000025ba2ef2d70_0 .var "r_Rx_DV", 0 0;
v0000025ba2ef2e10_0 .var "r_Rx_Data", 0 0;
v0000025ba2ef2eb0_0 .var "r_Rx_Data_R", 0 0;
v0000025ba2ef2f50_0 .var "r_SM_Main", 2 0;
E_0000025ba2f1cb90 .event posedge, v0000025ba2f230f0_0;
S_0000025ba2f47850 .scope module, "UART_TX_INST" "uart_tx" 2 56, 4 3 0, S_0000025ba2f3f280;
 .timescale -9 -11;
    .port_info 0 /INPUT 1 "i_Clock";
    .port_info 1 /INPUT 1 "i_Tx_DV";
    .port_info 2 /INPUT 8 "i_Tx_Byte";
    .port_info 3 /OUTPUT 1 "o_Tx_Active";
    .port_info 4 /OUTPUT 1 "o_Tx_Serial";
    .port_info 5 /OUTPUT 1 "o_Tx_Done";
P_0000025ba2f479e0 .param/l "CLKS_PER_BIT" 0 4 4, +C4<00000000000000000000000001010111>;
P_0000025ba2f47a18 .param/l "s_CLEANUP" 0 4 18, C4<100>;
P_0000025ba2f47a50 .param/l "s_IDLE" 0 4 14, C4<000>;
P_0000025ba2f47a88 .param/l "s_TX_DATA_BITS" 0 4 16, C4<010>;
P_0000025ba2f47ac0 .param/l "s_TX_START_BIT" 0 4 15, C4<001>;
P_0000025ba2f47af8 .param/l "s_TX_STOP_BIT" 0 4 17, C4<011>;
L_0000025ba2f423c0 .functor BUFZ 1, v0000025ba2fa2590_0, C4<0>, C4<0>, C4<0>;
L_0000025ba2f41da0 .functor BUFZ 1, v0000025ba2fa28b0_0, C4<0>, C4<0>, C4<0>;
v0000025ba2f47b40_0 .net "i_Clock", 0 0, v0000025ba2fa2450_0;  alias, 1 drivers
v0000025ba2f47be0_0 .net "i_Tx_Byte", 7 0, v0000025ba2fa29f0_0;  1 drivers
v0000025ba2f46ed0_0 .net "i_Tx_DV", 0 0, v0000025ba2fa2630_0;  1 drivers
v0000025ba2f46f70_0 .net "o_Tx_Active", 0 0, L_0000025ba2f423c0;  1 drivers
v0000025ba2fa2bd0_0 .net "o_Tx_Done", 0 0, L_0000025ba2f41da0;  alias, 1 drivers
v0000025ba2fa2950_0 .var "o_Tx_Serial", 0 0;
v0000025ba2fa2810_0 .var "r_Bit_Index", 2 0;
v0000025ba2fa2e50_0 .var "r_Clock_Count", 7 0;
v0000025ba2fa2c70_0 .var "r_SM_Main", 2 0;
v0000025ba2fa2590_0 .var "r_Tx_Active", 0 0;
v0000025ba2fa2130_0 .var "r_Tx_Data", 7 0;
v0000025ba2fa28b0_0 .var "r_Tx_Done", 0 0;
S_0000025ba2f47010 .scope task, "UART_WRITE_BYTE" "UART_WRITE_BYTE" 2 24, 2 24 0, S_0000025ba2f3f280;
 .timescale -9 -11;
v0000025ba2fa2b30_0 .var "i_Data", 7 0;
v0000025ba2fa2d10_0 .var/i "ii", 31 0;
TD_uart_tb.UART_WRITE_BYTE ;
    %pushi/vec4 0, 0, 1;
    %assign/vec4 v0000025ba2fa2a90_0, 0;
    %delay 860000, 0;
    %delay 100000, 0;
    %pushi/vec4 0, 0, 32;
    %store/vec4 v0000025ba2fa2d10_0, 0, 32;
T_0.0 ;
    %load/vec4 v0000025ba2fa2d10_0;
    %cmpi/s 8, 0, 32;
    %jmp/0xz T_0.1, 5;
    %load/vec4 v0000025ba2fa2b30_0;
    %load/vec4 v0000025ba2fa2d10_0;
    %part/s 1;
    %assign/vec4 v0000025ba2fa2a90_0, 0;
    %delay 860000, 0;
    %load/vec4 v0000025ba2fa2d10_0;
    %addi 1, 0, 32;
    %store/vec4 v0000025ba2fa2d10_0, 0, 32;
    %jmp T_0.0;
T_0.1 ;
    %pushi/vec4 1, 0, 1;
    %assign/vec4 v0000025ba2fa2a90_0, 0;
    %delay 860000, 0;
    %end;
    .scope S_0000025ba2f3f410;
T_1 ;
    %pushi/vec4 1, 0, 1;
    %store/vec4 v0000025ba2ef2eb0_0, 0, 1;
    %pushi/vec4 1, 0, 1;
    %store/vec4 v0000025ba2ef2e10_0, 0, 1;
    %pushi/vec4 0, 0, 8;
    %store/vec4 v0000025ba2ef2c30_0, 0, 8;
    %pushi/vec4 0, 0, 3;
    %store/vec4 v0000025ba2ef2b90_0, 0, 3;
    %pushi/vec4 0, 0, 8;
    %store/vec4 v0000025ba2ef2cd0_0, 0, 8;
    %pushi/vec4 0, 0, 1;
    %store/vec4 v0000025ba2ef2d70_0, 0, 1;
    %pushi/vec4 0, 0, 3;
    %store/vec4 v0000025ba2ef2f50_0, 0, 3;
    %end;
    .thread T_1;
    .scope S_0000025ba2f3f410;
T_2 ;
    %wait E_0000025ba2f1cb90;
    %load/vec4 v0000025ba2f241a0_0;
    %assign/vec4 v0000025ba2ef2eb0_0, 0;
    %load/vec4 v0000025ba2ef2eb0_0;
    %assign/vec4 v0000025ba2ef2e10_0, 0;
    %jmp T_2;
    .thread T_2;
    .scope S_0000025ba2f3f410;
T_3 ;
    %wait E_0000025ba2f1cb90;
    %load/vec4 v0000025ba2ef2f50_0;
    %dup/vec4;
    %pushi/vec4 0, 0, 3;
    %cmp/u;
    %jmp/1 T_3.0, 6;
    %dup/vec4;
    %pushi/vec4 1, 0, 3;
    %cmp/u;
    %jmp/1 T_3.1, 6;
    %dup/vec4;
    %pushi/vec4 2, 0, 3;
    %cmp/u;
    %jmp/1 T_3.2, 6;
    %dup/vec4;
    %pushi/vec4 3, 0, 3;
    %cmp/u;
    %jmp/1 T_3.3, 6;
    %dup/vec4;
    %pushi/vec4 4, 0, 3;
    %cmp/u;
    %jmp/1 T_3.4, 6;
    %pushi/vec4 0, 0, 3;
    %assign/vec4 v0000025ba2ef2f50_0, 0;
    %jmp T_3.6;
T_3.0 ;
    %pushi/vec4 0, 0, 1;
    %assign/vec4 v0000025ba2ef2d70_0, 0;
    %pushi/vec4 0, 0, 8;
    %assign/vec4 v0000025ba2ef2c30_0, 0;
    %pushi/vec4 0, 0, 3;
    %assign/vec4 v0000025ba2ef2b90_0, 0;
    %load/vec4 v0000025ba2ef2e10_0;
    %cmpi/e 0, 0, 1;
    %jmp/0xz  T_3.7, 4;
    %pushi/vec4 1, 0, 3;
    %assign/vec4 v0000025ba2ef2f50_0, 0;
    %jmp T_3.8;
T_3.7 ;
    %pushi/vec4 0, 0, 3;
    %assign/vec4 v0000025ba2ef2f50_0, 0;
T_3.8 ;
    %jmp T_3.6;
T_3.1 ;
    %load/vec4 v0000025ba2ef2c30_0;
    %pad/u 32;
    %cmpi/e 43, 0, 32;
    %jmp/0xz  T_3.9, 4;
    %load/vec4 v0000025ba2ef2e10_0;
    %cmpi/e 0, 0, 1;
    %jmp/0xz  T_3.11, 4;
    %pushi/vec4 0, 0, 8;
    %assign/vec4 v0000025ba2ef2c30_0, 0;
    %pushi/vec4 2, 0, 3;
    %assign/vec4 v0000025ba2ef2f50_0, 0;
    %jmp T_3.12;
T_3.11 ;
    %pushi/vec4 0, 0, 3;
    %assign/vec4 v0000025ba2ef2f50_0, 0;
T_3.12 ;
    %jmp T_3.10;
T_3.9 ;
    %load/vec4 v0000025ba2ef2c30_0;
    %addi 1, 0, 8;
    %assign/vec4 v0000025ba2ef2c30_0, 0;
    %pushi/vec4 1, 0, 3;
    %assign/vec4 v0000025ba2ef2f50_0, 0;
T_3.10 ;
    %jmp T_3.6;
T_3.2 ;
    %load/vec4 v0000025ba2ef2c30_0;
    %pad/u 32;
    %cmpi/u 86, 0, 32;
    %jmp/0xz  T_3.13, 5;
    %load/vec4 v0000025ba2ef2c30_0;
    %addi 1, 0, 8;
    %assign/vec4 v0000025ba2ef2c30_0, 0;
    %pushi/vec4 2, 0, 3;
    %assign/vec4 v0000025ba2ef2f50_0, 0;
    %jmp T_3.14;
T_3.13 ;
    %pushi/vec4 0, 0, 8;
    %assign/vec4 v0000025ba2ef2c30_0, 0;
    %load/vec4 v0000025ba2ef2e10_0;
    %ix/load 5, 0, 0;
    %ix/getv 4, v0000025ba2ef2b90_0;
    %assign/vec4/off/d v0000025ba2ef2cd0_0, 4, 5;
    %load/vec4 v0000025ba2ef2b90_0;
    %pad/u 32;
    %cmpi/u 7, 0, 32;
    %jmp/0xz  T_3.15, 5;
    %load/vec4 v0000025ba2ef2b90_0;
    %addi 1, 0, 3;
    %assign/vec4 v0000025ba2ef2b90_0, 0;
    %pushi/vec4 2, 0, 3;
    %assign/vec4 v0000025ba2ef2f50_0, 0;
    %jmp T_3.16;
T_3.15 ;
    %pushi/vec4 0, 0, 3;
    %assign/vec4 v0000025ba2ef2b90_0, 0;
    %pushi/vec4 3, 0, 3;
    %assign/vec4 v0000025ba2ef2f50_0, 0;
T_3.16 ;
T_3.14 ;
    %jmp T_3.6;
T_3.3 ;
    %load/vec4 v0000025ba2ef2c30_0;
    %pad/u 32;
    %cmpi/u 86, 0, 32;
    %jmp/0xz  T_3.17, 5;
    %load/vec4 v0000025ba2ef2c30_0;
    %addi 1, 0, 8;
    %assign/vec4 v0000025ba2ef2c30_0, 0;
    %pushi/vec4 3, 0, 3;
    %assign/vec4 v0000025ba2ef2f50_0, 0;
    %jmp T_3.18;
T_3.17 ;
    %pushi/vec4 1, 0, 1;
    %assign/vec4 v0000025ba2ef2d70_0, 0;
    %pushi/vec4 0, 0, 8;
    %assign/vec4 v0000025ba2ef2c30_0, 0;
    %pushi/vec4 4, 0, 3;
    %assign/vec4 v0000025ba2ef2f50_0, 0;
T_3.18 ;
    %jmp T_3.6;
T_3.4 ;
    %pushi/vec4 0, 0, 3;
    %assign/vec4 v0000025ba2ef2f50_0, 0;
    %pushi/vec4 0, 0, 1;
    %assign/vec4 v0000025ba2ef2d70_0, 0;
    %jmp T_3.6;
T_3.6 ;
    %pop/vec4 1;
    %jmp T_3;
    .thread T_3;
    .scope S_0000025ba2f47850;
T_4 ;
    %pushi/vec4 0, 0, 3;
    %store/vec4 v0000025ba2fa2c70_0, 0, 3;
    %pushi/vec4 0, 0, 8;
    %store/vec4 v0000025ba2fa2e50_0, 0, 8;
    %pushi/vec4 0, 0, 3;
    %store/vec4 v0000025ba2fa2810_0, 0, 3;
    %pushi/vec4 0, 0, 8;
    %store/vec4 v0000025ba2fa2130_0, 0, 8;
    %pushi/vec4 0, 0, 1;
    %store/vec4 v0000025ba2fa28b0_0, 0, 1;
    %pushi/vec4 0, 0, 1;
    %store/vec4 v0000025ba2fa2590_0, 0, 1;
    %end;
    .thread T_4;
    .scope S_0000025ba2f47850;
T_5 ;
    %wait E_0000025ba2f1cb90;
    %load/vec4 v0000025ba2fa2c70_0;
    %dup/vec4;
    %pushi/vec4 0, 0, 3;
    %cmp/u;
    %jmp/1 T_5.0, 6;
    %dup/vec4;
    %pushi/vec4 1, 0, 3;
    %cmp/u;
    %jmp/1 T_5.1, 6;
    %dup/vec4;
    %pushi/vec4 2, 0, 3;
    %cmp/u;
    %jmp/1 T_5.2, 6;
    %dup/vec4;
    %pushi/vec4 3, 0, 3;
    %cmp/u;
    %jmp/1 T_5.3, 6;
    %dup/vec4;
    %pushi/vec4 4, 0, 3;
    %cmp/u;
    %jmp/1 T_5.4, 6;
    %pushi/vec4 0, 0, 3;
    %assign/vec4 v0000025ba2fa2c70_0, 0;
    %jmp T_5.6;
T_5.0 ;
    %pushi/vec4 1, 0, 1;
    %assign/vec4 v0000025ba2fa2950_0, 0;
    %pushi/vec4 0, 0, 1;
    %assign/vec4 v0000025ba2fa28b0_0, 0;
    %pushi/vec4 0, 0, 8;
    %assign/vec4 v0000025ba2fa2e50_0, 0;
    %pushi/vec4 0, 0, 3;
    %assign/vec4 v0000025ba2fa2810_0, 0;
    %load/vec4 v0000025ba2f46ed0_0;
    %cmpi/e 1, 0, 1;
    %jmp/0xz  T_5.7, 4;
    %pushi/vec4 1, 0, 1;
    %assign/vec4 v0000025ba2fa2590_0, 0;
    %load/vec4 v0000025ba2f47be0_0;
    %assign/vec4 v0000025ba2fa2130_0, 0;
    %pushi/vec4 1, 0, 3;
    %assign/vec4 v0000025ba2fa2c70_0, 0;
    %jmp T_5.8;
T_5.7 ;
    %pushi/vec4 0, 0, 3;
    %assign/vec4 v0000025ba2fa2c70_0, 0;
T_5.8 ;
    %jmp T_5.6;
T_5.1 ;
    %pushi/vec4 0, 0, 1;
    %assign/vec4 v0000025ba2fa2950_0, 0;
    %load/vec4 v0000025ba2fa2e50_0;
    %pad/u 32;
    %cmpi/u 86, 0, 32;
    %jmp/0xz  T_5.9, 5;
    %load/vec4 v0000025ba2fa2e50_0;
    %addi 1, 0, 8;
    %assign/vec4 v0000025ba2fa2e50_0, 0;
    %pushi/vec4 1, 0, 3;
    %assign/vec4 v0000025ba2fa2c70_0, 0;
    %jmp T_5.10;
T_5.9 ;
    %pushi/vec4 0, 0, 8;
    %assign/vec4 v0000025ba2fa2e50_0, 0;
    %pushi/vec4 2, 0, 3;
    %assign/vec4 v0000025ba2fa2c70_0, 0;
T_5.10 ;
    %jmp T_5.6;
T_5.2 ;
    %load/vec4 v0000025ba2fa2130_0;
    %load/vec4 v0000025ba2fa2810_0;
    %part/u 1;
    %assign/vec4 v0000025ba2fa2950_0, 0;
    %load/vec4 v0000025ba2fa2e50_0;
    %pad/u 32;
    %cmpi/u 86, 0, 32;
    %jmp/0xz  T_5.11, 5;
    %load/vec4 v0000025ba2fa2e50_0;
    %addi 1, 0, 8;
    %assign/vec4 v0000025ba2fa2e50_0, 0;
    %pushi/vec4 2, 0, 3;
    %assign/vec4 v0000025ba2fa2c70_0, 0;
    %jmp T_5.12;
T_5.11 ;
    %pushi/vec4 0, 0, 8;
    %assign/vec4 v0000025ba2fa2e50_0, 0;
    %load/vec4 v0000025ba2fa2810_0;
    %pad/u 32;
    %cmpi/u 7, 0, 32;
    %jmp/0xz  T_5.13, 5;
    %load/vec4 v0000025ba2fa2810_0;
    %addi 1, 0, 3;
    %assign/vec4 v0000025ba2fa2810_0, 0;
    %pushi/vec4 2, 0, 3;
    %assign/vec4 v0000025ba2fa2c70_0, 0;
    %jmp T_5.14;
T_5.13 ;
    %pushi/vec4 0, 0, 3;
    %assign/vec4 v0000025ba2fa2810_0, 0;
    %pushi/vec4 3, 0, 3;
    %assign/vec4 v0000025ba2fa2c70_0, 0;
T_5.14 ;
T_5.12 ;
    %jmp T_5.6;
T_5.3 ;
    %pushi/vec4 1, 0, 1;
    %assign/vec4 v0000025ba2fa2950_0, 0;
    %load/vec4 v0000025ba2fa2e50_0;
    %pad/u 32;
    %cmpi/u 86, 0, 32;
    %jmp/0xz  T_5.15, 5;
    %load/vec4 v0000025ba2fa2e50_0;
    %addi 1, 0, 8;
    %assign/vec4 v0000025ba2fa2e50_0, 0;
    %pushi/vec4 3, 0, 3;
    %assign/vec4 v0000025ba2fa2c70_0, 0;
    %jmp T_5.16;
T_5.15 ;
    %pushi/vec4 1, 0, 1;
    %assign/vec4 v0000025ba2fa28b0_0, 0;
    %pushi/vec4 0, 0, 8;
    %assign/vec4 v0000025ba2fa2e50_0, 0;
    %pushi/vec4 4, 0, 3;
    %assign/vec4 v0000025ba2fa2c70_0, 0;
    %pushi/vec4 0, 0, 1;
    %assign/vec4 v0000025ba2fa2590_0, 0;
T_5.16 ;
    %jmp T_5.6;
T_5.4 ;
    %pushi/vec4 1, 0, 1;
    %assign/vec4 v0000025ba2fa28b0_0, 0;
    %pushi/vec4 0, 0, 3;
    %assign/vec4 v0000025ba2fa2c70_0, 0;
    %jmp T_5.6;
T_5.6 ;
    %pop/vec4 1;
    %jmp T_5;
    .thread T_5;
    .scope S_0000025ba2f3f280;
T_6 ;
    %pushi/vec4 0, 0, 1;
    %store/vec4 v0000025ba2fa2450_0, 0, 1;
    %pushi/vec4 0, 0, 1;
    %store/vec4 v0000025ba2fa2630_0, 0, 1;
    %pushi/vec4 0, 0, 8;
    %store/vec4 v0000025ba2fa29f0_0, 0, 8;
    %pushi/vec4 1, 0, 1;
    %store/vec4 v0000025ba2fa2a90_0, 0, 1;
    %end;
    .thread T_6;
    .scope S_0000025ba2f3f280;
T_7 ;
    %delay 5000, 0;
    %load/vec4 v0000025ba2fa2450_0;
    %nor/r;
    %assign/vec4 v0000025ba2fa2450_0, 0;
    %jmp T_7;
    .thread T_7;
    .scope S_0000025ba2f3f280;
T_8 ;
    %wait E_0000025ba2f1cb90;
    %wait E_0000025ba2f1cb90;
    %pushi/vec4 1, 0, 1;
    %assign/vec4 v0000025ba2fa2630_0, 0;
    %pushi/vec4 171, 0, 8;
    %assign/vec4 v0000025ba2fa29f0_0, 0;
    %wait E_0000025ba2f1cb90;
    %pushi/vec4 0, 0, 1;
    %assign/vec4 v0000025ba2fa2630_0, 0;
    %wait E_0000025ba2f1c7d0;
    %wait E_0000025ba2f1cb90;
    %pushi/vec4 63, 0, 8;
    %store/vec4 v0000025ba2fa2b30_0, 0, 8;
    %fork TD_uart_tb.UART_WRITE_BYTE, S_0000025ba2f47010;
    %join;
    %wait E_0000025ba2f1cb90;
    %load/vec4 v0000025ba2fa26d0_0;
    %cmpi/e 63, 0, 8;
    %jmp/0xz  T_8.0, 4;
    %vpi_call 2 90 "$display", "Test Passed - Correct Byte Received" {0 0 0};
    %jmp T_8.1;
T_8.0 ;
    %vpi_call 2 92 "$display", "Test Failed - Incorrect Byte Received" {0 0 0};
T_8.1 ;
    %end;
    .thread T_8;
# The file index is used to find the file name in the following table.
:file_names 5;
    "N/A";
    "<interactive>";
    "uart_tb.v";
    "./uart_reciever.v";
    "./uart_tx.v";
