#! /c/Source/iverilog-install/bin/vvp
:ivl_version "12.0 (devel)" "(s20150603-1539-g2693dd32b)";
:ivl_delay_selection "TYPICAL";
:vpi_time_precision - 11;
:vpi_module "C:\iverilog\lib\ivl\system.vpi";
:vpi_module "C:\iverilog\lib\ivl\vhdl_sys.vpi";
:vpi_module "C:\iverilog\lib\ivl\vhdl_textio.vpi";
:vpi_module "C:\iverilog\lib\ivl\v2005_math.vpi";
:vpi_module "C:\iverilog\lib\ivl\va_math.vpi";
S_000002bc7362bbc0 .scope module, "uart_tx" "uart_tx" 2 3;
 .timescale -9 -11;
    .port_info 0 /INPUT 1 "i_Clock";
    .port_info 1 /INPUT 1 "i_Tx_DV";
    .port_info 2 /INPUT 8 "i_Tx_Byte";
    .port_info 3 /OUTPUT 1 "o_Tx_Active";
    .port_info 4 /OUTPUT 1 "o_Tx_Serial";
    .port_info 5 /OUTPUT 1 "o_Tx_Done";
P_000002bc7362bd50 .param/l "CLKS_PER_BIT" 0 2 4, +C4<00000000000000000000000001010111>;
P_000002bc7362bd88 .param/l "s_CLEANUP" 0 2 18, C4<100>;
P_000002bc7362bdc0 .param/l "s_IDLE" 0 2 14, C4<000>;
P_000002bc7362bdf8 .param/l "s_TX_DATA_BITS" 0 2 16, C4<010>;
P_000002bc7362be30 .param/l "s_TX_START_BIT" 0 2 15, C4<001>;
P_000002bc7362be68 .param/l "s_TX_STOP_BIT" 0 2 17, C4<011>;
L_000002bc73667d50 .functor BUFZ 1, v000002bc73672b50_0, C4<0>, C4<0>, C4<0>;
L_000002bc73667ea0 .functor BUFZ 1, v000002bc73672c90_0, C4<0>, C4<0>, C4<0>;
o000002bc7367ffd8 .functor BUFZ 1, C4<z>; HiZ drive
v000002bc73643100_0 .net "i_Clock", 0 0, o000002bc7367ffd8;  0 drivers
o000002bc73680008 .functor BUFZ 8, C4<zzzzzzzz>; HiZ drive
v000002bc73642f50_0 .net "i_Tx_Byte", 7 0, o000002bc73680008;  0 drivers
o000002bc73680038 .functor BUFZ 1, C4<z>; HiZ drive
v000002bc73643520_0 .net "i_Tx_DV", 0 0, o000002bc73680038;  0 drivers
v000002bc7362beb0_0 .net "o_Tx_Active", 0 0, L_000002bc73667d50;  1 drivers
v000002bc73629550_0 .net "o_Tx_Done", 0 0, L_000002bc73667ea0;  1 drivers
v000002bc736728d0_0 .var "o_Tx_Serial", 0 0;
v000002bc73672970_0 .var "r_Bit_Index", 2 0;
v000002bc73672a10_0 .var "r_Clock_Count", 7 0;
v000002bc73672ab0_0 .var "r_SM_Main", 2 0;
v000002bc73672b50_0 .var "r_Tx_Active", 0 0;
v000002bc73672bf0_0 .var "r_Tx_Data", 7 0;
v000002bc73672c90_0 .var "r_Tx_Done", 0 0;
E_000002bc73667770 .event posedge, v000002bc73643100_0;
    .scope S_000002bc7362bbc0;
T_0 ;
    %pushi/vec4 0, 0, 3;
    %store/vec4 v000002bc73672ab0_0, 0, 3;
    %pushi/vec4 0, 0, 8;
    %store/vec4 v000002bc73672a10_0, 0, 8;
    %pushi/vec4 0, 0, 3;
    %store/vec4 v000002bc73672970_0, 0, 3;
    %pushi/vec4 0, 0, 8;
    %store/vec4 v000002bc73672bf0_0, 0, 8;
    %pushi/vec4 0, 0, 1;
    %store/vec4 v000002bc73672c90_0, 0, 1;
    %pushi/vec4 0, 0, 1;
    %store/vec4 v000002bc73672b50_0, 0, 1;
    %end;
    .thread T_0;
    .scope S_000002bc7362bbc0;
T_1 ;
    %wait E_000002bc73667770;
    %load/vec4 v000002bc73672ab0_0;
    %dup/vec4;
    %pushi/vec4 0, 0, 3;
    %cmp/u;
    %jmp/1 T_1.0, 6;
    %dup/vec4;
    %pushi/vec4 1, 0, 3;
    %cmp/u;
    %jmp/1 T_1.1, 6;
    %dup/vec4;
    %pushi/vec4 2, 0, 3;
    %cmp/u;
    %jmp/1 T_1.2, 6;
    %dup/vec4;
    %pushi/vec4 3, 0, 3;
    %cmp/u;
    %jmp/1 T_1.3, 6;
    %dup/vec4;
    %pushi/vec4 4, 0, 3;
    %cmp/u;
    %jmp/1 T_1.4, 6;
    %pushi/vec4 0, 0, 3;
    %assign/vec4 v000002bc73672ab0_0, 0;
    %jmp T_1.6;
T_1.0 ;
    %pushi/vec4 1, 0, 1;
    %assign/vec4 v000002bc736728d0_0, 0;
    %pushi/vec4 0, 0, 1;
    %assign/vec4 v000002bc73672c90_0, 0;
    %pushi/vec4 0, 0, 8;
    %assign/vec4 v000002bc73672a10_0, 0;
    %pushi/vec4 0, 0, 3;
    %assign/vec4 v000002bc73672970_0, 0;
    %load/vec4 v000002bc73643520_0;
    %cmpi/e 1, 0, 1;
    %jmp/0xz  T_1.7, 4;
    %pushi/vec4 1, 0, 1;
    %assign/vec4 v000002bc73672b50_0, 0;
    %load/vec4 v000002bc73642f50_0;
    %assign/vec4 v000002bc73672bf0_0, 0;
    %pushi/vec4 1, 0, 3;
    %assign/vec4 v000002bc73672ab0_0, 0;
    %jmp T_1.8;
T_1.7 ;
    %pushi/vec4 0, 0, 3;
    %assign/vec4 v000002bc73672ab0_0, 0;
T_1.8 ;
    %jmp T_1.6;
T_1.1 ;
    %pushi/vec4 0, 0, 1;
    %assign/vec4 v000002bc736728d0_0, 0;
    %load/vec4 v000002bc73672a10_0;
    %pad/u 32;
    %cmpi/u 86, 0, 32;
    %jmp/0xz  T_1.9, 5;
    %load/vec4 v000002bc73672a10_0;
    %addi 1, 0, 8;
    %assign/vec4 v000002bc73672a10_0, 0;
    %pushi/vec4 1, 0, 3;
    %assign/vec4 v000002bc73672ab0_0, 0;
    %jmp T_1.10;
T_1.9 ;
    %pushi/vec4 0, 0, 8;
    %assign/vec4 v000002bc73672a10_0, 0;
    %pushi/vec4 2, 0, 3;
    %assign/vec4 v000002bc73672ab0_0, 0;
T_1.10 ;
    %jmp T_1.6;
T_1.2 ;
    %load/vec4 v000002bc73672bf0_0;
    %load/vec4 v000002bc73672970_0;
    %part/u 1;
    %assign/vec4 v000002bc736728d0_0, 0;
    %load/vec4 v000002bc73672a10_0;
    %pad/u 32;
    %cmpi/u 86, 0, 32;
    %jmp/0xz  T_1.11, 5;
    %load/vec4 v000002bc73672a10_0;
    %addi 1, 0, 8;
    %assign/vec4 v000002bc73672a10_0, 0;
    %pushi/vec4 2, 0, 3;
    %assign/vec4 v000002bc73672ab0_0, 0;
    %jmp T_1.12;
T_1.11 ;
    %pushi/vec4 0, 0, 8;
    %assign/vec4 v000002bc73672a10_0, 0;
    %load/vec4 v000002bc73672970_0;
    %pad/u 32;
    %cmpi/u 7, 0, 32;
    %jmp/0xz  T_1.13, 5;
    %load/vec4 v000002bc73672970_0;
    %addi 1, 0, 3;
    %assign/vec4 v000002bc73672970_0, 0;
    %pushi/vec4 2, 0, 3;
    %assign/vec4 v000002bc73672ab0_0, 0;
    %jmp T_1.14;
T_1.13 ;
    %pushi/vec4 0, 0, 3;
    %assign/vec4 v000002bc73672970_0, 0;
    %pushi/vec4 3, 0, 3;
    %assign/vec4 v000002bc73672ab0_0, 0;
T_1.14 ;
T_1.12 ;
    %jmp T_1.6;
T_1.3 ;
    %pushi/vec4 1, 0, 1;
    %assign/vec4 v000002bc736728d0_0, 0;
    %load/vec4 v000002bc73672a10_0;
    %pad/u 32;
    %cmpi/u 86, 0, 32;
    %jmp/0xz  T_1.15, 5;
    %load/vec4 v000002bc73672a10_0;
    %addi 1, 0, 8;
    %assign/vec4 v000002bc73672a10_0, 0;
    %pushi/vec4 3, 0, 3;
    %assign/vec4 v000002bc73672ab0_0, 0;
    %jmp T_1.16;
T_1.15 ;
    %pushi/vec4 1, 0, 1;
    %assign/vec4 v000002bc73672c90_0, 0;
    %pushi/vec4 0, 0, 8;
    %assign/vec4 v000002bc73672a10_0, 0;
    %pushi/vec4 4, 0, 3;
    %assign/vec4 v000002bc73672ab0_0, 0;
    %pushi/vec4 0, 0, 1;
    %assign/vec4 v000002bc73672b50_0, 0;
T_1.16 ;
    %jmp T_1.6;
T_1.4 ;
    %pushi/vec4 1, 0, 1;
    %assign/vec4 v000002bc73672c90_0, 0;
    %pushi/vec4 0, 0, 3;
    %assign/vec4 v000002bc73672ab0_0, 0;
    %jmp T_1.6;
T_1.6 ;
    %pop/vec4 1;
    %jmp T_1;
    .thread T_1;
# The file index is used to find the file name in the following table.
:file_names 3;
    "N/A";
    "<interactive>";
    "uart_tx.v";
