#! /c/Source/iverilog-install/bin/vvp
:ivl_version "12.0 (devel)" "(s20150603-1539-g2693dd32b)";
:ivl_delay_selection "TYPICAL";
:vpi_time_precision - 12;
:vpi_module "C:\iverilog\lib\ivl\system.vpi";
:vpi_module "C:\iverilog\lib\ivl\vhdl_sys.vpi";
:vpi_module "C:\iverilog\lib\ivl\vhdl_textio.vpi";
:vpi_module "C:\iverilog\lib\ivl\v2005_math.vpi";
:vpi_module "C:\iverilog\lib\ivl\va_math.vpi";
S_0000023fb87fb3e0 .scope module, "uart_tx_tb" "uart_tx_tb" 2 4;
 .timescale -9 -12;
v0000023fb87fd7d0_0 .var "clk", 0 0;
v0000023fb87fd870_0 .var "din", 7 0;
v0000023fb87fd910_0 .net "dout", 0 0, L_0000023fb8a662b0;  1 drivers
v0000023fb8a42d20_0 .var "load_done", 0 0;
S_0000023fb87fbb00 .scope module, "uut" "uart_tx" 2 12, 3 3 0, S_0000023fb87fb3e0;
 .timescale -9 -12;
    .port_info 0 /INPUT 8 "din";
    .port_info 1 /INPUT 1 "clk";
    .port_info 2 /INPUT 1 "load_done";
    .port_info 3 /OUTPUT 1 "dout";
L_0000023fb8a662b0 .functor BUFZ 1, v0000023fb87fd550_0, C4<0>, C4<0>, C4<0>;
v0000023fb87fa820_0 .net "clk", 0 0, v0000023fb87fd7d0_0;  1 drivers
v0000023fb87fbc90_0 .var "count", 3 0;
v0000023fb87fbd30_0 .var "data", 7 0;
v0000023fb87fd550_0 .var "data_out", 0 0;
v0000023fb87fd5f0_0 .net "din", 7 0, v0000023fb87fd870_0;  1 drivers
v0000023fb87fd690_0 .net "dout", 0 0, L_0000023fb8a662b0;  alias, 1 drivers
v0000023fb87fd730_0 .net "load_done", 0 0, v0000023fb8a42d20_0;  1 drivers
E_0000023fb87f9250 .event posedge, v0000023fb87fa820_0;
    .scope S_0000023fb87fbb00;
T_0 ;
    %wait E_0000023fb87f9250;
    %load/vec4 v0000023fb87fd5f0_0;
    %store/vec4 v0000023fb87fbd30_0, 0, 8;
    %jmp T_0;
    .thread T_0;
    .scope S_0000023fb87fbb00;
T_1 ;
    %wait E_0000023fb87f9250;
    %load/vec4 v0000023fb87fd730_0;
    %flag_set/vec4 8;
    %jmp/0xz  T_1.0, 8;
T_1.2 ;
    %load/vec4 v0000023fb87fbc90_0;
    %cmpi/u 8, 0, 4;
    %jmp/0xz T_1.3, 5;
    %load/vec4 v0000023fb87fbd30_0;
    %load/vec4 v0000023fb87fbc90_0;
    %part/u 1;
    %assign/vec4 v0000023fb87fd550_0, 0;
    %load/vec4 v0000023fb87fbc90_0;
    %addi 1, 0, 4;
    %assign/vec4 v0000023fb87fbc90_0, 0;
    %jmp T_1.2;
T_1.3 ;
    %jmp T_1.1;
T_1.0 ;
    %pushi/vec4 1, 0, 1;
    %assign/vec4 v0000023fb87fd550_0, 0;
    %pushi/vec4 0, 0, 4;
    %assign/vec4 v0000023fb87fbc90_0, 0;
T_1.1 ;
    %jmp T_1;
    .thread T_1;
    .scope S_0000023fb87fb3e0;
T_2 ;
    %pushi/vec4 0, 0, 1;
    %assign/vec4 v0000023fb87fd7d0_0, 0;
    %pushi/vec4 0, 0, 1;
    %assign/vec4 v0000023fb8a42d20_0, 0;
    %end;
    .thread T_2;
    .scope S_0000023fb87fb3e0;
T_3 ;
    %delay 1000, 0;
    %load/vec4 v0000023fb87fd7d0_0;
    %inv;
    %store/vec4 v0000023fb87fd7d0_0, 0, 1;
    %jmp T_3;
    .thread T_3;
    .scope S_0000023fb87fb3e0;
T_4 ;
    %pushi/vec4 0, 0, 8;
    %store/vec4 v0000023fb87fd870_0, 0, 8;
    %delay 5000, 0;
    %pushi/vec4 170, 0, 8;
    %store/vec4 v0000023fb87fd870_0, 0, 8;
    %pushi/vec4 1, 0, 1;
    %store/vec4 v0000023fb8a42d20_0, 0, 1;
    %end;
    .thread T_4;
    .scope S_0000023fb87fb3e0;
T_5 ;
    %vpi_call 2 34 "$dumpfile", "uart_tx.vcd" {0 0 0};
    %vpi_call 2 35 "$dumpvars", 32'sb00000000000000000000000000000000, S_0000023fb87fb3e0 {0 0 0};
    %vpi_call 2 36 "$monitor", $time, " Din = %b | Dout = %b | Input_register = %b | Output_register = %b | Count = %b | load_done = %b", v0000023fb87fd870_0, v0000023fb87fd910_0, v0000023fb87fbd30_0, v0000023fb87fd550_0, v0000023fb87fbc90_0, v0000023fb8a42d20_0 {0 0 0};
    %delay 100000, 0;
    %vpi_call 2 37 "$finish" {0 0 0};
    %end;
    .thread T_5;
# The file index is used to find the file name in the following table.
:file_names 4;
    "N/A";
    "<interactive>";
    "uart_tx_tb.v";
    "./uart_tx.v";
