#! /c/Source/iverilog-install/bin/vvp
:ivl_version "12.0 (devel)" "(s20150603-1539-g2693dd32b)";
:ivl_delay_selection "TYPICAL";
:vpi_time_precision - 11;
:vpi_module "C:\iverilog\lib\ivl\system.vpi";
:vpi_module "C:\iverilog\lib\ivl\vhdl_sys.vpi";
:vpi_module "C:\iverilog\lib\ivl\vhdl_textio.vpi";
:vpi_module "C:\iverilog\lib\ivl\v2005_math.vpi";
:vpi_module "C:\iverilog\lib\ivl\va_math.vpi";
S_0000020497cb9540 .scope module, "uart_rx" "uart_rx" 2 2;
 .timescale -9 -11;
    .port_info 0 /INPUT 1 "i_Clock";
    .port_info 1 /INPUT 1 "i_Rx_Serial";
    .port_info 2 /OUTPUT 1 "o_Rx_DV";
    .port_info 3 /OUTPUT 8 "o_Rx_Byte";
P_0000020497cd2b50 .param/l "CLKS_PER_BIT" 0 2 3, +C4<00000000000000000000000001010111>;
P_0000020497cd2b88 .param/l "s_CLEANUP" 0 2 15, C4<100>;
P_0000020497cd2bc0 .param/l "s_IDLE" 0 2 11, C4<000>;
P_0000020497cd2bf8 .param/l "s_RX_DATA_BITS" 0 2 13, C4<010>;
P_0000020497cd2c30 .param/l "s_RX_START_BIT" 0 2 12, C4<001>;
P_0000020497cd2c68 .param/l "s_RX_STOP_BIT" 0 2 14, C4<011>;
L_0000020497cf7a40 .functor BUFZ 1, v0000020497cd2d50_0, C4<0>, C4<0>, C4<0>;
L_0000020497cf7ab0 .functor BUFZ 8, v0000020497cd2cb0_0, C4<00000000>, C4<00000000>, C4<00000000>;
o0000020497d0ffb8 .functor BUFZ 1, C4<z>; HiZ drive
v0000020497cd3100_0 .net "i_Clock", 0 0, o0000020497d0ffb8;  0 drivers
o0000020497d0ffe8 .functor BUFZ 1, C4<z>; HiZ drive
v0000020497cd3320_0 .net "i_Rx_Serial", 0 0, o0000020497d0ffe8;  0 drivers
v0000020497cb96d0_0 .net "o_Rx_Byte", 7 0, L_0000020497cf7ab0;  1 drivers
v0000020497cbbdd0_0 .net "o_Rx_DV", 0 0, L_0000020497cf7a40;  1 drivers
v0000020497cbbe70_0 .var "r_Bit_Index", 2 0;
v0000020497cbbf10_0 .var "r_Clock_Count", 7 0;
v0000020497cd2cb0_0 .var "r_Rx_Byte", 7 0;
v0000020497cd2d50_0 .var "r_Rx_DV", 0 0;
v0000020497cd2df0_0 .var "r_Rx_Data", 0 0;
v0000020497cd2e90_0 .var "r_Rx_Data_R", 0 0;
v0000020497cd2f30_0 .var "r_SM_Main", 2 0;
E_0000020497d0e110 .event posedge, v0000020497cd3100_0;
    .scope S_0000020497cb9540;
T_0 ;
    %pushi/vec4 1, 0, 1;
    %store/vec4 v0000020497cd2e90_0, 0, 1;
    %pushi/vec4 1, 0, 1;
    %store/vec4 v0000020497cd2df0_0, 0, 1;
    %pushi/vec4 0, 0, 8;
    %store/vec4 v0000020497cbbf10_0, 0, 8;
    %pushi/vec4 0, 0, 3;
    %store/vec4 v0000020497cbbe70_0, 0, 3;
    %pushi/vec4 0, 0, 8;
    %store/vec4 v0000020497cd2cb0_0, 0, 8;
    %pushi/vec4 0, 0, 1;
    %store/vec4 v0000020497cd2d50_0, 0, 1;
    %pushi/vec4 0, 0, 3;
    %store/vec4 v0000020497cd2f30_0, 0, 3;
    %end;
    .thread T_0;
    .scope S_0000020497cb9540;
T_1 ;
    %wait E_0000020497d0e110;
    %load/vec4 v0000020497cd3320_0;
    %assign/vec4 v0000020497cd2e90_0, 0;
    %load/vec4 v0000020497cd2e90_0;
    %assign/vec4 v0000020497cd2df0_0, 0;
    %jmp T_1;
    .thread T_1;
    .scope S_0000020497cb9540;
T_2 ;
    %wait E_0000020497d0e110;
    %load/vec4 v0000020497cd2f30_0;
    %dup/vec4;
    %pushi/vec4 0, 0, 3;
    %cmp/u;
    %jmp/1 T_2.0, 6;
    %dup/vec4;
    %pushi/vec4 1, 0, 3;
    %cmp/u;
    %jmp/1 T_2.1, 6;
    %dup/vec4;
    %pushi/vec4 2, 0, 3;
    %cmp/u;
    %jmp/1 T_2.2, 6;
    %dup/vec4;
    %pushi/vec4 3, 0, 3;
    %cmp/u;
    %jmp/1 T_2.3, 6;
    %dup/vec4;
    %pushi/vec4 4, 0, 3;
    %cmp/u;
    %jmp/1 T_2.4, 6;
    %pushi/vec4 0, 0, 3;
    %assign/vec4 v0000020497cd2f30_0, 0;
    %jmp T_2.6;
T_2.0 ;
    %pushi/vec4 0, 0, 1;
    %assign/vec4 v0000020497cd2d50_0, 0;
    %pushi/vec4 0, 0, 8;
    %assign/vec4 v0000020497cbbf10_0, 0;
    %pushi/vec4 0, 0, 3;
    %assign/vec4 v0000020497cbbe70_0, 0;
    %load/vec4 v0000020497cd2df0_0;
    %cmpi/e 0, 0, 1;
    %jmp/0xz  T_2.7, 4;
    %pushi/vec4 1, 0, 3;
    %assign/vec4 v0000020497cd2f30_0, 0;
    %jmp T_2.8;
T_2.7 ;
    %pushi/vec4 0, 0, 3;
    %assign/vec4 v0000020497cd2f30_0, 0;
T_2.8 ;
    %jmp T_2.6;
T_2.1 ;
    %load/vec4 v0000020497cbbf10_0;
    %pad/u 32;
    %cmpi/e 43, 0, 32;
    %jmp/0xz  T_2.9, 4;
    %load/vec4 v0000020497cd2df0_0;
    %cmpi/e 0, 0, 1;
    %jmp/0xz  T_2.11, 4;
    %pushi/vec4 0, 0, 8;
    %assign/vec4 v0000020497cbbf10_0, 0;
    %pushi/vec4 2, 0, 3;
    %assign/vec4 v0000020497cd2f30_0, 0;
    %jmp T_2.12;
T_2.11 ;
    %pushi/vec4 0, 0, 3;
    %assign/vec4 v0000020497cd2f30_0, 0;
T_2.12 ;
    %jmp T_2.10;
T_2.9 ;
    %load/vec4 v0000020497cbbf10_0;
    %addi 1, 0, 8;
    %assign/vec4 v0000020497cbbf10_0, 0;
    %pushi/vec4 1, 0, 3;
    %assign/vec4 v0000020497cd2f30_0, 0;
T_2.10 ;
    %jmp T_2.6;
T_2.2 ;
    %load/vec4 v0000020497cbbf10_0;
    %pad/u 32;
    %cmpi/u 86, 0, 32;
    %jmp/0xz  T_2.13, 5;
    %load/vec4 v0000020497cbbf10_0;
    %addi 1, 0, 8;
    %assign/vec4 v0000020497cbbf10_0, 0;
    %pushi/vec4 2, 0, 3;
    %assign/vec4 v0000020497cd2f30_0, 0;
    %jmp T_2.14;
T_2.13 ;
    %pushi/vec4 0, 0, 8;
    %assign/vec4 v0000020497cbbf10_0, 0;
    %load/vec4 v0000020497cd2df0_0;
    %ix/load 5, 0, 0;
    %ix/getv 4, v0000020497cbbe70_0;
    %assign/vec4/off/d v0000020497cd2cb0_0, 4, 5;
    %load/vec4 v0000020497cbbe70_0;
    %pad/u 32;
    %cmpi/u 7, 0, 32;
    %jmp/0xz  T_2.15, 5;
    %load/vec4 v0000020497cbbe70_0;
    %addi 1, 0, 3;
    %assign/vec4 v0000020497cbbe70_0, 0;
    %pushi/vec4 2, 0, 3;
    %assign/vec4 v0000020497cd2f30_0, 0;
    %jmp T_2.16;
T_2.15 ;
    %pushi/vec4 0, 0, 3;
    %assign/vec4 v0000020497cbbe70_0, 0;
    %pushi/vec4 3, 0, 3;
    %assign/vec4 v0000020497cd2f30_0, 0;
T_2.16 ;
T_2.14 ;
    %jmp T_2.6;
T_2.3 ;
    %load/vec4 v0000020497cbbf10_0;
    %pad/u 32;
    %cmpi/u 86, 0, 32;
    %jmp/0xz  T_2.17, 5;
    %load/vec4 v0000020497cbbf10_0;
    %addi 1, 0, 8;
    %assign/vec4 v0000020497cbbf10_0, 0;
    %pushi/vec4 3, 0, 3;
    %assign/vec4 v0000020497cd2f30_0, 0;
    %jmp T_2.18;
T_2.17 ;
    %pushi/vec4 1, 0, 1;
    %assign/vec4 v0000020497cd2d50_0, 0;
    %pushi/vec4 0, 0, 8;
    %assign/vec4 v0000020497cbbf10_0, 0;
    %pushi/vec4 4, 0, 3;
    %assign/vec4 v0000020497cd2f30_0, 0;
T_2.18 ;
    %jmp T_2.6;
T_2.4 ;
    %pushi/vec4 0, 0, 3;
    %assign/vec4 v0000020497cd2f30_0, 0;
    %pushi/vec4 0, 0, 1;
    %assign/vec4 v0000020497cd2d50_0, 0;
    %jmp T_2.6;
T_2.6 ;
    %pop/vec4 1;
    %jmp T_2;
    .thread T_2;
# The file index is used to find the file name in the following table.
:file_names 3;
    "N/A";
    "<interactive>";
    "uart_reciever.v";
