#! /c/Source/iverilog-install/bin/vvp
:ivl_version "12.0 (devel)" "(s20150603-1539-g2693dd32b)";
:ivl_delay_selection "TYPICAL";
:vpi_time_precision + 0;
:vpi_module "C:\iverilog\lib\ivl\system.vpi";
:vpi_module "C:\iverilog\lib\ivl\vhdl_sys.vpi";
:vpi_module "C:\iverilog\lib\ivl\vhdl_textio.vpi";
:vpi_module "C:\iverilog\lib\ivl\v2005_math.vpi";
:vpi_module "C:\iverilog\lib\ivl\va_math.vpi";
S_00000296373d2880 .scope module, "usr" "usr" 2 2;
 .timescale 0 0;
    .port_info 0 /INPUT 4 "a";
    .port_info 1 /INPUT 2 "op";
    .port_info 2 /INPUT 1 "clk";
    .port_info 3 /OUTPUT 4 "out";
o0000029637406f98 .functor BUFZ 4, C4<zzzz>; HiZ drive
v000002963757a0f0_0 .net "a", 3 0, o0000029637406f98;  0 drivers
o0000029637406fc8 .functor BUFZ 1, C4<z>; HiZ drive
v00000296373d2a10_0 .net "clk", 0 0, o0000029637406fc8;  0 drivers
o0000029637406ff8 .functor BUFZ 2, C4<zz>; HiZ drive
v00000296373d2ab0_0 .net "op", 1 0, o0000029637406ff8;  0 drivers
v00000296373d2b50_0 .var "out", 3 0;
E_0000029637578b40 .event negedge, v00000296373d2a10_0;
    .scope S_00000296373d2880;
T_0 ;
    %wait E_0000029637578b40;
    %load/vec4 v00000296373d2ab0_0;
    %dup/vec4;
    %pushi/vec4 0, 0, 2;
    %cmp/u;
    %jmp/1 T_0.0, 6;
    %dup/vec4;
    %pushi/vec4 1, 0, 2;
    %cmp/u;
    %jmp/1 T_0.1, 6;
    %dup/vec4;
    %pushi/vec4 2, 0, 2;
    %cmp/u;
    %jmp/1 T_0.2, 6;
    %dup/vec4;
    %pushi/vec4 3, 0, 2;
    %cmp/u;
    %jmp/1 T_0.3, 6;
    %pushi/vec4 15, 15, 4;
    %assign/vec4 v00000296373d2b50_0, 0;
    %jmp T_0.5;
T_0.0 ;
    %load/vec4 v00000296373d2b50_0;
    %assign/vec4 v00000296373d2b50_0, 0;
    %jmp T_0.5;
T_0.1 ;
    %load/vec4 v00000296373d2b50_0;
    %ix/load 4, 1, 0;
    %flag_set/imm 4, 0;
    %shiftl 4;
    %assign/vec4 v00000296373d2b50_0, 0;
    %jmp T_0.5;
T_0.2 ;
    %load/vec4 v00000296373d2b50_0;
    %ix/load 4, 1, 0;
    %flag_set/imm 4, 0;
    %shiftr 4;
    %assign/vec4 v00000296373d2b50_0, 0;
    %jmp T_0.5;
T_0.3 ;
    %load/vec4 v000002963757a0f0_0;
    %assign/vec4 v00000296373d2b50_0, 0;
    %jmp T_0.5;
T_0.5 ;
    %pop/vec4 1;
    %jmp T_0;
    .thread T_0;
# The file index is used to find the file name in the following table.
:file_names 3;
    "N/A";
    "<interactive>";
    "Universal_Shift_Register.v";
