#! /c/Source/iverilog-install/bin/vvp
:ivl_version "12.0 (devel)" "(s20150603-1539-g2693dd32b)";
:ivl_delay_selection "TYPICAL";
:vpi_time_precision + 0;
:vpi_module "C:\iverilog\lib\ivl\system.vpi";
:vpi_module "C:\iverilog\lib\ivl\vhdl_sys.vpi";
:vpi_module "C:\iverilog\lib\ivl\vhdl_textio.vpi";
:vpi_module "C:\iverilog\lib\ivl\v2005_math.vpi";
:vpi_module "C:\iverilog\lib\ivl\va_math.vpi";
S_000001d6d84d2720 .scope module, "xorgate" "xorgate" 2 1;
 .timescale 0 0;
    .port_info 0 /INPUT 1 "a";
    .port_info 1 /INPUT 1 "b";
    .port_info 2 /OUTPUT 1 "out";
o000001d6d8506978 .functor BUFZ 1, C4<z>; HiZ drive
o000001d6d85069a8 .functor BUFZ 1, C4<z>; HiZ drive
L_000001d6d84d2ee0 .functor XOR 1, o000001d6d8506978, o000001d6d85069a8, C4<0>, C4<0>;
v000001d6d84d31a0_0 .net "a", 0 0, o000001d6d8506978;  0 drivers
v000001d6d862ef10_0 .net "b", 0 0, o000001d6d85069a8;  0 drivers
v000001d6d84d28b0_0 .net "out", 0 0, L_000001d6d84d2ee0;  1 drivers
# The file index is used to find the file name in the following table.
:file_names 3;
    "N/A";
    "<interactive>";
    "xor.v";
